TN:
SF:script/AVSContractsDeploy.s.sol
FN:91,EigenLayerDeploy.run
FNDA:0,EigenLayerDeploy.run
DA:93,0
DA:94,0
DA:97,0
DA:99,0
DA:103,0
DA:107,0
DA:111,0
DA:115,0
DA:119,0
DA:124,0
DA:130,0
DA:137,0
DA:143,0
DA:148,0
BRDA:148,0,0,-
BRDA:148,0,1,-
DA:154,0
DA:157,0
DA:161,0
DA:162,0
DA:163,0
DA:170,0
DA:171,0
DA:180,0
DA:189,0
DA:198,0
DA:207,0
DA:218,0
BRDA:218,1,0,-
BRDA:218,1,1,-
DA:219,0
DA:224,0
DA:228,0
DA:236,0
DA:239,0
DA:243,0
DA:248,0
DA:249,0
DA:255,0
DA:260,0
DA:270,0
DA:282,0
DA:292,0
DA:304,0
DA:318,0
DA:325,0
DA:341,0
DA:355,0
DA:356,0
DA:359,0
DA:362,0
DA:369,0
DA:376,0
DA:377,0
DA:378,0
DA:379,0
DA:382,0
DA:384,0
DA:385,0
DA:390,0
DA:395,0
DA:396,0
DA:401,0
DA:406,0
DA:411,0
DA:416,0
DA:421,0
DA:426,0
DA:431,0
DA:436,0
DA:441,0
DA:446,0
DA:451,0
DA:456,0
DA:461,0
DA:466,0
DA:472,0
DA:474,0
DA:480,0
DA:481,0
DA:482,0
DA:489,0
DA:494,0
DA:499,0
DA:504,0
FN:507,EigenLayerDeploy._verifyContractsPointAtOneAnother
FNDA:0,EigenLayerDeploy._verifyContractsPointAtOneAnother
DA:514,0
BRDA:514,2,0,-
BRDA:514,2,1,-
DA:518,0
BRDA:518,3,0,-
BRDA:518,3,1,-
DA:523,0
BRDA:523,4,0,-
BRDA:523,4,1,-
DA:527,0
BRDA:527,5,0,-
BRDA:527,5,1,-
DA:531,0
BRDA:531,6,0,-
BRDA:531,6,1,-
DA:536,0
BRDA:536,7,0,-
BRDA:536,7,1,-
DA:540,0
BRDA:540,8,0,-
BRDA:540,8,1,-
DA:545,0
BRDA:545,9,0,-
BRDA:545,9,1,-
DA:549,0
BRDA:549,10,0,-
BRDA:549,10,1,-
DA:553,0
BRDA:553,11,0,-
BRDA:553,11,1,-
DA:557,0
BRDA:557,12,0,-
BRDA:557,12,1,-
DA:562,0
BRDA:562,13,0,-
BRDA:562,13,1,-
FN:569,EigenLayerDeploy._verifyImplementationsSetCorrectly
FNDA:0,EigenLayerDeploy._verifyImplementationsSetCorrectly
DA:570,0
BRDA:570,14,0,-
BRDA:570,14,1,-
DA:576,0
BRDA:576,15,0,-
BRDA:576,15,1,-
DA:582,0
BRDA:582,16,0,-
BRDA:582,16,1,-
DA:588,0
BRDA:588,17,0,-
BRDA:588,17,1,-
DA:594,0
BRDA:594,18,0,-
BRDA:594,18,1,-
DA:603,0
BRDA:603,19,0,-
BRDA:603,19,1,-
DA:610,0
BRDA:610,20,0,-
BRDA:610,20,1,-
FN:616,EigenLayerDeploy._verifyInitialOwners
FNDA:0,EigenLayerDeploy._verifyInitialOwners
DA:617,0
BRDA:617,21,0,-
BRDA:617,21,1,-
DA:621,0
BRDA:621,22,0,-
BRDA:621,22,1,-
DA:625,0
BRDA:625,23,0,-
BRDA:625,23,1,-
DA:629,0
BRDA:629,24,0,-
BRDA:629,24,1,-
DA:634,0
BRDA:634,25,0,-
BRDA:634,25,1,-
DA:638,0
BRDA:638,26,0,-
BRDA:638,26,1,-
DA:642,0
BRDA:642,27,0,-
BRDA:642,27,1,-
FN:648,EigenLayerDeploy._checkPauserInitializations
FNDA:0,EigenLayerDeploy._checkPauserInitializations
DA:649,0
BRDA:649,28,0,-
BRDA:649,28,1,-
DA:653,0
BRDA:653,29,0,-
BRDA:653,29,1,-
DA:657,0
BRDA:657,30,0,-
BRDA:657,30,1,-
DA:661,0
BRDA:661,31,0,-
BRDA:661,31,1,-
DA:665,0
BRDA:665,32,0,-
BRDA:665,32,1,-
DA:670,0
BRDA:670,33,0,-
BRDA:670,33,1,-
DA:675,0
BRDA:675,34,0,-
BRDA:675,34,1,-
DA:680,0
BRDA:680,35,0,-
BRDA:680,35,1,-
DA:684,0
BRDA:684,36,0,-
BRDA:684,36,1,-
DA:699,0
BRDA:699,37,0,-
BRDA:699,37,1,-
DA:703,0
BRDA:703,38,0,-
BRDA:703,38,1,-
DA:707,0
BRDA:707,39,0,-
BRDA:707,39,1,-
DA:711,0
BRDA:711,40,0,-
BRDA:711,40,1,-
DA:715,0
BRDA:715,41,0,-
BRDA:715,41,1,-
FN:721,EigenLayerDeploy._verifyInitializationParams
FNDA:0,EigenLayerDeploy._verifyInitializationParams
DA:731,0
BRDA:731,42,0,-
BRDA:731,42,1,-
DA:736,0
BRDA:736,43,0,-
BRDA:736,43,1,-
DA:742,0
BRDA:742,44,0,-
BRDA:742,44,1,-
DA:747,0
BRDA:747,45,0,-
BRDA:747,45,1,-
DA:752,0
BRDA:752,46,0,-
BRDA:752,46,1,-
DA:756,0
BRDA:756,47,0,-
BRDA:756,47,1,-
DA:760,0
BRDA:760,48,0,-
BRDA:760,48,1,-
FNF:6
FNH:0
LF:128
LH:0
BRF:98
BRH:0
end_of_record
TN:
SF:script/BecomeOperator.s.sol
FN:8,BecomeOperator.run
FNDA:0,BecomeOperator.run
DA:9,0
DA:14,0
DA:15,0
DA:16,0
DA:17,0
FNF:1
FNH:0
LF:5
LH:0
BRF:0
BRH:0
end_of_record
TN:
SF:script/DepositAndDelegate.s.sol
FN:9,DepositAndDelegate.run
FNDA:0,DepositAndDelegate.run
DA:10,0
DA:12,0
DA:14,0
DA:18,0
DA:19,0
DA:20,0
DA:21,0
BRDA:21,0,0,-
BRDA:21,0,1,-
DA:22,0
DA:27,0
DA:28,0
DA:29,0
DA:30,0
DA:31,0
DA:32,0
DA:33,0
DA:34,0
FNF:1
FNH:0
LF:16
LH:0
BRF:2
BRH:0
end_of_record
TN:
SF:script/EigenLayerParser.sol
FN:34,EigenLayerParser.parseEigenLayerParams
FNDA:0,EigenLayerParser.parseEigenLayerParams
DA:35,0
DA:36,0
DA:37,0
DA:38,0
DA:40,0
DA:41,0
DA:42,0
DA:43,0
DA:44,0
DA:45,0
DA:46,0
FNF:1
FNH:0
LF:11
LH:0
BRF:0
BRH:0
end_of_record
TN:
SF:script/M1_Deploy.s.sol
FN:95,Deployer_M1.run
FNDA:0,Deployer_M1.run
DA:97,0
DA:98,0
DA:101,0
DA:104,0
DA:105,0
DA:106,0
DA:107,0
DA:108,0
DA:109,0
DA:111,0
DA:112,0
DA:114,0
DA:115,0
DA:116,0
DA:119,0
DA:121,0
DA:122,0
DA:123,0
DA:125,0
DA:126,0
DA:128,0
BRDA:128,0,0,-
BRDA:128,0,1,-
DA:129,0
BRDA:129,1,0,-
BRDA:129,1,1,-
DA:132,0
DA:135,0
DA:139,0
DA:140,0
DA:141,0
DA:142,0
DA:143,0
DA:150,0
DA:151,0
DA:154,0
DA:157,0
DA:160,0
DA:163,0
DA:168,0
BRDA:168,2,0,-
BRDA:168,2,1,-
DA:169,0
DA:172,0
DA:174,0
DA:182,0
DA:185,0
DA:186,0
DA:187,0
DA:188,0
DA:189,0
DA:192,0
DA:202,0
DA:214,0
DA:224,0
DA:236,0
DA:247,0
DA:249,0
DA:250,0
DA:261,0
DA:262,0
DA:265,0
DA:269,0
DA:276,0
DA:283,0
DA:284,0
DA:285,0
DA:286,0
DA:290,0
DA:292,0
DA:293,0
DA:294,0
DA:296,0
DA:301,0
DA:302,0
DA:303,0
DA:304,0
DA:305,0
DA:306,0
DA:307,0
DA:308,0
DA:309,0
DA:310,0
DA:311,0
DA:312,0
DA:313,0
DA:314,0
DA:315,0
DA:316,0
DA:317,0
DA:318,0
DA:320,0
DA:321,0
DA:322,0
DA:324,0
DA:325,0
DA:326,0
DA:329,0
DA:330,0
DA:331,0
DA:332,0
FN:335,Deployer_M1._verifyContractsPointAtOneAnother
FNDA:0,Deployer_M1._verifyContractsPointAtOneAnother
DA:342,0
BRDA:342,3,0,-
BRDA:342,3,1,-
DA:343,0
BRDA:343,4,0,-
BRDA:343,4,1,-
DA:345,0
BRDA:345,5,0,-
BRDA:345,5,1,-
DA:346,0
BRDA:346,6,0,-
BRDA:346,6,1,-
DA:347,0
BRDA:347,7,0,-
BRDA:347,7,1,-
DA:349,0
BRDA:349,8,0,-
BRDA:349,8,1,-
DA:350,0
BRDA:350,9,0,-
BRDA:350,9,1,-
DA:352,0
BRDA:352,10,0,-
BRDA:352,10,1,-
DA:353,0
BRDA:353,11,0,-
BRDA:353,11,1,-
DA:354,0
BRDA:354,12,0,-
BRDA:354,12,1,-
DA:355,0
BRDA:355,13,0,-
BRDA:355,13,1,-
DA:357,0
BRDA:357,14,0,-
BRDA:357,14,1,-
FN:361,Deployer_M1._verifyImplementationsSetCorrectly
FNDA:0,Deployer_M1._verifyImplementationsSetCorrectly
DA:362,0
BRDA:362,15,0,-
BRDA:362,15,1,-
DA:365,0
BRDA:365,16,0,-
BRDA:365,16,1,-
DA:368,0
BRDA:368,17,0,-
BRDA:368,17,1,-
DA:371,0
BRDA:371,18,0,-
BRDA:371,18,1,-
DA:374,0
BRDA:374,19,0,-
BRDA:374,19,1,-
DA:378,0
DA:379,0
BRDA:379,20,0,-
BRDA:379,20,1,-
DA:384,0
BRDA:384,21,0,-
BRDA:384,21,1,-
FN:388,Deployer_M1._verifyInitialOwners
FNDA:0,Deployer_M1._verifyInitialOwners
DA:389,0
BRDA:389,22,0,-
BRDA:389,22,1,-
DA:390,0
BRDA:390,23,0,-
BRDA:390,23,1,-
DA:391,0
BRDA:391,24,0,-
BRDA:391,24,1,-
DA:392,0
BRDA:392,25,0,-
BRDA:392,25,1,-
DA:394,0
BRDA:394,26,0,-
BRDA:394,26,1,-
DA:395,0
BRDA:395,27,0,-
BRDA:395,27,1,-
DA:396,0
BRDA:396,28,0,-
BRDA:396,28,1,-
FN:399,Deployer_M1._checkPauserInitializations
FNDA:0,Deployer_M1._checkPauserInitializations
DA:400,0
BRDA:400,29,0,-
BRDA:400,29,1,-
DA:401,0
BRDA:401,30,0,-
BRDA:401,30,1,-
DA:402,0
BRDA:402,31,0,-
BRDA:402,31,1,-
DA:403,0
BRDA:403,32,0,-
BRDA:403,32,1,-
DA:404,0
BRDA:404,33,0,-
BRDA:404,33,1,-
DA:406,0
BRDA:406,34,0,-
BRDA:406,34,1,-
DA:407,0
BRDA:407,35,0,-
BRDA:407,35,1,-
DA:408,0
BRDA:408,36,0,-
BRDA:408,36,1,-
DA:409,0
BRDA:409,37,0,-
BRDA:409,37,1,-
DA:411,0
DA:412,0
BRDA:412,38,0,-
BRDA:412,38,1,-
DA:413,0
BRDA:413,39,0,-
BRDA:413,39,1,-
DA:426,0
BRDA:426,40,0,-
BRDA:426,40,1,-
DA:427,0
BRDA:427,41,0,-
BRDA:427,41,1,-
DA:428,0
BRDA:428,42,0,-
BRDA:428,42,1,-
DA:429,0
BRDA:429,43,0,-
BRDA:429,43,1,-
DA:430,0
BRDA:430,44,0,-
BRDA:430,44,1,-
FN:433,Deployer_M1._verifyInitializationParams
FNDA:0,Deployer_M1._verifyInitializationParams
DA:443,0
BRDA:443,45,0,-
BRDA:443,45,1,-
DA:446,0
BRDA:446,46,0,-
BRDA:446,46,1,-
DA:449,0
BRDA:449,47,0,-
BRDA:449,47,1,-
DA:452,0
BRDA:452,48,0,-
BRDA:452,48,1,-
DA:455,0
BRDA:455,49,0,-
BRDA:455,49,1,-
DA:457,0
BRDA:457,50,0,-
BRDA:457,50,1,-
DA:459,0
BRDA:459,51,0,-
BRDA:459,51,1,-
DA:462,0
DA:463,0
DA:464,0
DA:465,0
DA:466,0
DA:467,0
BRDA:467,52,0,-
BRDA:467,52,1,-
DA:468,0
BRDA:468,53,0,-
BRDA:468,53,1,-
FNF:6
FNH:0
LF:153
LH:0
BRF:108
BRH:0
end_of_record
TN:
SF:script/M2_Deploy.s.sol
FN:22,Deployer_M2.run
FNDA:0,Deployer_M2.run
DA:24,0
DA:27,0
DA:28,0
DA:31,0
DA:34,0
DA:35,0
BRDA:35,0,0,-
BRDA:35,0,1,-
DA:37,0
DA:38,0
DA:39,0
DA:40,0
DA:42,0
BRDA:42,1,0,-
BRDA:42,1,1,-
DA:45,0
DA:47,0
DA:50,0
DA:53,0
BRDA:53,2,0,-
BRDA:53,2,1,-
DA:56,0
DA:58,0
DA:59,0
DA:61,0
DA:62,0
DA:63,0
DA:66,0
DA:67,0
DA:68,0
FNF:1
FNH:0
LF:24
LH:0
BRF:6
BRH:0
end_of_record
TN:
SF:script/middleware/DeployOpenEigenLayer.s.sol
FN:72,DeployOpenEigenLayer._deployEigenLayer
FNDA:0,DeployOpenEigenLayer._deployEigenLayer
DA:73,0
BRDA:73,0,0,-
BRDA:73,0,1,-
DA:74,0
BRDA:74,1,0,-
BRDA:74,1,1,-
DA:77,0
DA:81,0
DA:82,0
DA:83,0
DA:84,0
DA:85,0
DA:92,0
DA:93,0
DA:96,0
DA:99,0
DA:102,0
DA:105,0
DA:110,0
DA:120,0
DA:123,0
DA:124,0
DA:125,0
DA:126,0
DA:127,0
DA:130,0
DA:140,0
DA:152,0
DA:162,0
DA:174,0
DA:186,0
DA:188,0
DA:189,0
DA:200,0
DA:201,0
FNF:1
FNH:0
LF:31
LH:0
BRF:4
BRH:0
end_of_record
TN:
SF:script/misc/DeployGoerliStrategy.s.sol
FN:30,DeployStrategy.run
FNDA:0,DeployStrategy.run
DA:32,0
DA:33,0
DA:35,0
DA:37,0
DA:40,0
DA:48,0
DA:50,0
FNF:1
FNH:0
LF:7
LH:0
BRF:0
BRH:0
end_of_record
TN:
SF:script/misc/GoerliUpgrade1.s.sol
FN:40,GoerliUpgrade1.run
FNDA:0,GoerliUpgrade1.run
DA:42,0
DA:43,0
DA:45,0
DA:46,0
DA:47,0
DA:48,0
DA:50,0
DA:51,0
DA:53,0
DA:55,0
DA:63,0
DA:70,0
DA:80,0
DA:82,0
DA:83,0
DA:84,0
FNF:1
FNH:0
LF:16
LH:0
BRF:0
BRH:0
end_of_record
TN:
SF:script/testing/M2_Deploy_From_Scratch.s.sol
FN:95,Deployer_M1.run
FNDA:0,Deployer_M1.run
DA:97,0
DA:98,0
DA:101,0
DA:104,0
DA:105,0
DA:106,0
DA:107,0
DA:108,0
DA:109,0
DA:111,0
DA:112,0
DA:114,0
DA:115,0
DA:118,0
DA:120,0
DA:121,0
DA:122,0
DA:124,0
DA:125,0
DA:127,0
BRDA:127,0,0,-
BRDA:127,0,1,-
DA:128,0
BRDA:128,1,0,-
BRDA:128,1,1,-
DA:131,0
DA:134,0
DA:138,0
DA:139,0
DA:140,0
DA:141,0
DA:142,0
DA:149,0
DA:150,0
DA:153,0
DA:156,0
DA:159,0
DA:162,0
DA:167,0
BRDA:167,2,0,-
BRDA:167,2,1,-
DA:168,0
DA:171,0
DA:173,0
DA:181,0
DA:184,0
DA:185,0
DA:186,0
DA:187,0
DA:188,0
DA:191,0
DA:201,0
DA:213,0
DA:223,0
DA:235,0
DA:246,0
DA:248,0
DA:249,0
DA:260,0
DA:262,0
DA:263,0
DA:266,0
DA:270,0
DA:277,0
DA:284,0
DA:285,0
DA:286,0
DA:287,0
DA:291,0
DA:293,0
DA:294,0
DA:295,0
DA:297,0
DA:302,0
DA:303,0
DA:304,0
DA:305,0
DA:306,0
DA:307,0
DA:308,0
DA:309,0
DA:310,0
DA:311,0
DA:312,0
DA:313,0
DA:314,0
DA:315,0
DA:316,0
DA:317,0
DA:318,0
DA:319,0
DA:320,0
DA:322,0
DA:323,0
DA:324,0
DA:326,0
DA:327,0
DA:328,0
DA:331,0
DA:332,0
DA:333,0
DA:334,0
FN:337,Deployer_M1._verifyContractsPointAtOneAnother
FNDA:0,Deployer_M1._verifyContractsPointAtOneAnother
DA:344,0
BRDA:344,3,0,-
BRDA:344,3,1,-
DA:345,0
BRDA:345,4,0,-
BRDA:345,4,1,-
DA:347,0
BRDA:347,5,0,-
BRDA:347,5,1,-
DA:348,0
BRDA:348,6,0,-
BRDA:348,6,1,-
DA:349,0
BRDA:349,7,0,-
BRDA:349,7,1,-
DA:351,0
BRDA:351,8,0,-
BRDA:351,8,1,-
DA:352,0
BRDA:352,9,0,-
BRDA:352,9,1,-
DA:354,0
BRDA:354,10,0,-
BRDA:354,10,1,-
DA:355,0
BRDA:355,11,0,-
BRDA:355,11,1,-
DA:356,0
BRDA:356,12,0,-
BRDA:356,12,1,-
DA:357,0
BRDA:357,13,0,-
BRDA:357,13,1,-
DA:359,0
BRDA:359,14,0,-
BRDA:359,14,1,-
FN:363,Deployer_M1._verifyImplementationsSetCorrectly
FNDA:0,Deployer_M1._verifyImplementationsSetCorrectly
DA:364,0
BRDA:364,15,0,-
BRDA:364,15,1,-
DA:367,0
BRDA:367,16,0,-
BRDA:367,16,1,-
DA:370,0
BRDA:370,17,0,-
BRDA:370,17,1,-
DA:373,0
BRDA:373,18,0,-
BRDA:373,18,1,-
DA:376,0
BRDA:376,19,0,-
BRDA:376,19,1,-
DA:380,0
DA:381,0
BRDA:381,20,0,-
BRDA:381,20,1,-
DA:386,0
BRDA:386,21,0,-
BRDA:386,21,1,-
FN:390,Deployer_M1._verifyInitialOwners
FNDA:0,Deployer_M1._verifyInitialOwners
DA:391,0
BRDA:391,22,0,-
BRDA:391,22,1,-
DA:392,0
BRDA:392,23,0,-
BRDA:392,23,1,-
DA:393,0
BRDA:393,24,0,-
BRDA:393,24,1,-
DA:394,0
BRDA:394,25,0,-
BRDA:394,25,1,-
DA:396,0
BRDA:396,26,0,-
BRDA:396,26,1,-
DA:397,0
BRDA:397,27,0,-
BRDA:397,27,1,-
DA:398,0
BRDA:398,28,0,-
BRDA:398,28,1,-
FN:401,Deployer_M1._checkPauserInitializations
FNDA:0,Deployer_M1._checkPauserInitializations
DA:402,0
BRDA:402,29,0,-
BRDA:402,29,1,-
DA:403,0
BRDA:403,30,0,-
BRDA:403,30,1,-
DA:404,0
BRDA:404,31,0,-
BRDA:404,31,1,-
DA:405,0
BRDA:405,32,0,-
BRDA:405,32,1,-
DA:406,0
BRDA:406,33,0,-
BRDA:406,33,1,-
DA:408,0
BRDA:408,34,0,-
BRDA:408,34,1,-
DA:409,0
BRDA:409,35,0,-
BRDA:409,35,1,-
DA:410,0
BRDA:410,36,0,-
BRDA:410,36,1,-
DA:411,0
BRDA:411,37,0,-
BRDA:411,37,1,-
DA:413,0
DA:414,0
BRDA:414,38,0,-
BRDA:414,38,1,-
DA:415,0
BRDA:415,39,0,-
BRDA:415,39,1,-
FN:435,Deployer_M1._verifyInitializationParams
FNDA:0,Deployer_M1._verifyInitializationParams
DA:444,0
BRDA:444,40,0,-
BRDA:444,40,1,-
DA:447,0
BRDA:447,41,0,-
BRDA:447,41,1,-
DA:450,0
BRDA:450,42,0,-
BRDA:450,42,1,-
DA:453,0
BRDA:453,43,0,-
BRDA:453,43,1,-
DA:456,0
BRDA:456,44,0,-
BRDA:456,44,1,-
DA:459,0
BRDA:459,45,0,-
BRDA:459,45,1,-
DA:461,0
BRDA:461,46,0,-
BRDA:461,46,1,-
DA:463,0
BRDA:463,47,0,-
BRDA:463,47,1,-
DA:466,0
DA:467,0
DA:468,0
DA:469,0
DA:470,0
DA:471,0
BRDA:471,48,0,-
BRDA:471,48,1,-
DA:472,0
BRDA:472,49,0,-
BRDA:472,49,1,-
FNF:6
FNH:0
LF:150
LH:0
BRF:100
BRH:0
end_of_record
TN:
SF:script/utils/Allocator.sol
FN:8,Allocator.allocate
FNDA:0,Allocator.allocate
DA:9,0
DA:10,0
DA:11,0
FNF:1
FNH:0
LF:3
LH:0
BRF:0
BRH:0
end_of_record
TN:
SF:script/utils/ExistingDeploymentParser.sol
FN:52,ExistingDeploymentParser._parseDeployedContracts
FNDA:0,ExistingDeploymentParser._parseDeployedContracts
DA:54,0
DA:55,0
DA:58,0
DA:61,0
DA:62,0
BRDA:62,0,0,-
BRDA:62,0,1,-
DA:65,0
DA:66,0
DA:68,0
DA:69,0
DA:70,0
DA:71,0
DA:72,0
DA:73,0
DA:74,0
DA:75,0
DA:76,0
DA:77,0
DA:78,0
DA:79,0
DA:81,0
DA:82,0
DA:83,0
DA:84,0
FNF:1
FNH:0
LF:23
LH:0
BRF:2
BRH:0
end_of_record
TN:
SF:script/whitelist/ERC20PresetMinterPauser.sol
FN:53,ERC20PresetMinterPauser.mint
FNDA:0,ERC20PresetMinterPauser.mint
DA:54,0
BRDA:54,0,0,-
BRDA:54,0,1,-
DA:55,0
FN:67,ERC20PresetMinterPauser.pause
FNDA:0,ERC20PresetMinterPauser.pause
DA:68,0
BRDA:68,1,0,-
BRDA:68,1,1,-
FN:81,ERC20PresetMinterPauser.unpause
FNDA:0,ERC20PresetMinterPauser.unpause
DA:82,0
BRDA:82,2,0,-
BRDA:82,2,1,-
FN:85,ERC20PresetMinterPauser._beforeTokenTransfer
FNDA:0,ERC20PresetMinterPauser._beforeTokenTransfer
DA:90,0
FNF:4
FNH:0
LF:5
LH:0
BRF:6
BRH:0
end_of_record
TN:
SF:script/whitelist/Staker.sol
FN:28,Staker.callAddress
FNDA:0,Staker.callAddress
DA:29,0
DA:30,0
DA:46,0
FNF:1
FNH:0
LF:3
LH:0
BRF:0
BRH:0
end_of_record
TN:
SF:script/whitelist/Whitelister.sol
FN:49,Whitelister.whitelist
FNDA:0,Whitelister.whitelist
DA:51,0
DA:53,0
DA:70,0
DA:71,0
DA:72,0
FN:75,Whitelister.getStaker
FNDA:0,Whitelister.getStaker
DA:76,0
DA:77,0
FN:95,Whitelister.depositIntoStrategy
FNDA:0,Whitelister.depositIntoStrategy
DA:102,0
DA:109,0
FN:112,Whitelister.queueWithdrawal
FNDA:0,Whitelister.queueWithdrawal
DA:120,0
DA:128,0
FN:131,Whitelister.completeQueuedWithdrawal
FNDA:0,Whitelister.completeQueuedWithdrawal
DA:138,0
DA:146,0
FN:149,Whitelister.transfer
FNDA:0,Whitelister.transfer
DA:155,0
DA:157,0
FN:160,Whitelister.callAddress
FNDA:0,Whitelister.callAddress
DA:164,0
DA:165,0
BRDA:165,0,0,-
BRDA:165,0,1,-
DA:166,0
DA:168,0
FNF:7
FNH:0
LF:19
LH:0
BRF:2
BRH:0
end_of_record
TN:
SF:src/contracts/core/DelegationManager.sol
FN:63,DelegationManager.initialize
FNDA:2,DelegationManager.initialize
DA:67,1
DA:68,1
DA:69,1
FN:85,DelegationManager.registerAsOperator
FNDA:8971,DelegationManager.registerAsOperator
DA:86,8971
BRDA:86,0,0,256
BRDA:86,0,1,8715
DA:90,8715
DA:91,8458
DA:93,8458
DA:95,8202
DA:96,8202
FN:106,DelegationManager.modifyOperatorDetails
FNDA:513,DelegationManager.modifyOperatorDetails
DA:107,513
BRDA:107,1,0,256
BRDA:107,1,1,257
DA:108,257
FN:115,DelegationManager.updateOperatorMetadataURI
FNDA:257,DelegationManager.updateOperatorMetadataURI
DA:116,257
BRDA:116,2,0,1
BRDA:116,2,1,256
DA:117,256
FN:133,DelegationManager.delegateTo
FNDA:5552,DelegationManager.delegateTo
DA:135,5552
FN:155,DelegationManager.delegateToBySignature
FNDA:1280,DelegationManager.delegateToBySignature
DA:163,1280
BRDA:163,3,0,256
BRDA:163,3,1,1024
DA:166,1024
DA:167,1024
DA:169,1024
DA:173,1024
DA:176,1024
FN:188,DelegationManager.undelegate
FNDA:768,DelegationManager.undelegate
DA:189,512
BRDA:189,4,0,256
BRDA:189,4,1,256
DA:190,256
DA:192,256
BRDA:192,5,0,256
BRDA:192,5,1,256
DA:193,256
DA:194,256
FN:208,DelegationManager.forceUndelegation
FNDA:768,DelegationManager.forceUndelegation
DA:209,768
DA:210,768
BRDA:210,6,0,256
BRDA:210,6,1,512
DA:211,512
BRDA:211,7,0,256
BRDA:211,7,1,256
DA:213,256
FN:225,DelegationManager.increaseDelegatedShares
FNDA:11275,DelegationManager.increaseDelegatedShares
DA:230,11019
BRDA:230,8,0,2633
BRDA:230,8,1,11019
DA:231,2633
DA:234,2633
FN:247,DelegationManager.decreaseDelegatedShares
FNDA:521,DelegationManager.decreaseDelegatedShares
DA:251,265
BRDA:251,9,0,-
BRDA:251,9,1,2546
DA:252,90
DA:255,90
DA:256,90
DA:257,2546
DA:259,2546
FN:276,DelegationManager._setOperatorDetails
FNDA:8972,DelegationManager._setOperatorDetails
DA:277,8972
BRDA:277,10,0,2
BRDA:277,10,1,8970
DA:280,8970
BRDA:280,11,0,338
BRDA:280,11,1,8632
DA:282,8632
BRDA:282,12,0,76
BRDA:282,12,1,8556
DA:284,8556
DA:285,8556
FN:300,DelegationManager._delegate
FNDA:15034,DelegationManager._delegate
DA:306,14778
BRDA:306,13,0,768
BRDA:306,13,1,14010
DA:307,14010
BRDA:307,14,0,512
BRDA:307,14,1,13498
DA:308,13498
BRDA:308,15,0,256
BRDA:308,15,1,13242
DA:311,13242
DA:317,13242
BRDA:317,16,0,256
BRDA:317,16,1,2303
DA:319,3327
BRDA:319,17,0,768
BRDA:319,17,1,2559
DA:321,2559
BRDA:321,18,0,256
BRDA:321,18,1,2303
DA:322,2303
DA:325,2303
DA:326,2303
DA:329,2303
DA:333,11706
DA:336,11706
DA:337,11706
DA:339,3
DA:341,3
DA:346,11706
DA:347,11706
FN:361,DelegationManager.domainSeparator
FNDA:0,DelegationManager.domainSeparator
DA:362,7423
BRDA:362,19,0,7423
BRDA:362,19,1,-
DA:363,7423
DA:366,0
FN:373,DelegationManager.isDelegated
FNDA:15404,DelegationManager.isDelegated
DA:374,41466
FN:380,DelegationManager.isOperator
FNDA:3859,DelegationManager.isOperator
DA:381,19151
FN:387,DelegationManager.operatorDetails
FNDA:0,DelegationManager.operatorDetails
DA:388,0
FN:394,DelegationManager.earningsReceiver
FNDA:6499,DelegationManager.earningsReceiver
DA:395,6499
FN:401,DelegationManager.delegationApprover
FNDA:16995,DelegationManager.delegationApprover
DA:402,16995
FN:408,DelegationManager.stakerOptOutWindowBlocks
FNDA:6499,DelegationManager.stakerOptOutWindowBlocks
DA:409,6499
FN:418,DelegationManager.calculateCurrentStakerDelegationDigestHash
FNDA:1024,DelegationManager.calculateCurrentStakerDelegationDigestHash
DA:420,1024
DA:422,1024
FN:432,DelegationManager.calculateStakerDelegationDigestHash
FNDA:0,DelegationManager.calculateStakerDelegationDigestHash
DA:434,2048
DA:436,2048
DA:437,2048
FN:448,DelegationManager.calculateDelegationApprovalDigestHash
FNDA:3072,DelegationManager.calculateDelegationApprovalDigestHash
DA:456,5375
DA:458,5375
DA:459,5375
FN:465,DelegationManager._calculateDomainSeparator
FNDA:1,DelegationManager._calculateDomainSeparator
DA:466,1
FNF:23
FNH:20
LF:79
LH:77
BRF:40
BRH:38
end_of_record
TN:
SF:src/contracts/core/Slasher.sol
FN:92,Slasher.initialize
FNDA:3,Slasher.initialize
DA:97,2
DA:98,2
FN:105,Slasher.optIntoSlashing
FNDA:6930,Slasher.optIntoSlashing
DA:106,6929
BRDA:106,0,0,512
BRDA:106,0,1,6417
DA:107,6417
FN:116,Slasher.freezeOperator
FNDA:1900,Slasher.freezeOperator
DA:117,1644
BRDA:117,1,0,257
BRDA:117,1,1,1387
DA:121,1387
FN:128,Slasher.resetFrozenStatus
FNDA:1281,Slasher.resetFrozenStatus
DA:129,513
DA:130,921
DA:132,921
FN:144,Slasher.recordFirstStakeUpdate
FNDA:3089,Slasher.recordFirstStakeUpdate
DA:150,2830
DA:153,2830
BRDA:153,2,0,2
BRDA:153,2,1,2828
FN:167,Slasher.recordStakeUpdate
FNDA:2313,Slasher.recordStakeUpdate
DA:172,1800
BRDA:172,3,0,257
BRDA:172,3,1,1543
DA:174,1543
DA:180,1543
BRDA:180,4,0,257
BRDA:180,4,1,516
DA:182,773
BRDA:182,5,0,257
BRDA:182,5,1,516
DA:185,516
DA:188,770
BRDA:188,6,0,257
BRDA:188,6,1,513
FN:201,Slasher.recordLastStakeUpdateAndRevokeSlashingAbility
FNDA:1793,Slasher.recordLastStakeUpdateAndRevokeSlashingAbility
DA:203,1281
DA:205,1281
BRDA:205,7,0,256
BRDA:205,7,1,1025
DA:208,1025
FN:214,Slasher.contractCanSlashOperatorUntilBlock
FNDA:13829,Slasher.contractCanSlashOperatorUntilBlock
DA:215,13829
FN:219,Slasher.latestUpdateBlock
FNDA:0,Slasher.latestUpdateBlock
DA:220,0
FN:227,Slasher.whitelistedContractDetails
FNDA:8194,Slasher.whitelistedContractDetails
DA:228,8194
FN:240,Slasher.isFrozen
FNDA:5918,Slasher.isFrozen
DA:241,5918
BRDA:241,8,0,1131
BRDA:241,8,1,4787
DA:242,1131
DA:243,4787
BRDA:243,9,0,-
BRDA:243,9,1,265
DA:244,265
DA:245,265
DA:247,4522
FN:252,Slasher.canSlash
FNDA:5893,Slasher.canSlash
DA:253,7537
BRDA:253,10,0,7278
BRDA:253,10,1,259
DA:254,7278
DA:256,259
FN:272,Slasher.canWithdraw
FNDA:515,Slasher.canWithdraw
DA:274,515
BRDA:274,11,0,-
BRDA:274,11,1,515
DA:275,0
DA:279,515
DA:286,515
BRDA:286,12,0,-
BRDA:286,12,1,256
DA:292,256
DA:293,256
DA:301,259
FN:309,Slasher.operatorToMiddlewareTimes
FNDA:6401,Slasher.operatorToMiddlewareTimes
DA:310,6401
FN:314,Slasher.middlewareTimesLength
FNDA:13524,Slasher.middlewareTimesLength
DA:315,13524
FN:319,Slasher.getMiddlewareTimesIndexStalestUpdateBlock
FNDA:7,Slasher.getMiddlewareTimesIndexStalestUpdateBlock
DA:320,7
FN:324,Slasher.getMiddlewareTimesIndexServeUntilBlock
FNDA:7,Slasher.getMiddlewareTimesIndexServeUntilBlock
DA:325,7
FN:329,Slasher.operatorWhitelistedContractsLinkedListSize
FNDA:8453,Slasher.operatorWhitelistedContractsLinkedListSize
DA:330,8453
FN:334,Slasher.operatorWhitelistedContractsLinkedListEntry
FNDA:4353,Slasher.operatorWhitelistedContractsLinkedListEntry
DA:335,4353
FN:348,Slasher.getCorrectValueForInsertAfter
FNDA:0,Slasher.getCorrectValueForInsertAfter
DA:349,516
DA:355,516
BRDA:355,13,0,-
BRDA:355,13,1,516
DA:356,0
DA:364,516
DA:365,517
DA:366,1
DA:367,1
DA:369,516
FN:374,Slasher.getPreviousWhitelistedContractByUpdate
FNDA:0,Slasher.getPreviousWhitelistedContractByUpdate
DA:375,0
FN:380,Slasher._optIntoSlashing
FNDA:6417,Slasher._optIntoSlashing
DA:382,6417
DA:383,6417
FN:386,Slasher._revokeSlashingAbility
FNDA:1025,Slasher._revokeSlashingAbility
DA:387,1025
BRDA:387,14,0,256
BRDA:387,14,1,769
DA:389,769
DA:390,769
FN:393,Slasher._freezeOperator
FNDA:1387,Slasher._freezeOperator
DA:394,1387
BRDA:394,15,0,1131
BRDA:394,15,1,1387
DA:395,1131
DA:396,1131
FN:400,Slasher._resetFrozenStatus
FNDA:921,Slasher._resetFrozenStatus
DA:401,921
BRDA:401,16,0,617
BRDA:401,16,1,921
DA:402,617
DA:403,617
FN:415,Slasher._recordUpdateAndAddToMiddlewareTimes
FNDA:5654,Slasher._recordUpdateAndAddToMiddlewareTimes
DA:417,5654
BRDA:417,17,0,-
BRDA:417,17,1,5654
DA:419,5654
DA:421,5654
DA:422,5654
DA:423,5654
BRDA:423,18,0,-
BRDA:423,18,1,2829
DA:424,2829
DA:426,5654
DA:427,5654
DA:429,5654
BRDA:429,19,0,3602
BRDA:429,19,1,5654
DA:430,3602
DA:432,3602
DA:436,5654
BRDA:436,20,0,2825
BRDA:436,20,1,2829
DA:437,2825
DA:438,2825
DA:441,2829
BRDA:441,21,0,2
BRDA:441,21,1,2
DA:443,1288
DA:445,1288
BRDA:445,22,0,2
BRDA:445,22,1,2
DA:447,4
DA:448,4
BRDA:448,23,0,2
BRDA:448,23,1,2
DA:450,2
DA:453,2
DA:457,1284
DA:460,1288
DA:464,5654
BRDA:464,24,0,4468
BRDA:464,24,1,5654
DA:465,4468
DA:466,4468
FN:471,Slasher._updateMiddlewareList
FNDA:1032,Slasher._updateMiddlewareList
DA:478,1032
DA:480,1032
BRDA:480,25,0,-
BRDA:480,25,1,516
DA:482,1002
BRDA:482,26,0,486
BRDA:482,26,1,1002
DA:483,486
DA:490,1002
BRDA:490,27,0,-
BRDA:490,27,1,1002
DA:491,0
DA:495,1002
BRDA:495,28,0,-
BRDA:495,28,1,-
DA:497,516
DA:498,516
BRDA:498,29,0,-
BRDA:498,29,1,-
DA:503,0
BRDA:503,30,0,-
BRDA:503,30,1,-
DA:504,0
DA:510,1002
BRDA:510,31,0,-
BRDA:510,31,1,516
DA:515,516
BRDA:515,32,0,-
BRDA:515,32,1,516
DA:519,486
DA:520,486
DA:528,30
BRDA:528,33,0,30
BRDA:528,33,1,30
DA:531,30
DA:534,30
BRDA:534,34,0,-
BRDA:534,34,1,-
DA:539,0
BRDA:539,35,0,-
BRDA:539,35,1,-
DA:543,30
DA:544,30
FN:549,Slasher._addressToUint
FNDA:14640,Slasher._addressToUint
DA:550,14640
FN:553,Slasher._uintToAddress
FNDA:1067,Slasher._uintToAddress
DA:554,1067
FNF:29
FNH:26
LF:114
LH:106
BRF:72
BRH:52
end_of_record
TN:
SF:src/contracts/core/StrategyManager.sol
FN:93,StrategyManager._onlyNotFrozen
FNDA:11656,StrategyManager._onlyNotFrozen
DA:94,11656
BRDA:94,0,0,262
BRDA:94,0,1,11394
FN:100,StrategyManager._onlyFrozen
FNDA:271,StrategyManager._onlyFrozen
DA:101,271
BRDA:101,1,0,2
BRDA:101,1,1,269
FN:104,StrategyManager._onlyEigenPodManager
FNDA:1311,StrategyManager._onlyEigenPodManager
DA:105,1311
BRDA:105,2,0,512
BRDA:105,2,1,799
FN:108,StrategyManager._onlyStrategyWhitelister
FNDA:4635,StrategyManager._onlyStrategyWhitelister
DA:109,4635
BRDA:109,3,0,512
BRDA:109,3,1,4123
FN:145,StrategyManager.initialize
FNDA:4,StrategyManager.initialize
DA:149,3
DA:150,3
DA:151,3
DA:152,3
DA:153,3
FN:162,StrategyManager.depositBeaconChainETH
FNDA:1051,StrategyManager.depositBeaconChainETH
DA:167,1049
DA:168,793
DA:170,792
FN:180,StrategyManager.recordBeaconChainETHBalanceUpdate
FNDA:264,StrategyManager.recordBeaconChainETHBalanceUpdate
DA:184,262
DA:186,6
FN:201,StrategyManager.depositIntoStrategy
FNDA:5690,StrategyManager.depositIntoStrategy
DA:207,5687
DA:208,5686
FN:232,StrategyManager.depositIntoStrategyWithSignature
FNDA:1541,StrategyManager.depositIntoStrategyWithSignature
DA:245,1540
DA:246,1539
BRDA:246,4,0,15
BRDA:246,4,1,1524
DA:251,1524
DA:253,1524
DA:258,1524
DA:267,1524
DA:270,755
FN:277,StrategyManager.undelegate
FNDA:3,StrategyManager.undelegate
DA:278,3
FN:288,StrategyManager.forceTotalWithdrawal
FNDA:0,StrategyManager.forceTotalWithdrawal
DA:294,0
DA:295,0
DA:296,0
DA:297,0
DA:298,0
DA:300,0
DA:301,0
DA:302,0
DA:303,0
DA:304,0
DA:306,0
DA:309,0
FN:337,StrategyManager.queueWithdrawal
FNDA:2841,StrategyManager.queueWithdrawal
DA:349,2841
DA:350,2584
FN:364,StrategyManager.completeQueuedWithdrawal
FNDA:527,StrategyManager.completeQueuedWithdrawal
DA:370,526
FN:384,StrategyManager.completeQueuedWithdrawals
FNDA:0,StrategyManager.completeQueuedWithdrawals
DA:394,0
DA:395,0
FN:415,StrategyManager.slashShares
FNDA:267,StrategyManager.slashShares
DA:427,265
DA:428,264
BRDA:428,5,0,-
BRDA:428,5,1,264
DA:429,264
DA:430,264
DA:431,264
DA:434,266
BRDA:434,6,0,8
BRDA:434,6,1,264
DA:436,8
DA:440,264
BRDA:440,7,0,-
BRDA:440,7,1,3
DA:442,3
DA:446,261
DA:451,264
DA:456,262
FN:469,StrategyManager.slashQueuedWithdrawal
FNDA:8,StrategyManager.slashQueuedWithdrawal
DA:474,6
DA:475,5
BRDA:475,8,0,-
BRDA:475,8,1,5
DA:478,5
DA:481,5
BRDA:481,9,0,1
BRDA:481,9,1,4
DA:487,4
DA:490,4
DA:492,4
DA:493,4
DA:495,5
BRDA:495,10,0,2
BRDA:495,10,1,3
DA:497,2
DA:500,3
BRDA:500,11,0,-
BRDA:500,11,1,-
DA:502,0
DA:505,3
DA:509,4
FN:518,StrategyManager.setWithdrawalDelayBlocks
FNDA:1025,StrategyManager.setWithdrawalDelayBlocks
DA:519,769
FN:526,StrategyManager.setStrategyWhitelister
FNDA:512,StrategyManager.setStrategyWhitelister
DA:527,256
FN:534,StrategyManager.addStrategiesToDepositWhitelist
FNDA:4123,StrategyManager.addStrategiesToDepositWhitelist
DA:535,4123
DA:536,3867
DA:537,3867
DA:539,5133
BRDA:539,12,0,-
BRDA:539,12,1,4875
DA:540,4875
DA:541,4875
DA:544,5133
FN:553,StrategyManager.removeStrategiesFromDepositWhitelist
FNDA:512,StrategyManager.removeStrategiesFromDepositWhitelist
DA:554,512
DA:555,256
DA:556,256
DA:558,322
BRDA:558,13,0,-
BRDA:558,13,1,322
DA:559,322
DA:560,322
DA:563,322
FN:579,StrategyManager._addShares
FNDA:6976,StrategyManager._addShares
DA:581,6976
BRDA:581,14,0,-
BRDA:581,14,1,6976
DA:582,6976
BRDA:582,15,0,1
BRDA:582,15,1,6975
DA:585,6975
BRDA:585,16,0,1
BRDA:585,16,1,6970
DA:586,6971
BRDA:586,17,0,1
BRDA:586,17,1,6970
DA:590,6970
DA:594,6974
DA:597,6974
FN:609,StrategyManager._depositIntoStrategy
FNDA:6441,StrategyManager._depositIntoStrategy
DA:615,6440
DA:618,6438
DA:621,6178
DA:623,6176
DA:624,0
FN:637,StrategyManager._removeShares
FNDA:2595,StrategyManager._removeShares
DA:642,2595
BRDA:642,18,0,-
BRDA:642,18,1,2595
DA:643,2595
BRDA:643,19,0,1
BRDA:643,19,1,2594
DA:646,2594
DA:648,2594
BRDA:648,20,0,1
BRDA:648,20,1,2593
DA:651,2593
DA:655,2593
DA:658,2593
BRDA:658,21,0,1337
BRDA:658,21,1,1256
DA:659,1337
DA:662,1337
DA:665,1256
FN:677,StrategyManager._removeStrategyFromStakerStrategyList
FNDA:1337,StrategyManager._removeStrategyFromStakerStrategyList
DA:679,1337
BRDA:679,22,0,-
BRDA:679,22,1,1336
DA:681,1336
DA:685,1
DA:686,1
DA:687,1
DA:688,1
BRDA:688,23,0,-
BRDA:688,23,1,1
DA:690,1
DA:691,1
DA:694,0
DA:698,1
BRDA:698,24,0,-
BRDA:698,24,1,1
DA:701,1337
FN:705,StrategyManager._queueWithdrawal
FNDA:2584,StrategyManager._queueWithdrawal
DA:716,2584
BRDA:716,25,0,1
BRDA:716,25,1,2583
DA:717,2583
BRDA:717,26,0,1
BRDA:717,26,1,2582
DA:720,2582
DA:722,2582
DA:725,2582
DA:732,2582
DA:733,2840
BRDA:733,27,0,1
BRDA:733,27,1,259
DA:734,774
BRDA:734,28,0,256
BRDA:734,28,1,518
DA:736,518
BRDA:736,29,0,2
BRDA:736,29,1,516
DA:738,516
BRDA:738,30,0,256
BRDA:738,30,1,260
DA:748,260
DA:754,2325
BRDA:754,31,0,1329
BRDA:754,31,1,2325
DA:756,1329
DA:760,2325
DA:764,2325
DA:769,2067
DA:771,2067
DA:774,2067
DA:780,2067
DA:784,2067
DA:796,2067
DA:799,2067
DA:806,2067
BRDA:806,32,0,266
BRDA:806,32,1,2067
DA:807,266
DA:810,2067
DA:812,2067
FN:825,StrategyManager._completeQueuedWithdrawal
FNDA:526,StrategyManager._completeQueuedWithdrawal
DA:828,526
DA:830,525
DA:833,525
BRDA:833,33,0,2
BRDA:833,33,1,523
DA:839,523
BRDA:839,34,0,3
BRDA:839,34,1,520
DA:845,520
BRDA:845,35,0,513
BRDA:845,35,1,7
DA:850,7
BRDA:850,36,0,1
BRDA:850,36,1,6
DA:856,6
DA:859,6
DA:862,6
BRDA:862,37,0,-
BRDA:862,37,1,1
DA:863,2
BRDA:863,38,0,-
BRDA:863,38,1,2
DA:865,2
DA:866,2
BRDA:866,39,0,-
BRDA:866,39,1,1
DA:869,1
DA:872,1
DA:877,2
DA:882,4
DA:883,4
DA:884,4
BRDA:884,40,0,-
BRDA:884,40,1,-
DA:886,0
DA:889,4
DA:893,6
FN:901,StrategyManager._undelegate
FNDA:269,StrategyManager._undelegate
DA:902,269
DA:903,268
BRDA:903,41,0,1
BRDA:903,41,1,267
DA:904,267
FN:911,StrategyManager._setWithdrawalDelayBlocks
FNDA:772,StrategyManager._setWithdrawalDelayBlocks
DA:912,772
BRDA:912,42,0,256
BRDA:912,42,1,516
DA:913,516
DA:914,516
FN:921,StrategyManager._setStrategyWhitelister
FNDA:259,StrategyManager._setStrategyWhitelister
DA:922,259
DA:923,259
FN:931,StrategyManager._updateSharesToReflectBeaconChainETHBalance
FNDA:6,StrategyManager._updateSharesToReflectBeaconChainETHBalance
DA:933,6
BRDA:933,43,0,-
BRDA:933,43,1,4
DA:934,4
DA:935,4
DA:936,4
DA:937,4
DA:940,4
DA:941,4
DA:943,2
DA:945,2
DA:946,2
FN:956,StrategyManager.getDeposits
FNDA:1295,StrategyManager.getDeposits
DA:957,1295
DA:958,1295
DA:960,1295
DA:961,519
DA:963,519
DA:966,1295
FN:970,StrategyManager.stakerStrategyListLength
FNDA:8490,StrategyManager.stakerStrategyListLength
DA:971,8490
FN:978,StrategyManager.domainSeparator
FNDA:1029,StrategyManager.domainSeparator
DA:979,2553
BRDA:979,44,0,2553
BRDA:979,44,1,-
DA:980,2553
DA:983,0
FN:988,StrategyManager.calculateWithdrawalRoot
FNDA:2069,StrategyManager.calculateWithdrawalRoot
DA:989,4666
FN:1004,StrategyManager._calculateDomainSeparator
FNDA:3,StrategyManager._calculateDomainSeparator
DA:1005,3
FNF:35
FNH:33
LF:193
LH:174
BRF:90
BRH:71
end_of_record
TN:
SF:src/contracts/libraries/BN254.sol
FN:49,BN254.generatorG1
FNDA:775,BN254.generatorG1
DA:50,775
FN:68,BN254.generatorG2
FNDA:0,BN254.generatorG2
DA:69,0
FN:84,BN254.negGeneratorG2
FNDA:775,BN254.negGeneratorG2
DA:85,775
FN:98,BN254.negate
FNDA:3855,BN254.negate
DA:100,3855
BRDA:100,0,0,-
BRDA:100,0,1,3855
DA:101,0
DA:103,3855
FN:110,BN254.plus
FNDA:213426,BN254.plus
DA:114,213426
DA:115,213426
DA:116,213426
DA:117,213426
DA:118,213426
DA:119,213426
DA:123,213426
DA:131,213170
BRDA:131,1,0,-
BRDA:131,1,1,213170
FN:140,BN254.scalar_mul_tiny
FNDA:0,BN254.scalar_mul_tiny
DA:141,0
BRDA:141,2,0,-
BRDA:141,2,1,-
DA:143,0
DA:145,0
DA:147,0
DA:149,0
BRDA:149,3,0,-
BRDA:149,3,1,-
DA:150,0
DA:153,0
DA:155,0
FN:163,BN254.scalar_mul
FNDA:3788,BN254.scalar_mul
DA:167,3788
DA:168,3788
DA:169,3788
DA:170,3788
DA:171,3788
DA:174,3788
DA:181,3788
BRDA:181,4,0,-
BRDA:181,4,1,3788
FN:190,BN254.pairing
FNDA:7,BN254.pairing
DA:196,7
DA:197,7
DA:199,7
DA:201,7
DA:202,14
DA:203,14
DA:204,14
DA:205,14
DA:206,14
DA:207,14
DA:208,14
DA:211,7
DA:212,7
DA:216,7
DA:231,7
BRDA:231,5,0,-
BRDA:231,5,1,7
DA:233,7
FN:240,BN254.safePairing
FNDA:768,BN254.safePairing
DA:247,768
DA:248,768
DA:250,768
DA:252,768
DA:253,1536
DA:254,1536
DA:255,1536
DA:256,1536
DA:257,1536
DA:258,1536
DA:259,1536
DA:262,768
DA:263,768
DA:267,768
DA:280,768
FN:285,BN254.hashG1Point
FNDA:286597,BN254.hashG1Point
DA:288,286597
FN:293,BN254.hashG2Point
FNDA:0,BN254.hashG2Point
DA:296,0
FN:302,BN254.hashToG1
FNDA:775,BN254.hashToG1
DA:303,775
DA:304,775
DA:307,775
DA:310,1546
DA:313,1546
BRDA:313,6,0,775
BRDA:313,6,1,771
DA:314,775
DA:317,771
DA:319,0
FN:329,BN254.findYFromX
FNDA:1546,BN254.findYFromX
DA:333,1546
DA:337,1546
DA:339,1546
FN:342,BN254.expMod
FNDA:1546,BN254.expMod
DA:343,1546
DA:344,1546
DA:345,1546
DA:346,1546
DA:347,1546
DA:348,1546
DA:349,1546
DA:350,1546
DA:351,1546
DA:353,1546
DA:357,1546
BRDA:357,7,0,-
BRDA:357,7,1,1546
DA:358,1546
FNF:14
FNH:11
LF:85
LH:73
BRF:16
BRH:7
end_of_record
TN:
SF:src/contracts/libraries/BeaconChainProofs.sol
FN:151,BeaconChainProofs.getBalanceFromBalanceRoot
FNDA:5,BeaconChainProofs.getBalanceFromBalanceRoot
DA:152,5
DA:153,5
DA:154,5
DA:155,5
FN:165,BeaconChainProofs.verifyValidatorFields
FNDA:26,BeaconChainProofs.verifyValidatorFields
DA:172,26
BRDA:172,0,0,-
BRDA:172,0,1,26
DA:178,26
BRDA:178,1,0,-
BRDA:178,1,1,26
DA:179,26
DA:181,26
DA:184,26
BRDA:184,2,0,-
BRDA:184,2,1,26
FN:194,BeaconChainProofs.verifyValidatorBalance
FNDA:5,BeaconChainProofs.verifyValidatorBalance
DA:200,5
BRDA:200,3,0,-
BRDA:200,3,1,5
DA:206,5
DA:207,5
DA:209,5
BRDA:209,4,0,-
BRDA:209,4,1,5
FN:219,BeaconChainProofs.verifySlotRoot
FNDA:5,BeaconChainProofs.verifySlotRoot
DA:224,5
BRDA:224,5,0,-
BRDA:224,5,1,5
DA:226,5
BRDA:226,6,0,-
BRDA:226,6,1,5
FN:236,BeaconChainProofs.verifyStateRootAgainstLatestBlockHeaderRoot
FNDA:26,BeaconChainProofs.verifyStateRootAgainstLatestBlockHeaderRoot
DA:241,26
BRDA:241,7,0,-
BRDA:241,7,1,26
DA:243,26
BRDA:243,8,0,-
BRDA:243,8,1,26
FN:253,BeaconChainProofs.verifyWithdrawalProofs
FNDA:6,BeaconChainProofs.verifyWithdrawalProofs
DA:258,6
BRDA:258,9,0,-
BRDA:258,9,1,6
DA:260,6
BRDA:260,10,0,-
BRDA:260,10,1,6
DA:261,6
BRDA:261,11,0,-
BRDA:261,11,1,6
DA:264,6
BRDA:264,12,0,-
BRDA:264,12,1,6
DA:266,6
BRDA:266,13,0,-
BRDA:266,13,1,6
DA:268,6
BRDA:268,14,0,-
BRDA:268,14,1,6
DA:270,6
BRDA:270,15,0,-
BRDA:270,15,1,6
DA:272,6
BRDA:272,16,0,-
BRDA:272,16,1,6
DA:280,6
DA:282,6
BRDA:282,17,0,-
BRDA:282,17,1,6
DA:287,6
BRDA:287,18,0,-
BRDA:287,18,1,6
DA:291,6
DA:292,6
BRDA:292,19,0,-
BRDA:292,19,1,6
DA:297,6
BRDA:297,20,0,-
BRDA:297,20,1,6
DA:309,6
DA:310,6
DA:311,6
BRDA:311,21,0,-
BRDA:311,21,1,6
FNF:6
FNH:6
LF:34
LH:34
BRF:44
BRH:22
end_of_record
TN:
SF:src/contracts/libraries/BitmapUtils.sol
FN:24,BitmapUtils.bytesArrayToBitmap
FNDA:2818,BitmapUtils.bytesArrayToBitmap
DA:26,2818
BRDA:26,0,0,-
BRDA:26,0,1,2818
DA:30,2818
BRDA:30,1,0,84
BRDA:30,1,1,2734
DA:31,84
DA:35,2734
DA:37,2734
DA:41,2734
DA:44,2734
DA:46,39720
DA:48,39720
BRDA:48,2,0,14
BRDA:48,2,1,39706
DA:50,39706
DA:52,2720
FN:63,BitmapUtils.orderedBytesArrayToBitmap
FNDA:33814,BitmapUtils.orderedBytesArrayToBitmap
DA:65,33814
BRDA:65,3,0,-
BRDA:65,3,1,33814
DA:69,33814
BRDA:69,4,0,202
BRDA:69,4,1,33612
DA:70,202
DA:74,33612
DA:76,33612
DA:80,33612
DA:83,33612
DA:85,143619
DA:87,143619
BRDA:87,5,0,-
BRDA:87,5,1,143619
DA:89,143619
DA:91,33612
FN:102,BitmapUtils.orderedBytesArrayToBitmap_Yul
FNDA:1,BitmapUtils.orderedBytesArrayToBitmap_Yul
DA:104,1
BRDA:104,6,0,-
BRDA:104,6,1,1
DA:108,1
BRDA:108,7,0,-
BRDA:108,7,1,1
DA:109,0
DA:114,1
FN:160,BitmapUtils.bytesArrayToBitmap_Yul
FNDA:257,BitmapUtils.bytesArrayToBitmap_Yul
DA:162,257
BRDA:162,8,0,-
BRDA:162,8,1,257
DA:166,257
BRDA:166,9,0,103
BRDA:166,9,1,154
DA:167,103
DA:172,154
FN:217,BitmapUtils.isArrayStrictlyAscendingOrdered
FNDA:1024,BitmapUtils.isArrayStrictlyAscendingOrdered
DA:219,1024
BRDA:219,10,0,-
BRDA:219,10,1,1024
DA:220,0
DA:224,1024
BRDA:224,11,0,381
BRDA:224,11,1,643
DA:225,381
DA:229,643
DA:233,643
DA:236,643
DA:238,366
BRDA:238,12,0,-
BRDA:238,12,1,366
DA:239,0
DA:242,366
DA:244,643
FN:253,BitmapUtils.bitmapToBytesArray
FNDA:2304,BitmapUtils.bitmapToBytesArray
DA:255,2304
DA:257,2304
DA:259,589824
DA:261,589824
BRDA:261,13,0,16814
BRDA:261,13,1,589824
DA:263,16814
DA:266,2304
FN:270,BitmapUtils.countNumOnes
FNDA:9074,BitmapUtils.countNumOnes
DA:271,9074
DA:272,44391
DA:273,35317
DA:274,35317
DA:276,9074
FNF:7
FNH:7
LF:52
LH:49
BRF:28
BRH:20
end_of_record
TN:
SF:src/contracts/libraries/BytesLib.sol
FN:12,BytesLib.concat
FNDA:0,BytesLib.concat
DA:13,0
DA:18,0
DA:50,0
DA:55,0
DA:58,0
DA:79,0
FN:82,BytesLib.concatStorage
FNDA:0,BytesLib.concatStorage
FN:213,BytesLib.slice
FNDA:0,BytesLib.slice
DA:214,0
BRDA:214,0,0,-
BRDA:214,0,1,-
DA:215,0
BRDA:215,1,0,-
BRDA:215,1,1,-
DA:217,0
DA:269,0
FN:272,BytesLib.toAddress
FNDA:0,BytesLib.toAddress
DA:273,0
BRDA:273,2,0,-
BRDA:273,2,1,-
DA:274,0
DA:277,0
DA:280,0
FN:283,BytesLib.toUint8
FNDA:0,BytesLib.toUint8
DA:284,0
BRDA:284,3,0,-
BRDA:284,3,1,-
DA:285,0
DA:288,0
DA:291,0
FN:294,BytesLib.toUint16
FNDA:0,BytesLib.toUint16
DA:295,0
BRDA:295,4,0,-
BRDA:295,4,1,-
DA:296,0
DA:299,0
DA:302,0
FN:305,BytesLib.toUint32
FNDA:0,BytesLib.toUint32
DA:306,0
BRDA:306,5,0,-
BRDA:306,5,1,-
DA:307,0
DA:310,0
DA:313,0
FN:316,BytesLib.toUint64
FNDA:0,BytesLib.toUint64
DA:317,0
BRDA:317,6,0,-
BRDA:317,6,1,-
DA:318,0
DA:321,0
DA:324,0
FN:327,BytesLib.toUint96
FNDA:0,BytesLib.toUint96
DA:328,0
BRDA:328,7,0,-
BRDA:328,7,1,-
DA:329,0
DA:332,0
DA:335,0
FN:338,BytesLib.toUint128
FNDA:0,BytesLib.toUint128
DA:339,0
BRDA:339,8,0,-
BRDA:339,8,1,-
DA:340,0
DA:343,0
DA:346,0
FN:349,BytesLib.toUint256
FNDA:0,BytesLib.toUint256
DA:350,0
BRDA:350,9,0,-
BRDA:350,9,1,-
DA:351,0
DA:354,0
DA:357,0
FN:360,BytesLib.toBytes32
FNDA:0,BytesLib.toBytes32
DA:361,0
BRDA:361,10,0,-
BRDA:361,10,1,-
DA:362,0
DA:365,0
DA:368,0
FN:371,BytesLib.equal
FNDA:0,BytesLib.equal
DA:372,0
DA:410,0
FN:413,BytesLib.equalStorage
FNDA:0,BytesLib.equalStorage
DA:414,0
DA:476,0
FNF:14
FNH:0
LF:50
LH:0
BRF:22
BRH:0
end_of_record
TN:
SF:src/contracts/libraries/EIP1271SignatureUtils.sol
FN:22,EIP1271SignatureUtils.checkSignature_EIP1271
FNDA:5875,EIP1271SignatureUtils.checkSignature_EIP1271
DA:29,5875
BRDA:29,0,0,256
BRDA:29,0,1,762
DA:30,1530
BRDA:30,1,0,256
BRDA:30,1,1,762
DA:33,4345
BRDA:33,2,0,513
BRDA:33,2,1,3576
FNF:1
FNH:1
LF:3
LH:3
BRF:6
BRH:6
end_of_record
TN:
SF:src/contracts/libraries/Endian.sol
FN:12,Endian.fromLittleEndianUint64
FNDA:68,Endian.fromLittleEndianUint64
DA:16,68
DA:17,68
DA:18,68
FNF:1
FNH:1
LF:3
LH:3
BRF:0
BRH:0
end_of_record
TN:
SF:src/contracts/libraries/Merkle.sol
FN:29,Merkle.verifyInclusionKeccak
FNDA:0,Merkle.verifyInclusionKeccak
DA:35,0
FN:48,Merkle.processInclusionProofKeccak
FNDA:0,Merkle.processInclusionProofKeccak
DA:49,0
BRDA:49,0,0,-
BRDA:49,0,1,-
DA:50,0
DA:51,0
DA:52,0
BRDA:52,1,0,-
BRDA:52,1,1,-
DA:57,0
DA:58,0
DA:65,0
DA:66,0
DA:70,0
FN:81,Merkle.verifyInclusionSha256
FNDA:92,Merkle.verifyInclusionSha256
DA:87,92
FN:100,Merkle.processInclusionProofSha256
FNDA:92,Merkle.processInclusionProofSha256
DA:101,92
BRDA:101,2,0,-
BRDA:101,2,1,92
DA:102,92
DA:103,92
DA:104,1817
BRDA:104,3,0,-
BRDA:104,3,1,1334
DA:109,1334
BRDA:109,4,0,-
DA:110,1334
DA:117,483
BRDA:117,5,0,-
DA:118,483
DA:122,92
FN:131,Merkle.merkleizeSha256
FNDA:32,Merkle.merkleizeSha256
DA:135,32
DA:137,32
DA:139,32
DA:140,116
DA:143,32
DA:145,90
DA:147,58
DA:148,84
DA:151,58
DA:154,32
FNF:5
FNH:3
LF:30
LH:20
BRF:10
BRH:2
end_of_record
TN:
SF:src/contracts/libraries/MiddlewareUtils.sol
FN:14,MiddlewareUtils.computeSignatoryRecordHash
FNDA:512,MiddlewareUtils.computeSignatoryRecordHash
DA:18,512
FNF:1
FNH:1
LF:1
LH:1
BRF:0
BRH:0
end_of_record
TN:
SF:src/contracts/libraries/StructuredLinkedList.sol
FN:28,StructuredLinkedList.listExists
FNDA:0,StructuredLinkedList.listExists
DA:30,0
BRDA:30,0,0,-
BRDA:30,0,1,-
DA:31,0
DA:33,0
FN:43,StructuredLinkedList.nodeExists
FNDA:16420,StructuredLinkedList.nodeExists
DA:44,16420
BRDA:44,1,0,9244
BRDA:44,1,1,4599
DA:45,13843
BRDA:45,2,0,9244
BRDA:45,2,1,4599
DA:46,9244
DA:48,4599
DA:51,2577
FN:60,StructuredLinkedList.sizeOf
FNDA:1543,StructuredLinkedList.sizeOf
DA:61,1543
FN:69,StructuredLinkedList.getHead
FNDA:4145,StructuredLinkedList.getHead
DA:70,4145
FN:79,StructuredLinkedList.getNode
FNDA:4353,StructuredLinkedList.getNode
DA:80,4353
BRDA:80,3,0,256
BRDA:80,3,1,4097
DA:81,256
DA:83,4097
FN:94,StructuredLinkedList.getAdjacent
FNDA:2321,StructuredLinkedList.getAdjacent
DA:95,2321
BRDA:95,4,0,-
BRDA:95,4,1,2321
DA:96,0
DA:98,2321
DA:99,2321
FN:109,StructuredLinkedList.getNextNode
FNDA:2321,StructuredLinkedList.getNextNode
DA:110,2321
FN:119,StructuredLinkedList.getPreviousNode
FNDA:0,StructuredLinkedList.getPreviousNode
DA:120,0
FN:130,StructuredLinkedList.insertAfter
FNDA:516,StructuredLinkedList.insertAfter
DA:131,516
FN:141,StructuredLinkedList.insertBefore
FNDA:0,StructuredLinkedList.insertBefore
DA:142,0
FN:151,StructuredLinkedList.remove
FNDA:2054,StructuredLinkedList.remove
DA:152,2054
BRDA:152,5,0,513
BRDA:152,5,1,1541
DA:153,513
DA:155,1541
DA:156,1541
DA:157,1541
DA:159,1541
DA:161,1541
FN:170,StructuredLinkedList.pushFront
FNDA:0,StructuredLinkedList.pushFront
DA:171,0
FN:180,StructuredLinkedList.pushBack
FNDA:2830,StructuredLinkedList.pushBack
DA:181,2830
FN:189,StructuredLinkedList.popFront
FNDA:0,StructuredLinkedList.popFront
DA:190,0
FN:198,StructuredLinkedList.popBack
FNDA:0,StructuredLinkedList.popBack
DA:199,0
FN:209,StructuredLinkedList._push
FNDA:2830,StructuredLinkedList._push
DA:210,2830
FN:219,StructuredLinkedList._pop
FNDA:0,StructuredLinkedList._pop
DA:220,0
DA:221,0
DA:222,0
FN:233,StructuredLinkedList._insert
FNDA:3346,StructuredLinkedList._insert
DA:234,3346
BRDA:234,6,0,3344
BRDA:234,6,1,2
DA:235,3344
DA:236,3344
DA:237,3344
DA:239,3344
DA:241,3344
DA:244,2
FN:254,StructuredLinkedList._createLink
FNDA:8229,StructuredLinkedList._createLink
DA:255,8229
DA:256,8229
FNF:19
FNH:12
LF:45
LH:33
BRF:14
BRH:11
end_of_record
TN:
SF:src/contracts/middleware/BLSOperatorStateRetriever.sol
FN:39,BLSOperatorStateRetriever.getOperatorState
FNDA:1024,BLSOperatorStateRetriever.getOperatorState
DA:40,1024
DA:41,1024
DA:42,1024
DA:44,1024
DA:46,1024
DA:48,1024
FN:59,BLSOperatorStateRetriever.getOperatorState
FNDA:256,BLSOperatorStateRetriever.getOperatorState
DA:60,1280
DA:61,1280
DA:63,1280
DA:64,1280
DA:65,2581
DA:66,2581
DA:67,2581
DA:68,2581
DA:69,4709
DA:70,4709
DA:77,1280
FN:94,BLSOperatorStateRetriever.getCheckSignaturesIndices
FNDA:2816,BLSOperatorStateRetriever.getCheckSignaturesIndices
DA:100,2816
DA:101,2816
DA:104,2816
DA:106,2816
DA:108,2816
DA:109,2816
DA:110,28629
DA:112,28629
DA:114,28629
DA:116,26787
DA:117,26787
DA:124,26787
BRDA:124,0,0,-
BRDA:124,0,1,26595
DA:126,26595
DA:131,26595
DA:136,28629
DA:137,28629
DA:138,26595
DA:140,28629
DA:143,2816
DA:145,2816
DA:147,2816
FNF:3
FNH:3
LF:38
LH:38
BRF:2
BRH:1
end_of_record
TN:
SF:src/contracts/middleware/BLSPubkeyRegistry.sol
FN:51,BLSPubkeyRegistry.registerOperator
FNDA:36683,BLSPubkeyRegistry.registerOperator
DA:53,36427
DA:55,36427
BRDA:55,0,0,1
BRDA:55,0,1,36426
DA:57,36426
BRDA:57,1,0,1
BRDA:57,1,1,36425
DA:59,36425
DA:61,36425
DA:62,36425
FN:79,BLSPubkeyRegistry.deregisterOperator
FNDA:2129,BLSPubkeyRegistry.deregisterOperator
DA:80,1873
DA:82,1873
BRDA:82,2,0,-
BRDA:82,2,1,1873
DA:85,1873
DA:87,1873
DA:88,1873
FN:95,BLSPubkeyRegistry.getApkIndicesForQuorumsAtBlockNumber
FNDA:2816,BLSPubkeyRegistry.getApkIndicesForQuorumsAtBlockNumber
DA:96,2816
DA:97,2816
DA:98,28629
DA:99,28629
DA:101,28629
BRDA:101,3,0,-
BRDA:101,3,1,28629
DA:102,0
DA:105,28629
DA:106,28629
BRDA:106,4,0,-
BRDA:106,4,1,28629
DA:107,28629
DA:108,28629
DA:112,2816
FN:116,BLSPubkeyRegistry.getApkForQuorum
FNDA:4096,BLSPubkeyRegistry.getApkForQuorum
DA:117,4096
FN:121,BLSPubkeyRegistry.getApkUpdateForQuorumByIndex
FNDA:0,BLSPubkeyRegistry.getApkUpdateForQuorumByIndex
DA:122,0
FN:132,BLSPubkeyRegistry.getApkHashForQuorumAtBlockNumberFromIndex
FNDA:28658,BLSPubkeyRegistry.getApkHashForQuorumAtBlockNumberFromIndex
DA:133,28658
DA:134,28658
DA:135,28200
FN:139,BLSPubkeyRegistry.getQuorumApkHistoryLength
FNDA:0,BLSPubkeyRegistry.getQuorumApkHistoryLength
DA:140,0
FN:143,BLSPubkeyRegistry._processQuorumApkUpdate
FNDA:38298,BLSPubkeyRegistry._processQuorumApkUpdate
DA:144,38298
DA:146,38298
DA:147,182502
DA:149,182502
DA:150,182502
BRDA:150,5,0,-
BRDA:150,5,1,121936
DA:152,121936
DA:155,182502
DA:158,182502
DA:160,182502
DA:161,182502
DA:162,182502
DA:163,182502
DA:166,182502
FN:171,BLSPubkeyRegistry._validateApkHashForQuorumAtBlockNumber
FNDA:28658,BLSPubkeyRegistry._validateApkHashForQuorumAtBlockNumber
DA:172,28658
BRDA:172,6,0,50
BRDA:172,6,1,28608
DA:180,28608
BRDA:180,7,0,408
BRDA:180,7,1,28200
FNF:9
FNH:7
LF:43
LH:40
BRF:16
BRH:12
end_of_record
TN:
SF:src/contracts/middleware/BLSPublicKeyCompendium.sol
FN:30,BLSPublicKeyCompendium.registerBLSPublicKey
FNDA:7,BLSPublicKeyCompendium.registerBLSPublicKey
DA:32,7
DA:39,7
DA:51,7
BRDA:51,0,0,2
BRDA:51,0,1,5
DA:58,5
DA:60,5
BRDA:60,1,0,1
BRDA:60,1,1,4
DA:64,4
BRDA:64,2,0,1
BRDA:64,2,1,3
DA:69,3
DA:70,3
DA:72,3
FNF:1
FNH:1
LF:9
LH:9
BRF:6
BRH:6
end_of_record
TN:
SF:src/contracts/middleware/BLSRegistryCoordinatorWithIndices.sol
FN:88,BLSRegistryCoordinatorWithIndices.initialize
FNDA:2,BLSRegistryCoordinatorWithIndices.initialize
DA:90,1
DA:92,1
DA:94,1
DA:95,1
DA:96,1
DA:99,1
BRDA:99,0,0,-
BRDA:99,0,1,1
DA:100,1
DA:101,10
FN:108,BLSRegistryCoordinatorWithIndices.getOperatorSetParams
FNDA:192,BLSRegistryCoordinatorWithIndices.getOperatorSetParams
DA:109,192
FN:113,BLSRegistryCoordinatorWithIndices.getOperator
FNDA:1285,BLSRegistryCoordinatorWithIndices.getOperator
DA:114,1285
FN:118,BLSRegistryCoordinatorWithIndices.getOperatorId
FNDA:258,BLSRegistryCoordinatorWithIndices.getOperatorId
DA:119,258
FN:123,BLSRegistryCoordinatorWithIndices.getQuorumBitmapIndicesByOperatorIdsAtBlockNumber
FNDA:3840,BLSRegistryCoordinatorWithIndices.getQuorumBitmapIndicesByOperatorIdsAtBlockNumber
DA:124,3840
DA:125,3840
DA:126,4668
DA:127,4668
DA:128,4668
BRDA:128,1,0,-
BRDA:128,1,1,4668
DA:129,4668
BRDA:129,2,0,-
BRDA:129,2,1,4668
DA:134,4668
DA:135,4668
DA:139,3840
FN:146,BLSRegistryCoordinatorWithIndices.getQuorumBitmapByOperatorIdAtBlockNumberByIndex
FNDA:30049,BLSRegistryCoordinatorWithIndices.getQuorumBitmapByOperatorIdAtBlockNumberByIndex
DA:147,30049
DA:148,30049
BRDA:148,3,0,256
BRDA:148,3,1,29793
DA:154,29793
BRDA:154,4,0,-
BRDA:154,4,1,29793
DA:158,29793
FN:162,BLSRegistryCoordinatorWithIndices.getQuorumBitmapUpdateByOperatorIdByIndex
FNDA:1027,BLSRegistryCoordinatorWithIndices.getQuorumBitmapUpdateByOperatorIdByIndex
DA:163,1027
FN:167,BLSRegistryCoordinatorWithIndices.getCurrentQuorumBitmapByOperatorId
FNDA:773,BLSRegistryCoordinatorWithIndices.getCurrentQuorumBitmapByOperatorId
DA:168,773
DA:169,773
BRDA:169,5,0,514
BRDA:169,5,1,259
DA:170,514
DA:172,259
FN:176,BLSRegistryCoordinatorWithIndices.getQuorumBitmapUpdateByOperatorIdLength
FNDA:0,BLSRegistryCoordinatorWithIndices.getQuorumBitmapUpdateByOperatorIdLength
DA:177,0
FN:181,BLSRegistryCoordinatorWithIndices.numRegistries
FNDA:0,BLSRegistryCoordinatorWithIndices.numRegistries
DA:182,0
FN:192,BLSRegistryCoordinatorWithIndices.calculateOperatorChurnApprovalDigestHash
FNDA:1024,BLSRegistryCoordinatorWithIndices.calculateOperatorChurnApprovalDigestHash
DA:199,2048
FN:210,BLSRegistryCoordinatorWithIndices.setOperatorSetParams
FNDA:2,BLSRegistryCoordinatorWithIndices.setOperatorSetParams
DA:211,1
FN:219,BLSRegistryCoordinatorWithIndices.setChurnApprover
FNDA:2,BLSRegistryCoordinatorWithIndices.setChurnApprover
DA:220,1
FN:228,BLSRegistryCoordinatorWithIndices.setEjector
FNDA:2,BLSRegistryCoordinatorWithIndices.setEjector
DA:229,1
FN:238,BLSRegistryCoordinatorWithIndices.registerOperatorWithCoordinator
FNDA:0,BLSRegistryCoordinatorWithIndices.registerOperatorWithCoordinator
DA:240,0
DA:242,0
FN:251,BLSRegistryCoordinatorWithIndices.registerOperatorWithCoordinator
FNDA:30992,BLSRegistryCoordinatorWithIndices.registerOperatorWithCoordinator
DA:252,30992
FN:265,BLSRegistryCoordinatorWithIndices.registerOperatorWithCoordinator
FNDA:1280,BLSRegistryCoordinatorWithIndices.registerOperatorWithCoordinator
DA:273,1280
DA:276,1280
DA:277,1280
DA:280,1280
DA:283,768
DA:285,768
DA:286,768
DA:290,768
BRDA:290,6,0,-
BRDA:290,6,1,768
DA:291,0
DA:294,768
BRDA:294,7,0,-
BRDA:294,7,1,768
DA:300,768
DA:301,768
DA:302,768
DA:303,768
DA:306,768
BRDA:306,8,0,256
BRDA:306,8,1,512
DA:312,512
BRDA:312,9,0,256
BRDA:312,9,1,256
DA:319,256
FN:334,BLSRegistryCoordinatorWithIndices.deregisterOperatorWithCoordinator
FNDA:0,BLSRegistryCoordinatorWithIndices.deregisterOperatorWithCoordinator
DA:336,0
DA:337,0
DA:339,0
FN:351,BLSRegistryCoordinatorWithIndices.deregisterOperatorWithCoordinator
FNDA:773,BLSRegistryCoordinatorWithIndices.deregisterOperatorWithCoordinator
DA:352,773
FN:365,BLSRegistryCoordinatorWithIndices.ejectOperatorFromCoordinator
FNDA:3,BLSRegistryCoordinatorWithIndices.ejectOperatorFromCoordinator
DA:371,2
FN:378,BLSRegistryCoordinatorWithIndices.updateSocket
FNDA:2,BLSRegistryCoordinatorWithIndices.updateSocket
DA:379,2
BRDA:379,10,0,1
BRDA:379,10,1,1
DA:380,1
FN:385,BLSRegistryCoordinatorWithIndices._setOperatorSetParams
FNDA:11,BLSRegistryCoordinatorWithIndices._setOperatorSetParams
DA:386,11
DA:387,11
FN:390,BLSRegistryCoordinatorWithIndices._setChurnApprover
FNDA:2,BLSRegistryCoordinatorWithIndices._setChurnApprover
DA:391,2
DA:392,2
FN:395,BLSRegistryCoordinatorWithIndices._setEjector
FNDA:2,BLSRegistryCoordinatorWithIndices._setEjector
DA:396,2
DA:397,2
FN:401,BLSRegistryCoordinatorWithIndices._registerOperatorWithCoordinator
FNDA:32272,BLSRegistryCoordinatorWithIndices._registerOperatorWithCoordinator
DA:408,32272
DA:409,32272
BRDA:409,11,0,1
BRDA:409,11,1,32271
DA:410,32271
BRDA:410,12,0,1
BRDA:410,12,1,32270
DA:412,32270
DA:414,32270
DA:415,32270
BRDA:415,13,0,1
BRDA:415,13,1,1
DA:416,2
DA:417,2
BRDA:417,14,0,1
BRDA:417,14,1,1
DA:419,1
DA:423,32269
DA:426,32268
DA:429,32268
DA:436,32268
DA:444,32268
DA:446,32268
FN:449,BLSRegistryCoordinatorWithIndices._registerOperatorWithCoordinatorAndNoOverfilledQuorums
FNDA:30992,BLSRegistryCoordinatorWithIndices._registerOperatorWithCoordinatorAndNoOverfilledQuorums
DA:450,30992
DA:451,30988
DA:452,161830
BRDA:452,15,0,256
BRDA:452,15,1,161574
FN:459,BLSRegistryCoordinatorWithIndices._deregisterOperatorWithCoordinator
FNDA:1031,BLSRegistryCoordinatorWithIndices._deregisterOperatorWithCoordinator
DA:460,1031
BRDA:460,16,0,1
BRDA:460,16,1,1030
DA:463,1030
DA:464,1030
BRDA:464,17,0,1
BRDA:464,17,1,1029
DA:467,1029
DA:468,1029
BRDA:468,18,0,1
BRDA:468,18,1,1028
DA:469,1028
DA:470,1028
DA:472,1028
BRDA:472,19,0,1
BRDA:472,19,1,1027
DA:477,1027
DA:480,1027
DA:483,1027
DA:486,1027
DA:489,1027
DA:492,1027
BRDA:492,20,0,1
BRDA:492,20,1,1026
DA:493,1
DA:500,1026
DA:505,1026
FN:510,BLSRegistryCoordinatorWithIndices._verifyChurnApproverSignatureOnOperatorChurnApproval
FNDA:1280,BLSRegistryCoordinatorWithIndices._verifyChurnApproverSignatureOnOperatorChurnApproval
DA:512,1280
BRDA:512,21,0,-
BRDA:512,21,1,1280
DA:513,1280
BRDA:513,22,0,256
BRDA:513,22,1,1024
DA:514,1024
DA:516,768
FNF:28
FNH:24
LF:107
LH:99
BRF:46
BRH:39
end_of_record
TN:
SF:src/contracts/middleware/BLSSignatureChecker.sol
FN:75,BLSSignatureChecker.checkSignatures
FNDA:2304,BLSSignatureChecker.checkSignatures
DA:90,2304
DA:91,2304
DA:92,27648
BRDA:92,0,0,256
BRDA:92,0,1,27136
DA:101,27136
DA:105,1792
DA:106,1792
DA:107,1792
DA:109,1792
DA:112,1792
DA:115,1792
DA:117,1792
DA:118,2238
DA:122,2238
DA:130,1982
DA:140,1536
DA:142,26880
DA:144,26880
DA:147,26624
DA:150,26624
DA:152,24155
DA:154,24155
BRDA:154,1,0,-
BRDA:154,1,1,23899
DA:155,24155
DA:163,23899
DA:169,26368
DA:175,1024
DA:176,768
BRDA:176,2,0,-
BRDA:176,2,1,768
DA:177,768
BRDA:177,3,0,256
BRDA:177,3,1,512
DA:180,512
DA:186,512
FN:198,BLSSignatureChecker.trySignatureAndApkVerification
FNDA:0,BLSSignatureChecker.trySignatureAndApkVerification
DA:205,1024
DA:207,1024
FNF:2
FNH:1
LF:31
LH:31
BRF:8
BRH:6
end_of_record
TN:
SF:src/contracts/middleware/IndexRegistry.sol
FN:47,IndexRegistry.registerOperator
FNDA:53829,IndexRegistry.registerOperator
DA:48,53573
DA:50,53573
DA:52,53573
DA:53,184927
DA:56,184927
DA:57,184927
DA:58,184927
DA:59,184927
DA:60,184927
DA:62,53573
FN:79,IndexRegistry.deregisterOperator
FNDA:1796,IndexRegistry.deregisterOperator
DA:80,1540
BRDA:80,0,0,1
BRDA:80,0,1,1539
DA:82,1539
DA:83,14389
DA:84,14389
DA:85,14389
DA:86,14133
FN:91,IndexRegistry.getOperatorIndexUpdateOfOperatorIdForQuorumAtIndex
FNDA:512,IndexRegistry.getOperatorIndexUpdateOfOperatorIdForQuorumAtIndex
DA:92,512
FN:96,IndexRegistry.getTotalOperatorsUpdateForQuorumAtIndex
FNDA:0,IndexRegistry.getTotalOperatorsUpdateForQuorumAtIndex
DA:97,0
FN:110,IndexRegistry.getOperatorIndexForQuorumAtBlockNumberByIndex
FNDA:0,IndexRegistry.getOperatorIndexForQuorumAtBlockNumberByIndex
DA:111,0
DA:114,0
BRDA:114,1,0,-
BRDA:114,1,1,-
DA:117,0
BRDA:117,2,0,-
BRDA:117,2,1,-
DA:118,0
DA:119,0
BRDA:119,3,0,-
BRDA:119,3,1,-
DA:121,0
FN:130,IndexRegistry.getTotalOperatorsForQuorumAtBlockNumberByIndex
FNDA:0,IndexRegistry.getTotalOperatorsForQuorumAtBlockNumberByIndex
DA:131,0
DA:134,0
BRDA:134,4,0,-
BRDA:134,4,1,-
DA:137,0
BRDA:137,5,0,-
BRDA:137,5,1,-
DA:138,0
DA:139,0
BRDA:139,6,0,-
BRDA:139,6,1,-
DA:141,0
FN:145,IndexRegistry.getOperatorListForQuorumAtBlockNumber
FNDA:2581,IndexRegistry.getOperatorListForQuorumAtBlockNumber
DA:146,2581
DA:147,2581
DA:148,10324
DA:149,10324
DA:151,10324
BRDA:151,7,0,5615
BRDA:151,7,1,4709
DA:152,5615
DA:153,4709
DA:155,2581
FN:158,IndexRegistry.totalOperatorsForQuorum
FNDA:21049,IndexRegistry.totalOperatorsForQuorum
DA:159,21049
FN:167,IndexRegistry._updateTotalOperatorHistory
FNDA:199060,IndexRegistry._updateTotalOperatorHistory
DA:168,199060
DA:170,199060
DA:171,199060
DA:173,199060
FN:181,IndexRegistry._updateOperatorIdToIndexHistory
FNDA:200424,IndexRegistry._updateOperatorIdToIndexHistory
DA:182,200424
DA:183,200424
DA:184,200424
DA:185,200424
DA:187,200424
FN:196,IndexRegistry._processOperatorRemoval
FNDA:14389,IndexRegistry._processOperatorRemoval
DA:197,14389
DA:198,14389
BRDA:198,8,0,256
BRDA:198,8,1,14133
DA:201,14133
BRDA:201,9,0,1364
BRDA:201,9,1,14133
DA:203,1364
DA:207,14133
FN:215,IndexRegistry._getTotalOperatorsForQuorumAtBlockNumber
FNDA:2581,IndexRegistry._getTotalOperatorsForQuorumAtBlockNumber
DA:217,2581
DA:219,2581
BRDA:219,10,0,535
BRDA:219,10,1,2046
DA:220,535
DA:224,2046
BRDA:224,11,0,-
BRDA:224,11,1,2046
DA:225,0
DA:229,2046
DA:230,4033
DA:231,4033
DA:233,4033
BRDA:233,12,0,-
BRDA:233,12,1,2046
DA:234,2046
DA:237,0
FN:242,IndexRegistry._getIndexOfOperatorForQuorumAtBlockNumber
FNDA:10324,IndexRegistry._getIndexOfOperatorForQuorumAtBlockNumber
DA:243,10324
DA:245,10324
DA:246,7088
DA:247,7088
DA:248,7088
BRDA:248,13,0,5101
BRDA:248,13,1,1987
DA:250,5101
DA:256,5223
FNF:13
FNH:10
LF:71
LH:56
BRF:28
BRH:14
end_of_record
TN:
SF:src/contracts/middleware/StakeRegistry.sol
FN:40,StakeRegistry.initialize
FNDA:2,StakeRegistry.initialize
DA:44,1
FN:47,StakeRegistry._initialize
FNDA:1,StakeRegistry._initialize
DA:52,1
BRDA:52,0,0,-
BRDA:52,0,1,1
DA:55,1
DA:56,10
DA:57,10
DA:59,10
FN:71,StakeRegistry.getStakeUpdateForQuorumFromOperatorIdAndIndex
FNDA:22089,StakeRegistry.getStakeUpdateForQuorumFromOperatorIdAndIndex
DA:76,22089
FN:84,StakeRegistry.getTotalStakeUpdateForQuorumFromIndex
FNDA:24274,StakeRegistry.getTotalStakeUpdateForQuorumFromIndex
DA:85,24274
FN:89,StakeRegistry.getStakeUpdateIndexForOperatorIdForQuorumAtBlockNumber
FNDA:26595,StakeRegistry.getStakeUpdateIndexForOperatorIdForQuorumAtBlockNumber
DA:94,26595
FN:99,StakeRegistry.getTotalStakeIndicesByQuorumNumbersAtBlockNumber
FNDA:2816,StakeRegistry.getTotalStakeIndicesByQuorumNumbersAtBlockNumber
DA:100,2816
DA:101,2816
DA:102,28629
DA:103,28629
DA:104,28629
DA:105,28629
BRDA:105,1,0,-
BRDA:105,1,1,28629
DA:106,28629
DA:107,28629
DA:111,2816
FN:124,StakeRegistry.getStakeForQuorumAtBlockNumberFromOperatorIdAndIndex
FNDA:24155,StakeRegistry.getStakeForQuorumAtBlockNumberFromOperatorIdAndIndex
DA:129,24155
DA:130,24155
DA:131,23899
FN:142,StakeRegistry.getTotalStakeAtBlockNumberFromIndex
FNDA:26880,StakeRegistry.getTotalStakeAtBlockNumberFromIndex
DA:143,26880
DA:144,26880
DA:145,26624
FN:152,StakeRegistry.getMostRecentStakeUpdateByOperatorId
FNDA:0,StakeRegistry.getMostRecentStakeUpdateByOperatorId
DA:153,1536
DA:154,1536
DA:155,1536
BRDA:155,2,0,-
BRDA:155,2,1,1536
DA:156,0
DA:158,1536
DA:159,1536
FN:163,StakeRegistry.getStakeHistoryLengthForQuorumNumber
FNDA:5992,StakeRegistry.getStakeHistoryLengthForQuorumNumber
DA:164,5992
FN:171,StakeRegistry.getCurrentOperatorStakeForQuorum
FNDA:1536,StakeRegistry.getCurrentOperatorStakeForQuorum
DA:172,1536
DA:173,1536
FN:178,StakeRegistry.getStakeForOperatorIdForQuorumAtBlockNumber
FNDA:4709,StakeRegistry.getStakeForOperatorIdForQuorumAtBlockNumber
DA:183,4709
FN:189,StakeRegistry.getCurrentTotalStakeForQuorum
FNDA:768,StakeRegistry.getCurrentTotalStakeForQuorum
DA:191,768
FN:194,StakeRegistry.getLengthOfOperatorIdStakeHistoryForQuorum
FNDA:0,StakeRegistry.getLengthOfOperatorIdStakeHistoryForQuorum
DA:195,0
FN:198,StakeRegistry.getLengthOfTotalStakeHistoryForQuorum
FNDA:2426,StakeRegistry.getLengthOfTotalStakeHistoryForQuorum
DA:199,2426
FN:205,StakeRegistry.setMinimumStakeForQuorum
FNDA:257,StakeRegistry.setMinimumStakeForQuorum
DA:206,256
FN:221,StakeRegistry.registerOperator
FNDA:36329,StakeRegistry.registerOperator
DA:222,36328
FN:237,StakeRegistry.deregisterOperator
FNDA:1283,StakeRegistry.deregisterOperator
DA:238,1283
FN:250,StakeRegistry.updateStakes
FNDA:0,StakeRegistry.updateStakes
DA:254,0
DA:255,0
DA:257,0
DA:258,0
DA:260,0
BRDA:260,3,0,-
BRDA:260,3,1,-
DA:262,0
BRDA:262,4,0,-
BRDA:262,4,1,-
DA:263,0
DA:265,0
DA:267,0
DA:269,0
DA:272,0
DA:276,0
BRDA:276,5,0,-
BRDA:276,5,1,-
DA:278,0
DA:281,0
FN:296,StakeRegistry._getStakeUpdateIndexForOperatorIdForQuorumAtBlockNumber
FNDA:31304,StakeRegistry._getStakeUpdateIndexForOperatorIdForQuorumAtBlockNumber
DA:297,31304
DA:298,31304
DA:299,31304
BRDA:299,6,0,-
BRDA:299,6,1,31304
DA:300,31304
BRDA:300,7,0,-
BRDA:300,7,1,31304
DA:305,31304
DA:308,0
FN:311,StakeRegistry._setMinimumStakeForQuorum
FNDA:266,StakeRegistry._setMinimumStakeForQuorum
DA:312,266
DA:313,266
FN:320,StakeRegistry._registerOperator
FNDA:36328,StakeRegistry._registerOperator
DA:322,36328
BRDA:322,8,0,2
BRDA:322,8,1,36326
DA:323,36326
DA:325,36326
DA:327,36326
DA:329,169089
DA:332,169089
DA:335,169089
BRDA:335,9,0,256
BRDA:335,9,1,168833
DA:337,168833
DA:339,168833
DA:340,168833
BRDA:340,10,0,-
BRDA:340,10,1,109186
DA:343,109186
DA:345,168833
DA:347,168833
DA:349,168833
FN:359,StakeRegistry._deregisterOperator
FNDA:1283,StakeRegistry._deregisterOperator
DA:361,1283
DA:363,1283
DA:364,1283
DA:366,1283
DA:368,1283
DA:369,13819
DA:371,13819
DA:374,13819
DA:376,13819
DA:378,13819
DA:385,13819
FN:394,StakeRegistry._updateOperatorStake
FNDA:190576,StakeRegistry._updateOperatorStake
DA:399,190576
DA:400,190576
DA:401,190576
DA:404,190576
BRDA:404,11,0,1303
BRDA:404,11,1,190576
DA:406,1303
DA:409,190576
DA:411,190576
DA:417,190576
FN:421,StakeRegistry._recordOperatorStakeUpdate
FNDA:204651,StakeRegistry._recordOperatorStakeUpdate
DA:423,204651
DA:424,204651
DA:425,204651
BRDA:425,12,0,-
BRDA:425,12,1,35306
DA:427,35306
DA:430,35306
DA:433,204651
DA:434,204651
FN:438,StakeRegistry._recordTotalStakeUpdate
FNDA:203860,StakeRegistry._recordTotalStakeUpdate
DA:439,203860
DA:440,203860
BRDA:440,13,0,-
BRDA:440,13,1,143957
DA:441,143957
DA:443,203860
DA:444,203860
FN:448,StakeRegistry._validateOperatorStakeUpdateAtBlockNumber
FNDA:51035,StakeRegistry._validateOperatorStakeUpdateAtBlockNumber
DA:449,51035
BRDA:449,14,0,256
BRDA:449,14,1,50779
DA:453,50779
BRDA:453,15,0,256
BRDA:453,15,1,50523
FNF:27
FNH:24
LF:109
LH:92
BRF:32
BRH:18
end_of_record
TN:
SF:src/contracts/middleware/VoteWeigherBase.sol
FN:50,VoteWeigherBase.strategyAndWeightingMultiplierForQuorumByIndex
FNDA:15003,VoteWeigherBase.strategyAndWeightingMultiplierForQuorumByIndex
DA:55,15003
FN:62,VoteWeigherBase.weightOfOperatorForQuorumView
FNDA:0,VoteWeigherBase.weightOfOperatorForQuorumView
DA:63,256
DA:64,256
DA:65,256
DA:67,256
DA:69,4058
DA:72,4058
DA:75,4058
BRDA:75,0,0,3914
BRDA:75,0,1,4058
DA:76,3914
DA:80,4058
DA:84,256
FN:92,VoteWeigherBase.weightOfOperatorForQuorum
FNDA:256,VoteWeigherBase.weightOfOperatorForQuorum
DA:93,256
FN:97,VoteWeigherBase.createQuorum
FNDA:3527,VoteWeigherBase.createQuorum
DA:100,3271
FN:104,VoteWeigherBase.addStrategiesConsideredAndMultipliers
FNDA:513,VoteWeigherBase.addStrategiesConsideredAndMultipliers
DA:108,256
FN:117,VoteWeigherBase.removeStrategiesConsideredAndMultipliers
FNDA:514,VoteWeigherBase.removeStrategiesConsideredAndMultipliers
DA:121,257
DA:122,257
BRDA:122,1,0,1
BRDA:122,1,1,256
DA:123,256
DA:124,2257
DA:126,2257
DA:128,2257
DA:131,2257
FN:143,VoteWeigherBase.modifyStrategyWeights
FNDA:770,VoteWeigherBase.modifyStrategyWeights
DA:148,513
DA:149,513
BRDA:149,2,0,1
BRDA:149,2,1,512
DA:151,512
BRDA:151,3,0,256
BRDA:151,3,1,256
DA:154,256
DA:156,2280
DA:157,2280
DA:159,2280
FN:165,VoteWeigherBase.strategiesConsideredAndMultipliersLength
FNDA:256,VoteWeigherBase.strategiesConsideredAndMultipliersLength
DA:166,512
FN:172,VoteWeigherBase._createQuorum
FNDA:3281,VoteWeigherBase._createQuorum
DA:175,3281
DA:176,3281
BRDA:176,4,0,1
BRDA:176,4,1,3280
DA:177,3280
DA:179,3280
DA:181,3280
DA:183,2511
FN:192,VoteWeigherBase._addStrategiesConsideredAndMultipliers
FNDA:3536,VoteWeigherBase._addStrategiesConsideredAndMultipliers
DA:196,3536
BRDA:196,5,0,1
BRDA:196,5,1,3535
DA:197,3535
DA:198,3535
DA:199,3535
BRDA:199,6,0,256
BRDA:199,6,1,3279
DA:203,3279
DA:205,28435
DA:206,253605
BRDA:206,7,0,256
BRDA:206,7,1,253349
DA:212,253349
DA:215,28179
BRDA:215,8,0,256
BRDA:215,8,1,27923
DA:219,27923
DA:220,27923
DA:222,27923
FNF:10
FNH:9
LF:47
LH:47
BRF:18
BRH:18
end_of_record
TN:
SF:src/contracts/permissions/Pausable.sol
FN:66,Pausable._initializePauser
FNDA:4360,Pausable._initializePauser
DA:67,4360
BRDA:67,0,0,512
BRDA:67,0,1,3848
DA:71,3848
DA:72,3848
DA:73,3848
FN:82,Pausable.pause
FNDA:4365,Pausable.pause
DA:84,3853
BRDA:84,1,0,256
BRDA:84,1,1,3597
DA:85,3597
DA:86,3597
FN:92,Pausable.pauseAll
FNDA:512,Pausable.pauseAll
DA:93,256
DA:94,256
FN:103,Pausable.unpause
FNDA:768,Pausable.unpause
DA:105,512
BRDA:105,2,0,256
BRDA:105,2,1,256
DA:106,256
DA:107,256
FN:111,Pausable.paused
FNDA:2560,Pausable.paused
DA:112,2560
FN:116,Pausable.paused
FNDA:818,Pausable.paused
DA:117,75190
DA:118,75190
FN:122,Pausable.setPauserRegistry
FNDA:512,Pausable.setPauserRegistry
DA:123,256
FN:127,Pausable._setPauserRegistry
FNDA:4104,Pausable._setPauserRegistry
DA:128,4104
BRDA:128,3,0,-
BRDA:128,3,1,4104
DA:129,4104
DA:130,4104
FNF:8
FNH:8
LF:19
LH:19
BRF:8
BRH:7
end_of_record
TN:
SF:src/contracts/permissions/PauserRegistry.sol
FN:37,PauserRegistry.setIsPauser
FNDA:1026,PauserRegistry.setIsPauser
DA:38,514
FN:42,PauserRegistry.setUnpauser
FNDA:769,PauserRegistry.setUnpauser
DA:43,513
FN:46,PauserRegistry._setIsPauser
FNDA:514,PauserRegistry._setIsPauser
DA:47,514
BRDA:47,0,0,1
BRDA:47,0,1,513
DA:48,513
DA:49,513
FN:52,PauserRegistry._setUnpauser
FNDA:513,PauserRegistry._setUnpauser
DA:53,513
BRDA:53,1,0,1
BRDA:53,1,1,512
DA:54,512
DA:55,512
FNF:4
FNH:4
LF:8
LH:8
BRF:4
BRH:4
end_of_record
TN:
SF:src/contracts/pods/BeaconChainOracle.sol
FN:68,BeaconChainOracle.setThreshold
FNDA:514,BeaconChainOracle.setThreshold
DA:69,258
FN:77,BeaconChainOracle.addOracleSigners
FNDA:1803,BeaconChainOracle.addOracleSigners
DA:78,1547
FN:86,BeaconChainOracle.removeOracleSigners
FNDA:769,BeaconChainOracle.removeOracleSigners
DA:87,513
DA:88,884
BRDA:88,0,0,-
BRDA:88,0,1,253
DA:89,253
DA:90,253
DA:91,253
DA:94,884
FN:105,BeaconChainOracle.voteForBeaconChainStateRoot
FNDA:1034,BeaconChainOracle.voteForBeaconChainStateRoot
DA:106,778
BRDA:106,1,0,1
BRDA:106,1,1,777
DA:107,777
BRDA:107,2,0,1
BRDA:107,2,1,776
DA:109,776
DA:111,776
DA:113,776
BRDA:113,3,0,250
BRDA:113,3,1,259
DA:114,259
DA:115,259
DA:117,259
BRDA:117,4,0,250
BRDA:117,4,1,259
DA:118,250
FN:124,BeaconChainOracle._setThreshold
FNDA:258,BeaconChainOracle._setThreshold
DA:125,258
BRDA:125,5,0,1
BRDA:125,5,1,257
DA:126,257
DA:127,257
FN:131,BeaconChainOracle._addOracleSigners
FNDA:1547,BeaconChainOracle._addOracleSigners
DA:132,1547
DA:133,2458
BRDA:133,6,0,-
BRDA:133,6,1,2455
DA:134,2455
DA:135,2455
DA:136,2455
DA:139,2458
FNF:6
FNH:6
LF:26
LH:26
BRF:14
BRH:12
end_of_record
TN:
SF:src/contracts/pods/DelayedWithdrawalRouter.sol
FN:49,DelayedWithdrawalRouter.initialize
FNDA:1,DelayedWithdrawalRouter.initialize
DA:50,0
DA:51,0
DA:52,0
FN:59,DelayedWithdrawalRouter.createDelayedWithdrawal
FNDA:11746,DelayedWithdrawalRouter.createDelayedWithdrawal
DA:60,11490
BRDA:60,0,0,256
BRDA:60,0,1,11234
DA:61,11234
DA:62,11234
BRDA:62,1,0,10706
BRDA:62,1,1,11234
DA:63,10706
DA:67,10706
DA:68,10706
FN:80,DelayedWithdrawalRouter.claimDelayedWithdrawals
FNDA:589,DelayedWithdrawalRouter.claimDelayedWithdrawals
DA:85,429
FN:92,DelayedWithdrawalRouter.claimDelayedWithdrawals
FNDA:1079,DelayedWithdrawalRouter.claimDelayedWithdrawals
DA:97,727
FN:101,DelayedWithdrawalRouter.setWithdrawalDelayBlocks
FNDA:768,DelayedWithdrawalRouter.setWithdrawalDelayBlocks
DA:102,512
FN:106,DelayedWithdrawalRouter.userWithdrawals
FNDA:24982,DelayedWithdrawalRouter.userWithdrawals
DA:107,24982
FN:111,DelayedWithdrawalRouter.getUserDelayedWithdrawals
FNDA:256,DelayedWithdrawalRouter.getUserDelayedWithdrawals
DA:112,256
DA:113,256
DA:114,256
DA:115,256
DA:116,256
DA:117,4347
DA:119,256
FN:123,DelayedWithdrawalRouter.getClaimableUserDelayedWithdrawals
FNDA:4603,DelayedWithdrawalRouter.getClaimableUserDelayedWithdrawals
DA:124,4603
DA:125,4603
DA:126,4603
DA:128,4603
DA:130,4603
DA:131,56346
DA:133,56346
BRDA:133,2,0,4091
BRDA:133,2,1,52255
DA:134,4091
DA:135,4091
DA:138,4603
DA:139,4603
DA:141,4603
BRDA:141,3,0,-
BRDA:141,3,1,52255
DA:142,4603
DA:143,52255
DA:146,4603
FN:150,DelayedWithdrawalRouter.userDelayedWithdrawalByIndex
FNDA:1,DelayedWithdrawalRouter.userDelayedWithdrawalByIndex
DA:151,1
FN:155,DelayedWithdrawalRouter.userWithdrawalsLength
FNDA:10702,DelayedWithdrawalRouter.userWithdrawalsLength
DA:156,10702
FN:160,DelayedWithdrawalRouter.canClaimDelayedWithdrawal
FNDA:0,DelayedWithdrawalRouter.canClaimDelayedWithdrawal
DA:161,0
FN:165,DelayedWithdrawalRouter._claimDelayedWithdrawals
FNDA:1156,DelayedWithdrawalRouter._claimDelayedWithdrawals
DA:166,1156
DA:167,1156
DA:168,1156
DA:169,1156
DA:170,4200
DA:172,3167
DA:174,3167
BRDA:174,4,0,123
BRDA:174,4,1,3044
DA:175,123
DA:178,3044
DA:181,3044
DA:185,1156
DA:187,1156
BRDA:187,5,0,807
BRDA:187,5,1,1156
DA:188,807
DA:190,1156
FN:194,DelayedWithdrawalRouter._setWithdrawalDelayBlocks
FNDA:512,DelayedWithdrawalRouter._setWithdrawalDelayBlocks
DA:195,512
BRDA:195,6,0,256
BRDA:195,6,1,256
DA:196,256
DA:197,256
FNF:13
FNH:12
LF:55
LH:51
BRF:14
BRH:13
end_of_record
TN:
SF:src/contracts/pods/EigenPod.sol
FN:171,EigenPod.initialize
FNDA:2842,EigenPod.initialize
DA:172,2842
BRDA:172,0,0,-
BRDA:172,0,1,2842
DA:173,2842
FN:177,EigenPod.stake
FNDA:3102,EigenPod.stake
DA:179,2846
BRDA:179,1,0,1024
BRDA:179,1,1,1822
DA:180,1822
DA:181,1822
FN:194,EigenPod.verifyWithdrawalCredentials
FNDA:532,EigenPod.verifyWithdrawalCredentials
DA:208,273
BRDA:208,2,0,-
BRDA:208,2,1,273
DA:213,273
BRDA:213,3,0,-
BRDA:213,3,1,273
DA:215,273
DA:216,273
DA:217,273
DA:221,16
FN:237,EigenPod.verifyBalanceUpdate
FNDA:7,EigenPod.verifyBalanceUpdate
DA:245,6
BRDA:245,4,0,-
BRDA:245,4,1,6
DA:248,6
DA:250,6
DA:252,6
BRDA:252,5,0,-
BRDA:252,5,1,6
DA:254,6
BRDA:254,6,0,1
BRDA:254,6,1,5
DA:258,5
DA:262,5
DA:265,5
DA:268,5
DA:276,5
DA:283,5
DA:289,5
DA:292,5
DA:295,5
DA:298,5
DA:301,5
DA:304,5
BRDA:304,7,0,-
BRDA:304,7,1,5
DA:305,5
DA:307,5
DA:309,5
FN:323,EigenPod.verifyAndProcessWithdrawals
FNDA:7,EigenPod.verifyAndProcessWithdrawals
DA:335,7
BRDA:335,8,0,-
BRDA:335,8,1,7
DA:341,7
DA:342,7
FN:350,EigenPod.decrementWithdrawableRestakedExecutionLayerGwei
FNDA:2,EigenPod.decrementWithdrawableRestakedExecutionLayerGwei
DA:351,2
DA:352,2
BRDA:352,9,0,1
BRDA:352,9,1,1
DA:354,1
FN:360,EigenPod.incrementWithdrawableRestakedExecutionLayerGwei
FNDA:0,EigenPod.incrementWithdrawableRestakedExecutionLayerGwei
DA:361,0
DA:362,0
FN:372,EigenPod._verifyWithdrawalCredentials
FNDA:273,EigenPod._verifyWithdrawalCredentials
DA:381,273
DA:383,273
DA:385,273
BRDA:385,10,0,1
BRDA:385,10,1,272
DA:388,272
BRDA:388,11,0,256
BRDA:388,11,1,16
DA:399,16
DA:402,16
DA:405,16
DA:408,16
DA:416,16
DA:418,16
DA:421,16
DA:424,16
DA:426,16
FN:429,EigenPod._verifyAndProcessWithdrawal
FNDA:7,EigenPod._verifyAndProcessWithdrawal
DA:449,7
DA:451,7
DA:457,7
BRDA:457,12,0,-
BRDA:457,12,1,7
DA:459,7
BRDA:459,13,0,2
BRDA:459,13,1,5
DA:464,5
DA:471,5
DA:473,5
DA:476,5
DA:478,5
DA:485,5
BRDA:485,14,0,3
BRDA:485,14,1,2
DA:486,3
DA:488,2
FN:493,EigenPod._processFullWithdrawal
FNDA:3,EigenPod._processFullWithdrawal
DA:502,3
DA:503,3
DA:505,3
DA:512,3
BRDA:512,15,0,-
BRDA:512,15,1,-
DA:514,3
DA:515,3
BRDA:515,16,0,3
BRDA:515,16,1,-
DA:517,3
DA:519,3
DA:520,3
DA:525,0
DA:526,0
DA:527,0
DA:531,3
BRDA:531,17,0,-
BRDA:531,17,1,-
DA:532,0
DA:534,0
DA:538,0
DA:541,3
DA:543,3
DA:545,3
DA:548,3
BRDA:548,18,0,3
BRDA:548,18,1,3
DA:549,3
FN:553,EigenPod._processPartialWithdrawal
FNDA:2,EigenPod._processPartialWithdrawal
DA:555,2
DA:556,2
DA:559,2
FN:567,EigenPod.withdrawRestakedBeaconChainETH
FNDA:0,EigenPod.withdrawRestakedBeaconChainETH
DA:574,0
DA:576,0
FN:585,EigenPod.activateRestaking
FNDA:272,EigenPod.activateRestaking
DA:586,272
DA:587,272
DA:589,272
FN:593,EigenPod.withdrawBeforeRestaking
FNDA:260,EigenPod.withdrawBeforeRestaking
DA:594,2
FN:597,EigenPod.validatorPubkeyHashToInfo
FNDA:10,EigenPod.validatorPubkeyHashToInfo
DA:598,10
FN:601,EigenPod.validatorStatus
FNDA:1,EigenPod.validatorStatus
DA:602,1
FN:606,EigenPod._podWithdrawalCredentials
FNDA:2094,EigenPod._podWithdrawalCredentials
DA:607,2094
FN:610,EigenPod._processWithdrawalBeforeRestaking
FNDA:274,EigenPod._processWithdrawalBeforeRestaking
DA:611,274
DA:612,274
FN:615,EigenPod._sendETH
FNDA:279,EigenPod._sendETH
DA:616,279
FN:619,EigenPod._calculateRestakedBalanceGwei
FNDA:24,EigenPod._calculateRestakedBalanceGwei
DA:620,24
BRDA:620,19,0,-
BRDA:620,19,1,24
DA:621,0
DA:629,24
DA:630,24
FN:633,EigenPod._calculateSharesDelta
FNDA:5,EigenPod._calculateSharesDelta
DA:634,5
FNF:21
FNH:19
LF:105
LH:94
BRF:40
BRH:26
end_of_record
TN:
SF:src/contracts/pods/EigenPodManager.sol
FN:95,EigenPodManager.initialize
FNDA:1,EigenPodManager.initialize
DA:102,1
DA:103,1
DA:104,1
DA:105,1
FN:112,EigenPodManager.createPod
FNDA:6,EigenPodManager.createPod
DA:113,6
BRDA:113,0,0,1
BRDA:113,0,1,5
DA:115,5
FN:125,EigenPodManager.stake
FNDA:3103,EigenPodManager.stake
DA:126,3103
DA:127,3103
BRDA:127,1,0,3096
BRDA:127,1,1,2846
DA:129,3096
DA:131,2846
FN:140,EigenPodManager.restakeBeaconChainETH
FNDA:16,EigenPodManager.restakeBeaconChainETH
DA:141,16
DA:142,16
FN:153,EigenPodManager.recordBeaconChainETHBalanceUpdate
FNDA:5,EigenPodManager.recordBeaconChainETHBalanceUpdate
DA:154,5
FN:164,EigenPodManager.withdrawRestakedBeaconChainETH
FNDA:1,EigenPodManager.withdrawRestakedBeaconChainETH
DA:167,0
FN:175,EigenPodManager.setMaxPods
FNDA:1026,EigenPodManager.setMaxPods
DA:176,770
FN:183,EigenPodManager.decrementWithdrawableRestakedExecutionLayerGwei
FNDA:2,EigenPodManager.decrementWithdrawableRestakedExecutionLayerGwei
DA:186,2
FN:193,EigenPodManager.incrementWithdrawableRestakedExecutionLayerGwei
FNDA:0,EigenPodManager.incrementWithdrawableRestakedExecutionLayerGwei
DA:196,0
FN:205,EigenPodManager.updateBeaconChainOracle
FNDA:0,EigenPodManager.updateBeaconChainOracle
DA:206,0
FN:210,EigenPodManager._deployPod
FNDA:3101,EigenPodManager._deployPod
DA:212,3099
BRDA:212,2,0,257
BRDA:212,2,1,2842
DA:213,2842
DA:215,2842
DA:216,2842
DA:227,2842
DA:229,2842
DA:230,2842
DA:231,2842
FN:235,EigenPodManager._updateBeaconChainOracle
FNDA:1,EigenPodManager._updateBeaconChainOracle
DA:236,1
DA:237,1
FN:241,EigenPodManager._setMaxPods
FNDA:771,EigenPodManager._setMaxPods
DA:242,771
DA:243,771
FN:248,EigenPodManager.getPod
FNDA:2365,EigenPodManager.getPod
DA:249,2365
DA:251,2365
BRDA:251,3,0,1046
BRDA:251,3,1,2365
DA:252,1046
DA:261,2365
FN:265,EigenPodManager.hasPod
FNDA:0,EigenPodManager.hasPod
DA:266,6
FN:270,EigenPodManager.getBeaconChainStateRoot
FNDA:26,EigenPodManager.getBeaconChainStateRoot
DA:271,26
DA:272,26
BRDA:272,4,0,-
BRDA:272,4,1,26
DA:273,26
FNF:16
FNH:13
LF:38
LH:35
BRF:10
BRH:9
end_of_record
TN:
SF:src/contracts/strategies/StrategyBase.sol
FN:70,StrategyBase.initialize
FNDA:3844,StrategyBase.initialize
DA:71,3841
FN:75,StrategyBase._initializeStrategyBase
FNDA:3841,StrategyBase._initializeStrategyBase
DA:76,3841
DA:77,3841
FN:92,StrategyBase.deposit
FNDA:14890,StrategyBase.deposit
DA:101,14120
DA:103,13742
BRDA:103,0,0,513
BRDA:103,0,1,13229
DA:106,13229
DA:113,13229
DA:114,13229
DA:116,13229
DA:117,13229
DA:120,13229
BRDA:120,1,0,19
BRDA:120,1,1,13210
DA:123,13210
DA:124,13210
FN:135,StrategyBase.withdraw
FNDA:4873,StrategyBase.withdraw
DA:143,3593
DA:145,3593
BRDA:145,2,0,513
BRDA:145,2,1,3080
DA:148,3080
DA:150,3080
BRDA:150,3,0,768
BRDA:150,3,1,2312
DA:160,2312
DA:161,2312
DA:163,2312
DA:166,2312
DA:168,2312
FN:178,StrategyBase._beforeDeposit
FNDA:9506,StrategyBase._beforeDeposit
FN:187,StrategyBase._beforeWithdrawal
FNDA:3593,StrategyBase._beforeWithdrawal
FN:193,StrategyBase.explanation
FNDA:0,StrategyBase.explanation
DA:194,0
FN:204,StrategyBase.sharesToUnderlyingView
FNDA:1538,StrategyBase.sharesToUnderlyingView
DA:206,2820
DA:207,2820
DA:209,2820
FN:219,StrategyBase.sharesToUnderlying
FNDA:1282,StrategyBase.sharesToUnderlying
DA:220,1282
FN:230,StrategyBase.underlyingToSharesView
FNDA:512,StrategyBase.underlyingToSharesView
DA:232,6405
DA:233,6405
DA:235,6405
FN:245,StrategyBase.underlyingToShares
FNDA:5893,StrategyBase.underlyingToShares
DA:246,5893
FN:253,StrategyBase.userUnderlyingView
FNDA:0,StrategyBase.userUnderlyingView
DA:254,0
FN:261,StrategyBase.userUnderlying
FNDA:0,StrategyBase.userUnderlying
DA:262,0
FN:269,StrategyBase.shares
FNDA:0,StrategyBase.shares
DA:270,0
FN:275,StrategyBase._tokenBalance
FNDA:29003,StrategyBase._tokenBalance
DA:276,29003
FNF:15
FNH:11
LF:35
LH:31
BRF:8
BRH:8
end_of_record
TN:
SF:src/contracts/strategies/StrategyBaseTVLLimits.sol
FN:29,StrategyBaseTVLLimits.initialize
FNDA:0,StrategyBaseTVLLimits.initialize
DA:32,0
DA:33,0
FN:43,StrategyBaseTVLLimits.setTVLLimits
FNDA:2049,StrategyBaseTVLLimits.setTVLLimits
DA:44,1793
FN:48,StrategyBaseTVLLimits.getTVLLimits
FNDA:6402,StrategyBaseTVLLimits.getTVLLimits
DA:49,6402
FN:53,StrategyBaseTVLLimits._setTVLLimits
FNDA:1793,StrategyBaseTVLLimits._setTVLLimits
DA:54,1793
DA:55,1793
DA:56,1793
BRDA:56,0,0,256
BRDA:56,0,1,1537
DA:57,1537
DA:58,1537
FN:73,StrategyBaseTVLLimits._beforeDeposit
FNDA:4614,StrategyBaseTVLLimits._beforeDeposit
DA:74,4614
BRDA:74,1,0,377
BRDA:74,1,1,4237
DA:75,4237
BRDA:75,2,0,1
BRDA:75,2,1,4236
FNF:5
FNH:4
LF:11
LH:9
BRF:6
BRH:6
end_of_record
TN:
SF:src/contracts/utils/UpgradeableSignatureCheckingUtils.sol
FN:32,UpgradeableSignatureCheckingUtils._initializeSignatureCheckingUtils
FNDA:0,UpgradeableSignatureCheckingUtils._initializeSignatureCheckingUtils
DA:35,0
FN:43,UpgradeableSignatureCheckingUtils.domainSeparator
FNDA:0,UpgradeableSignatureCheckingUtils.domainSeparator
DA:44,0
BRDA:44,0,0,-
BRDA:44,0,1,-
DA:45,0
DA:48,0
FN:53,UpgradeableSignatureCheckingUtils._calculateDomainSeparator
FNDA:0,UpgradeableSignatureCheckingUtils._calculateDomainSeparator
DA:54,0
FNF:3
FNH:0
LF:5
LH:0
BRF:2
BRH:0
end_of_record
TN:
SF:src/test/EigenLayerDeployer.t.sol
FN:132,EigenLayerDeployer.setUp
FNDA:0,EigenLayerDeployer.setUp
DA:133,0
BRDA:133,0,0,-
BRDA:133,0,1,-
DA:134,0
DA:136,0
BRDA:136,1,0,-
BRDA:136,1,1,-
DA:137,0
DA:140,0
DA:141,0
DA:142,0
DA:143,0
DA:144,0
DA:145,0
FN:148,EigenLayerDeployer._deployEigenLayerContractsGoerli
FNDA:0,EigenLayerDeployer._deployEigenLayerContractsGoerli
DA:149,0
DA:150,0
DA:151,0
DA:153,0
DA:155,0
DA:158,0
DA:160,0
DA:161,0
DA:162,0
DA:163,0
DA:164,0
DA:166,0
DA:167,0
DA:169,0
DA:170,0
DA:172,0
DA:177,0
DA:185,0
DA:186,0
DA:196,0
DA:204,0
DA:214,0
FN:217,EigenLayerDeployer._deployEigenLayerContractsLocal
FNDA:0,EigenLayerDeployer._deployEigenLayerContractsLocal
DA:218,0
DA:219,0
DA:221,0
DA:224,0
DA:225,0
DA:226,0
DA:232,0
DA:233,0
DA:236,0
DA:239,0
DA:242,0
DA:245,0
DA:249,0
DA:250,0
DA:252,0
DA:253,0
DA:255,0
DA:258,0
DA:259,0
DA:260,0
DA:261,0
DA:262,0
DA:265,0
DA:275,0
DA:287,0
DA:297,0
DA:309,0
DA:310,0
DA:311,0
DA:322,0
DA:330,0
DA:331,0
DA:341,0
DA:349,0
DA:359,0
FN:362,EigenLayerDeployer._setAddresses
FNDA:0,EigenLayerDeployer._setAddresses
DA:363,0
DA:364,0
DA:365,0
DA:366,0
DA:367,0
DA:368,0
DA:369,0
DA:370,0
DA:371,0
DA:372,0
FNF:4
FNH:0
LF:77
LH:0
BRF:4
BRH:0
end_of_record
TN:
SF:src/test/EigenLayerTestHelper.t.sol
FN:26,EigenLayerTestHelper._testInitiateDelegation
FNDA:0,EigenLayerTestHelper._testInitiateDelegation
DA:34,0
DA:37,0
DA:42,0
DA:44,0
DA:46,0
DA:47,0
DA:50,0
DA:51,0
DA:54,0
DA:55,0
DA:56,0
DA:58,0
DA:61,0
DA:64,0
DA:65,0
DA:67,0
FN:77,EigenLayerTestHelper._testRegisterAsOperator
FNDA:0,EigenLayerTestHelper._testRegisterAsOperator
DA:78,0
DA:79,0
DA:80,0
DA:81,0
DA:88,0
DA:89,0
FN:97,EigenLayerTestHelper._testDepositWeth
FNDA:0,EigenLayerTestHelper._testDepositWeth
DA:98,0
DA:99,0
FN:107,EigenLayerTestHelper._testDepositEigen
FNDA:0,EigenLayerTestHelper._testDepositEigen
DA:108,0
DA:109,0
FN:119,EigenLayerTestHelper._testDepositToStrategy
FNDA:0,EigenLayerTestHelper._testDepositToStrategy
DA:130,0
DA:134,0
DA:135,0
DA:136,0
DA:137,0
DA:138,0
DA:141,0
DA:143,0
DA:145,0
DA:147,0
BRDA:147,0,0,-
BRDA:147,0,1,-
DA:148,0
DA:149,0
DA:150,0
DA:151,0
DA:153,0
DA:154,0
DA:155,0
DA:156,0
DA:157,0
DA:160,0
BRDA:160,1,0,-
BRDA:160,1,1,-
DA:162,0
DA:170,0
DA:176,0
FN:185,EigenLayerTestHelper._testDelegateToOperator
FNDA:0,EigenLayerTestHelper._testDelegateToOperator
DA:187,0
DA:188,0
DA:190,0
DA:191,0
DA:192,0
DA:193,0
DA:194,0
DA:197,0
DA:198,0
DA:199,0
DA:200,0
DA:202,0
DA:206,0
DA:211,0
DA:212,0
DA:213,0
DA:214,0
FN:229,EigenLayerTestHelper._testDepositStrategies
FNDA:0,EigenLayerTestHelper._testDepositStrategies
DA:231,0
DA:233,0
DA:234,0
DA:237,0
DA:238,0
DA:247,0
DA:249,0
DA:251,0
DA:258,0
FN:273,EigenLayerTestHelper._createQueuedWithdrawal
FNDA:0,EigenLayerTestHelper._createQueuedWithdrawal
DA:284,0
BRDA:284,2,0,-
BRDA:284,2,1,-
DA:287,0
BRDA:287,3,0,-
BRDA:287,3,1,-
DA:288,0
DA:289,0
DA:294,0
DA:295,0
DA:300,0
DA:305,0
DA:316,0
DA:318,0
BRDA:318,4,0,-
BRDA:318,4,1,-
DA:319,0
DA:325,0
DA:326,0
FN:334,EigenLayerTestHelper.getVSfromVandS
FNDA:0,EigenLayerTestHelper.getVSfromVandS
DA:335,0
BRDA:335,5,0,-
BRDA:335,5,1,-
DA:336,0
DA:339,0
DA:340,0
BRDA:340,6,0,-
BRDA:340,6,1,-
DA:341,0
DA:344,0
FN:352,EigenLayerTestHelper._testDelegation
FNDA:0,EigenLayerTestHelper._testDelegation
DA:355,0
BRDA:355,7,0,-
BRDA:355,7,1,-
DA:356,0
DA:361,0
DA:364,0
DA:365,0
DA:366,0
DA:367,0
DA:370,0
DA:371,0
DA:372,0
DA:373,0
DA:374,0
DA:376,0
DA:377,0
DA:380,0
DA:381,0
DA:383,0
DA:384,0
DA:386,0
DA:390,0
DA:396,0
DA:398,0
DA:400,0
FN:419,EigenLayerTestHelper._testCompleteQueuedWithdrawalShares
FNDA:0,EigenLayerTestHelper._testCompleteQueuedWithdrawalShares
DA:431,0
DA:433,0
DA:434,0
DA:445,0
DA:455,0
DA:457,0
DA:458,0
BRDA:458,8,0,-
BRDA:458,8,1,-
DA:464,0
FN:478,EigenLayerTestHelper._testCompleteQueuedWithdrawalTokens
FNDA:0,EigenLayerTestHelper._testCompleteQueuedWithdrawalTokens
DA:490,0
DA:492,0
DA:493,0
DA:494,0
DA:495,0
DA:498,0
DA:507,0
DA:509,0
DA:511,0
DA:513,0
BRDA:513,9,0,-
BRDA:513,9,1,-
DA:519,0
FN:522,EigenLayerTestHelper._testQueueWithdrawal
FNDA:0,EigenLayerTestHelper._testQueueWithdrawal
DA:533,0
DA:535,0
DA:543,0
DA:544,0
FNF:13
FNH:0
LF:140
LH:0
BRF:20
BRH:0
end_of_record
TN:
SF:src/test/EigenPod.t.sol
FN:1342,Relayer.verifyWithdrawalProofs
FNDA:1,Relayer.verifyWithdrawalProofs
DA:1347,1
FNF:1
FNH:1
LF:1
LH:1
BRF:0
BRH:0
end_of_record
TN:
SF:src/test/SigP/BeaconProxy.sol
FN:37,BeaconProxyNEW._beacon
FNDA:0,BeaconProxyNEW._beacon
DA:38,0
FN:44,BeaconProxyNEW._implementation
FNDA:0,BeaconProxyNEW._implementation
DA:45,0
FN:58,BeaconProxyNEW._setBeacon
FNDA:0,BeaconProxyNEW._setBeacon
DA:59,0
FNF:3
FNH:0
LF:3
LH:0
BRF:0
BRH:0
end_of_record
TN:
SF:src/test/SigP/DelegationTerms.sol
FN:13,SigPDelegationTerms.payForService
FNDA:0,SigPDelegationTerms.payForService
DA:14,0
FN:17,SigPDelegationTerms.onDelegationWithdrawn
FNDA:0,SigPDelegationTerms.onDelegationWithdrawn
DA:22,0
DA:23,0
DA:24,0
[...]
DA:398,0
FN:412,OpenZeppelin_ERC20._burn
FNDA:0,OpenZeppelin_ERC20._burn
DA:413,0
BRDA:413,5,0,-
BRDA:413,5,1,-
DA:415,0
DA:417,0
DA:418,0
BRDA:418,6,0,-
BRDA:418,6,1,-
DA:420,0
DA:422,0
DA:425,0
DA:427,0
FN:443,OpenZeppelin_ERC20._approve
FNDA:256,OpenZeppelin_ERC20._approve
DA:444,256
BRDA:444,7,0,-
BRDA:444,7,1,256
DA:445,256
BRDA:445,8,0,-
BRDA:445,8,1,256
DA:447,256
DA:448,256
FN:459,OpenZeppelin_ERC20._spendAllowance
FNDA:256,OpenZeppelin_ERC20._spendAllowance
DA:460,256
DA:461,256
BRDA:461,9,0,-
BRDA:461,9,1,-
DA:462,0
BRDA:462,10,0,-
BRDA:462,10,1,-
DA:464,0
FN:483,OpenZeppelin_ERC20._beforeTokenTransfer
FNDA:768,OpenZeppelin_ERC20._beforeTokenTransfer
FN:499,OpenZeppelin_ERC20._afterTokenTransfer
FNDA:768,OpenZeppelin_ERC20._afterTokenTransfer
FNF:23
FNH:10
LF:70
LH:29
BRF:30
BRH:7
end_of_record
TN:
SF:src/test/mocks/ERC20_SetTransferReverting_Mock.sol
FN:14,ERC20_SetTransferReverting_Mock.setTransfersRevert
FNDA:2,ERC20_SetTransferReverting_Mock.setTransfersRevert
DA:15,2
FN:18,ERC20_SetTransferReverting_Mock._beforeTokenTransfer
FNDA:4,ERC20_SetTransferReverting_Mock._beforeTokenTransfer
DA:19,4
BRDA:19,0,0,2
BRDA:19,0,1,2
DA:21,2
FNF:2
FNH:2
LF:3
LH:3
BRF:2
BRH:2
end_of_record
TN:
SF:src/test/mocks/ETHDepositMock.sol
FN:9,ETHPOSDepositMock.deposit
FNDA:1822,ETHPOSDepositMock.deposit
FN:17,ETHPOSDepositMock.get_deposit_root
FNDA:0,ETHPOSDepositMock.get_deposit_root
DA:18,0
DA:19,0
FN:24,ETHPOSDepositMock.get_deposit_count
FNDA:0,ETHPOSDepositMock.get_deposit_count
DA:25,0
DA:26,0
FNF:3
FNH:1
LF:4
LH:0
BRF:0
BRH:0
end_of_record
TN:
SF:src/test/mocks/EigenPodManagerMock.sol
FN:8,EigenPodManagerMock.slasher
FNDA:0,EigenPodManagerMock.slasher
FN:10,EigenPodManagerMock.createPod
FNDA:0,EigenPodManagerMock.createPod
FN:12,EigenPodManagerMock.stake
FNDA:0,EigenPodManagerMock.stake
FN:14,EigenPodManagerMock.restakeBeaconChainETH
FNDA:0,EigenPodManagerMock.restakeBeaconChainETH
FN:16,EigenPodManagerMock.recordBeaconChainETHBalanceUpdate
FNDA:0,EigenPodManagerMock.recordBeaconChainETHBalanceUpdate
FN:18,EigenPodManagerMock.withdrawRestakedBeaconChainETH
FNDA:4,EigenPodManagerMock.withdrawRestakedBeaconChainETH
FN:20,EigenPodManagerMock.updateBeaconChainOracle
FNDA:0,EigenPodManagerMock.updateBeaconChainOracle
FN:22,EigenPodManagerMock.ownerToPod
FNDA:0,EigenPodManagerMock.ownerToPod
DA:23,0
FN:26,EigenPodManagerMock.getPod
FNDA:22934,EigenPodManagerMock.getPod
DA:27,22934
FN:30,EigenPodManagerMock.beaconChainOracle
FNDA:0,EigenPodManagerMock.beaconChainOracle
DA:31,0
FN:34,EigenPodManagerMock.getBeaconChainStateRoot
FNDA:0,EigenPodManagerMock.getBeaconChainStateRoot
DA:35,0
FN:38,EigenPodManagerMock.strategyManager
FNDA:0,EigenPodManagerMock.strategyManager
DA:39,0
FN:42,EigenPodManagerMock.decrementWithdrawableRestakedExecutionLayerGwei
FNDA:258,EigenPodManagerMock.decrementWithdrawableRestakedExecutionLayerGwei
FN:44,EigenPodManagerMock.incrementWithdrawableRestakedExecutionLayerGwei
FNDA:0,EigenPodManagerMock.incrementWithdrawableRestakedExecutionLayerGwei
FN:47,EigenPodManagerMock.hasPod
FNDA:0,EigenPodManagerMock.hasPod
DA:48,0
FN:51,EigenPodManagerMock.pause
FNDA:0,EigenPodManagerMock.pause
FN:53,EigenPodManagerMock.pauseAll
FNDA:0,EigenPodManagerMock.pauseAll
FN:55,EigenPodManagerMock.paused
FNDA:0,EigenPodManagerMock.paused
DA:56,0
FN:59,EigenPodManagerMock.paused
FNDA:0,EigenPodManagerMock.paused
DA:60,0
FN:63,EigenPodManagerMock.setPauserRegistry
FNDA:0,EigenPodManagerMock.setPauserRegistry
FN:65,EigenPodManagerMock.pauserRegistry
FNDA:0,EigenPodManagerMock.pauserRegistry
DA:66,0
FN:69,EigenPodManagerMock.unpause
FNDA:0,EigenPodManagerMock.unpause
FNF:22
FNH:3
LF:9
LH:1
BRF:0
BRH:0
end_of_record
TN:
SF:src/test/mocks/EmptyContract.sol
FN:5,EmptyContract.foo
FNDA:0,EmptyContract.foo
DA:6,0
FNF:1
FNH:0
LF:1
LH:0
BRF:0
BRH:0
end_of_record
TN:
SF:src/test/mocks/LiquidStakingToken.sol
FN:14,WETH.deposit
FNDA:0,WETH.deposit
DA:15,0
FN:19,WETH.withdraw
FNDA:0,WETH.withdraw
DA:20,0
BRDA:20,0,0,-
BRDA:20,0,1,-
DA:21,0
DA:22,0
FN:25,WETH.
FNDA:0,WETH.
DA:26,0
FNF:3
FNH:0
LF:5
LH:0
BRF:2
BRH:0
end_of_record
TN:
SF:src/test/mocks/MiddlewareRegistryMock.sol
FN:28,MiddlewareRegistryMock.registerOperator
FNDA:0,MiddlewareRegistryMock.registerOperator
DA:29,0
BRDA:29,0,0,-
BRDA:29,0,1,-
DA:30,0
FN:34,MiddlewareRegistryMock.deregisterOperator
FNDA:0,MiddlewareRegistryMock.deregisterOperator
DA:35,0
DA:36,0
FN:39,MiddlewareRegistryMock.propagateStakeUpdate
FNDA:0,MiddlewareRegistryMock.propagateStakeUpdate
DA:40,0
DA:41,0
FN:44,MiddlewareRegistryMock.isActiveOperator
FNDA:0,MiddlewareRegistryMock.isActiveOperator
DA:45,0
BRDA:45,1,0,-
BRDA:45,1,1,-
DA:46,0
DA:48,0
FNF:4
FNH:0
LF:9
LH:0
BRF:4
BRH:0
end_of_record
TN:
SF:src/test/mocks/Reenterer.sol
FN:18,Reenterer.prepare
FNDA:0,Reenterer.prepare
DA:23,0
DA:24,0
DA:25,0
FN:29,Reenterer.prepare
FNDA:263,Reenterer.prepare
DA:35,263
DA:36,263
DA:37,263
DA:38,263
FN:42,Reenterer.prepareReturnData
FNDA:6,Reenterer.prepareReturnData
DA:43,6
FN:75,Reenterer.
FNDA:15,Reenterer.
DA:77,15
BRDA:77,0,0,-
BRDA:77,0,1,7
DA:78,7
DA:80,15
DA:84,15
BRDA:84,1,0,-
BRDA:84,1,1,15
DA:91,15
DA:94,15
DA:95,15
BRDA:95,2,0,11
BRDA:95,2,1,11
DA:96,11
FNF:4
FNH:3
LF:16
LH:13
BRF:6
BRH:4
end_of_record
TN:
SF:src/test/mocks/RegistryCoordinatorMock.sol
FN:10,RegistryCoordinatorMock.operatorIdToQuorumBitmap
FNDA:0,RegistryCoordinatorMock.operatorIdToQuorumBitmap
FN:12,RegistryCoordinatorMock.getOperator
FNDA:0,RegistryCoordinatorMock.getOperator
FN:15,RegistryCoordinatorMock.getOperatorId
FNDA:0,RegistryCoordinatorMock.getOperatorId
FN:18,RegistryCoordinatorMock.getFromTaskNumberForOperator
FNDA:0,RegistryCoordinatorMock.getFromTaskNumberForOperator
FN:20,RegistryCoordinatorMock.getQuorumBitmapIndicesByOperatorIdsAtBlockNumber
FNDA:0,RegistryCoordinatorMock.getQuorumBitmapIndicesByOperatorIdsAtBlockNumber
FN:23,RegistryCoordinatorMock.getQuorumBitmapByOperatorIdAtBlockNumberByIndex
FNDA:0,RegistryCoordinatorMock.getQuorumBitmapByOperatorIdAtBlockNumberByIndex
FN:26,RegistryCoordinatorMock.getQuorumBitmapUpdateByOperatorIdByIndex
FNDA:0,RegistryCoordinatorMock.getQuorumBitmapUpdateByOperatorIdByIndex
FN:29,RegistryCoordinatorMock.getCurrentQuorumBitmapByOperatorId
FNDA:0,RegistryCoordinatorMock.getCurrentQuorumBitmapByOperatorId
FN:32,RegistryCoordinatorMock.getQuorumBitmapUpdateByOperatorIdLength
FNDA:0,RegistryCoordinatorMock.getQuorumBitmapUpdateByOperatorIdLength
FN:34,RegistryCoordinatorMock.numRegistries
FNDA:0,RegistryCoordinatorMock.numRegistries
FN:36,RegistryCoordinatorMock.registries
FNDA:0,RegistryCoordinatorMock.registries
FN:38,RegistryCoordinatorMock.registerOperatorWithCoordinator
FNDA:0,RegistryCoordinatorMock.registerOperatorWithCoordinator
FN:40,RegistryCoordinatorMock.deregisterOperatorWithCoordinator
FNDA:0,RegistryCoordinatorMock.deregisterOperatorWithCoordinator
FNF:13
FNH:0
LF:0
LH:0
BRF:0
BRH:0
end_of_record
TN:
SF:src/test/mocks/Reverter.sol
FN:6,Reverter.
FNDA:2,Reverter.
DA:7,2
FNF:1
FNH:1
LF:1
LH:1
BRF:0
BRH:0
end_of_record
TN:
SF:src/test/mocks/ServiceManagerMock.sol
FN:21,ServiceManagerMock.taskNumber
FNDA:0,ServiceManagerMock.taskNumber
DA:22,0
FN:26,ServiceManagerMock.freezeOperator
FNDA:0,ServiceManagerMock.freezeOperator
DA:27,0
FN:31,ServiceManagerMock.recordFirstStakeUpdate
FNDA:0,ServiceManagerMock.recordFirstStakeUpdate
FN:34,ServiceManagerMock.recordStakeUpdate
FNDA:0,ServiceManagerMock.recordStakeUpdate
FN:37,ServiceManagerMock.recordLastStakeUpdateAndRevokeSlashingAbility
FNDA:0,ServiceManagerMock.recordLastStakeUpdateAndRevokeSlashingAbility
FN:40,ServiceManagerMock.paymentChallengeToken
FNDA:0,ServiceManagerMock.paymentChallengeToken
DA:41,0
FN:45,ServiceManagerMock.delegationManager
FNDA:0,ServiceManagerMock.delegationManager
DA:46,0
FN:50,ServiceManagerMock.latestServeUntilBlock
FNDA:1026,ServiceManagerMock.latestServeUntilBlock
DA:51,1026
FNF:8
FNH:1
LF:5
LH:1
BRF:0
BRH:0
end_of_record
TN:
SF:src/test/mocks/SlasherMock.sol
FN:13,SlasherMock.setCanWithdrawResponse
FNDA:1,SlasherMock.setCanWithdrawResponse
DA:14,1
FN:17,SlasherMock.setOperatorFrozenStatus
FNDA:257,SlasherMock.setOperatorFrozenStatus
DA:18,257
FN:21,SlasherMock.freezeOperator
FNDA:530,SlasherMock.freezeOperator
DA:22,530
FN:25,SlasherMock.optIntoSlashing
FNDA:0,SlasherMock.optIntoSlashing
FN:27,SlasherMock.resetFrozenStatus
FNDA:0,SlasherMock.resetFrozenStatus
FN:29,SlasherMock.recordFirstStakeUpdate
FNDA:0,SlasherMock.recordFirstStakeUpdate
FN:31,SlasherMock.recordStakeUpdate
FNDA:0,SlasherMock.recordStakeUpdate
FN:33,SlasherMock.recordLastStakeUpdateAndRevokeSlashingAbility
FNDA:0,SlasherMock.recordLastStakeUpdateAndRevokeSlashingAbility
FN:36,SlasherMock.canSlash
FNDA:0,SlasherMock.canSlash
FN:39,SlasherMock.contractCanSlashOperatorUntilBlock
FNDA:0,SlasherMock.contractCanSlashOperatorUntilBlock
FN:42,SlasherMock.latestUpdateBlock
FNDA:0,SlasherMock.latestUpdateBlock
FN:45,SlasherMock.getCorrectValueForInsertAfter
FNDA:0,SlasherMock.getCorrectValueForInsertAfter
FN:47,SlasherMock.canWithdraw
FNDA:520,SlasherMock.canWithdraw
DA:48,520
FN:60,SlasherMock.operatorToMiddlewareTimes
FNDA:0,SlasherMock.operatorToMiddlewareTimes
FN:63,SlasherMock.middlewareTimesLength
FNDA:0,SlasherMock.middlewareTimesLength
FN:66,SlasherMock.getMiddlewareTimesIndexStalestUpdateBlock
FNDA:0,SlasherMock.getMiddlewareTimesIndexStalestUpdateBlock
FN:69,SlasherMock.getMiddlewareTimesIndexServeUntilBlock
FNDA:0,SlasherMock.getMiddlewareTimesIndexServeUntilBlock
FN:72,SlasherMock.operatorWhitelistedContractsLinkedListSize
FNDA:0,SlasherMock.operatorWhitelistedContractsLinkedListSize
FN:75,SlasherMock.operatorWhitelistedContractsLinkedListEntry
FNDA:0,SlasherMock.operatorWhitelistedContractsLinkedListEntry
FNF:19
FNH:4
LF:4
LH:4
BRF:0
BRH:0
end_of_record
TN:
SF:src/test/mocks/StrategyManagerMock.sol
FN:30,StrategyManagerMock.setAddresses
FNDA:1,StrategyManagerMock.setAddresses
DA:32,1
DA:33,1
DA:34,1
FN:37,StrategyManagerMock.depositIntoStrategy
FNDA:0,StrategyManagerMock.depositIntoStrategy
FN:42,StrategyManagerMock.depositBeaconChainETH
FNDA:0,StrategyManagerMock.depositBeaconChainETH
FN:45,StrategyManagerMock.recordBeaconChainETHBalanceUpdate
FNDA:0,StrategyManagerMock.recordBeaconChainETHBalanceUpdate
FN:48,StrategyManagerMock.depositIntoStrategyWithSignature
FNDA:0,StrategyManagerMock.depositIntoStrategyWithSignature
FN:60,StrategyManagerMock.stakerStrategyShares
FNDA:0,StrategyManagerMock.stakerStrategyShares
FN:66,StrategyManagerMock.getDeposits
FNDA:10927,StrategyManagerMock.getDeposits
FN:69,StrategyManagerMock.stakerStrats
FNDA:0,StrategyManagerMock.stakerStrats
FN:72,StrategyManagerMock.stakerStrategyListLength
FNDA:0,StrategyManagerMock.stakerStrategyListLength
FN:75,StrategyManagerMock.queueWithdrawal
FNDA:0,StrategyManagerMock.queueWithdrawal
FN:85,StrategyManagerMock.completeQueuedWithdrawal
FNDA:0,StrategyManagerMock.completeQueuedWithdrawal
FN:93,StrategyManagerMock.completeQueuedWithdrawals
FNDA:0,StrategyManagerMock.completeQueuedWithdrawals
FN:102,StrategyManagerMock.slashShares
FNDA:0,StrategyManagerMock.slashShares
FN:116,StrategyManagerMock.slashQueuedWithdrawal
FNDA:0,StrategyManagerMock.slashQueuedWithdrawal
FN:125,StrategyManagerMock.calculateWithdrawalRoot
FNDA:0,StrategyManagerMock.calculateWithdrawalRoot
FN:133,StrategyManagerMock.beaconChainETHStrategy
FNDA:0,StrategyManagerMock.beaconChainETHStrategy
FN:135,StrategyManagerMock.withdrawalDelayBlocks
FNDA:0,StrategyManagerMock.withdrawalDelayBlocks
FN:137,StrategyManagerMock.addStrategiesToDepositWhitelist
FNDA:0,StrategyManagerMock.addStrategiesToDepositWhitelist
FN:139,StrategyManagerMock.removeStrategiesFromDepositWhitelist
FNDA:0,StrategyManagerMock.removeStrategiesFromDepositWhitelist
FN:141,StrategyManagerMock.undelegate
FNDA:0,StrategyManagerMock.undelegate
FN:145,StrategyManagerMock.forceTotalWithdrawal
FNDA:256,StrategyManagerMock.forceTotalWithdrawal
DA:146,256
DA:147,256
DA:148,256
FNF:21
FNH:3
LF:6
LH:6
BRF:0
BRH:0
end_of_record
TN:
SF:src/test/unit/Utils.sol
FN:9,Utils.deployNewStrategy
FNDA:0,Utils.deployNewStrategy
DA:10,0
DA:11,0
DA:20,0
DA:21,0
FNF:1
FNH:0
LF:4
LH:0
BRF:0
BRH:0
end_of_record
TN:
SF:src/test/utils/BLSMockAVSDeployer.sol
FN:16,BLSMockAVSDeployer._setUpBLSMockAVSDeployer
FNDA:0,BLSMockAVSDeployer._setUpBLSMockAVSDeployer
DA:17,0
DA:18,0
FN:21,BLSMockAVSDeployer._setAggregatePublicKeysAndSignature
FNDA:0,BLSMockAVSDeployer._setAggregatePublicKeysAndSignature
DA:23,0
DA:24,0
DA:25,0
DA:26,0
DA:29,0
DA:30,0
DA:31,0
DA:32,0
DA:34,0
FN:38,BLSMockAVSDeployer._generateSignerAndNonSignerPrivateKeys
FNDA:0,BLSMockAVSDeployer._generateSignerAndNonSignerPrivateKeys
DA:39,0
DA:41,0
DA:42,0
DA:43,0
DA:44,0
DA:47,0
DA:49,0
DA:50,0
DA:51,0
DA:54,0
FN:57,BLSMockAVSDeployer._registerSignatoriesAndGetNonSignerStakeAndSignatureRandom
FNDA:0,BLSMockAVSDeployer._registerSignatoriesAndGetNonSignerStakeAndSignatureRandom
DA:58,0
DA:59,0
DA:62,0
DA:64,0
DA:65,0
DA:66,0
DA:67,0
DA:68,0
DA:69,0
DA:71,0
DA:72,0
DA:73,0
DA:74,0
DA:75,0
BRDA:75,0,0,-
BRDA:75,0,1,-
DA:76,0
DA:77,0
DA:78,0
BRDA:78,1,0,-
BRDA:78,1,1,-
DA:79,0
DA:80,0
DA:81,0
DA:82,0
DA:84,0
DA:85,0
DA:88,0
DA:89,0
DA:92,0
DA:93,0
DA:99,0
DA:100,0
DA:101,0
DA:104,0
DA:105,0
DA:107,0
DA:114,0
DA:115,0
DA:116,0
DA:117,0
DA:118,0
DA:119,0
DA:121,0
FNF:4
FNH:0
LF:61
LH:0
BRF:4
BRH:0
end_of_record
TN:
SF:src/test/utils/MockAVSDeployer.sol
FN:106,MockAVSDeployer._deployMockEigenLayerAndAVS
FNDA:0,MockAVSDeployer._deployMockEigenLayerAndAVS
DA:107,0
FN:110,MockAVSDeployer._deployMockEigenLayerAndAVS
FNDA:0,MockAVSDeployer._deployMockEigenLayerAndAVS
DA:111,0
DA:113,0
DA:115,0
DA:116,0
DA:118,0
DA:119,0
DA:120,0
DA:122,0
DA:123,0
DA:124,0
DA:125,0
DA:126,0
DA:136,0
DA:142,0
DA:143,0
DA:145,0
DA:147,0
DA:149,0
DA:150,0
DA:158,0
DA:168,0
DA:178,0
DA:188,0
DA:194,0
DA:195,0
DA:198,0
DA:199,0
DA:200,0
DA:204,0
DA:205,0
DA:206,0
DA:207,0
DA:208,0
DA:214,0
DA:224,0
DA:232,0
DA:233,0
DA:235,0
DA:242,0
DA:254,0
DA:259,0
DA:264,0
DA:268,0
DA:273,0
DA:275,0
FN:281,MockAVSDeployer._registerOperatorWithCoordinator
FNDA:0,MockAVSDeployer._registerOperatorWithCoordinator
DA:282,0
FN:288,MockAVSDeployer._registerOperatorWithCoordinator
FNDA:0,MockAVSDeployer._registerOperatorWithCoordinator
DA:290,0
DA:292,0
DA:294,0
DA:295,0
DA:296,0
DA:299,0
DA:300,0
FN:306,MockAVSDeployer._registerOperatorWithCoordinator
FNDA:0,MockAVSDeployer._registerOperatorWithCoordinator
DA:308,0
DA:310,0
DA:312,0
DA:313,0
DA:314,0
DA:317,0
DA:318,0
FN:321,MockAVSDeployer._registerRandomOperators
FNDA:0,MockAVSDeployer._registerRandomOperators
DA:322,0
DA:323,0
DA:325,0
DA:326,0
DA:327,0
DA:328,0
DA:329,0
DA:330,0
DA:331,0
DA:336,0
DA:337,0
DA:338,0
DA:340,0
DA:341,0
BRDA:341,0,0,-
BRDA:341,0,1,-
DA:342,0
DA:345,0
DA:346,0
DA:347,0
DA:348,0
BRDA:348,1,0,-
BRDA:348,1,1,-
DA:349,0
DA:350,0
DA:356,0
DA:357,0
DA:359,0
DA:362,0
FN:365,MockAVSDeployer._incrementAddress
FNDA:0,MockAVSDeployer._incrementAddress
DA:366,0
FN:369,MockAVSDeployer._incrementBytes32
FNDA:0,MockAVSDeployer._incrementBytes32
DA:370,0
FN:373,MockAVSDeployer._signOperatorChurnApproval
FNDA:0,MockAVSDeployer._signOperatorChurnApproval
DA:374,0
DA:380,0
DA:381,0
FNF:9
FNH:0
LF:91
LH:0
BRF:4
BRH:0
end_of_record
TN:
SF:src/test/utils/Operators.sol
FN:16,Operators.operatorPrefix
FNDA:0,Operators.operatorPrefix
DA:17,0
FN:20,Operators.getNumOperators
FNDA:0,Operators.getNumOperators
DA:21,0
FN:24,Operators.getOperatorAddress
FNDA:0,Operators.getOperatorAddress
DA:25,0
FN:28,Operators.getOperatorSchnorrSignature
FNDA:0,Operators.getOperatorSchnorrSignature
DA:29,0
DA:30,0
DA:34,0
FN:37,Operators.getOperatorSecretKey
FNDA:0,Operators.getOperatorSecretKey
DA:38,0
FN:41,Operators.getOperatorPubkeyG1
FNDA:0,Operators.getOperatorPubkeyG1
DA:42,0
DA:46,0
FN:49,Operators.getOperatorPubkeyG2
FNDA:0,Operators.getOperatorPubkeyG2
DA:50,0
DA:60,0
FN:63,Operators.readUint
FNDA:0,Operators.readUint
DA:64,0
FN:67,Operators.stringToUint
FNDA:0,Operators.stringToUint
DA:68,0
DA:69,0
DA:70,0
DA:71,0
BRDA:71,0,0,-
BRDA:71,0,1,-
DA:72,0
DA:75,0
FN:77,Operators.setOperatorJsonFilePath
FNDA:0,Operators.setOperatorJsonFilePath
DA:78,0
FNF:10
FNH:0
LF:19
LH:0
BRF:2
BRH:0
end_of_record
TN:
SF:src/test/utils/Owners.sol
FN:16,Owners.ownerPrefix
FNDA:0,Owners.ownerPrefix
DA:17,0
FN:20,Owners.getNumOperators
FNDA:0,Owners.getNumOperators
DA:21,0
FN:24,Owners.getOwnerAddress
FNDA:0,Owners.getOwnerAddress
DA:25,0
FN:28,Owners.getOwnerAddresses
FNDA:0,Owners.getOwnerAddresses
DA:29,0
DA:30,0
DA:32,0
FN:35,Owners.getReputedOwnerAddresses
FNDA:0,Owners.getReputedOwnerAddresses
DA:36,0
DA:37,0
DA:38,0
DA:40,0
FN:43,Owners.resetOwnersConfigJson
FNDA:0,Owners.resetOwnersConfigJson
DA:44,0
FNF:6
FNH:0
LF:11
LH:0
BRF:0
BRH:0
end_of_record
TN:
SF:src/test/utils/ProofParsing.sol
FN:28,ProofParsing.setJSON
FNDA:0,ProofParsing.setJSON
DA:29,0
FN:32,ProofParsing.getSlot
FNDA:0,ProofParsing.getSlot
DA:33,0
FN:36,ProofParsing.getValidatorIndex
FNDA:0,ProofParsing.getValidatorIndex
DA:37,0
FN:40,ProofParsing.getValidatorPubkeyHash
FNDA:0,ProofParsing.getValidatorPubkeyHash
DA:41,0
FN:44,ProofParsing.getWithdrawalIndex
FNDA:0,ProofParsing.getWithdrawalIndex
DA:45,0
FN:48,ProofParsing.getBlockHeaderRootIndex
FNDA:0,ProofParsing.getBlockHeaderRootIndex
DA:49,0
FN:52,ProofParsing.getBeaconStateRoot
FNDA:0,ProofParsing.getBeaconStateRoot
DA:53,0
FN:56,ProofParsing.getBlockHeaderRoot
FNDA:0,ProofParsing.getBlockHeaderRoot
DA:57,0
FN:60,ProofParsing.getBlockBodyRoot
FNDA:0,ProofParsing.getBlockBodyRoot
DA:61,0
FN:64,ProofParsing.getSlotRoot
FNDA:0,ProofParsing.getSlotRoot
DA:65,0
FN:68,ProofParsing.getBalanceRoot
FNDA:0,ProofParsing.getBalanceRoot
DA:69,0
FN:72,ProofParsing.getTimestampRoot
FNDA:0,ProofParsing.getTimestampRoot
DA:73,0
FN:76,ProofParsing.getExecutionPayloadRoot
FNDA:0,ProofParsing.getExecutionPayloadRoot
DA:77,0
FN:80,ProofParsing.getLatestBlockHeaderRoot
FNDA:0,ProofParsing.getLatestBlockHeaderRoot
DA:81,0
FN:83,ProofParsing.getExecutionPayloadProof
FNDA:0,ProofParsing.getExecutionPayloadProof
DA:84,0
DA:85,0
DA:86,0
DA:88,0
FN:91,ProofParsing.getTimestampProof
FNDA:0,ProofParsing.getTimestampProof
DA:92,0
DA:93,0
DA:94,0
DA:96,0
FN:99,ProofParsing.getBlockHeaderProof
FNDA:0,ProofParsing.getBlockHeaderProof
DA:100,0
DA:101,0
DA:102,0
DA:104,0
FN:107,ProofParsing.getSlotProof
FNDA:0,ProofParsing.getSlotProof
DA:108,0
DA:109,0
DA:110,0
DA:112,0
FN:115,ProofParsing.getLatestBlockHeaderProof
FNDA:0,ProofParsing.getLatestBlockHeaderProof
DA:116,0
DA:117,0
DA:118,0
DA:119,0
DA:121,0
FN:124,ProofParsing.getWithdrawalProof
FNDA:0,ProofParsing.getWithdrawalProof
DA:125,0
DA:126,0
DA:127,0
DA:129,0
FN:132,ProofParsing.getValidatorProof
FNDA:0,ProofParsing.getValidatorProof
DA:133,0
DA:134,0
DA:135,0
DA:137,0
FN:140,ProofParsing.getWithdrawalFields
FNDA:0,ProofParsing.getWithdrawalFields
DA:141,0
DA:142,0
DA:143,0
DA:144,0
DA:146,0
FN:150,ProofParsing.getValidatorFields
FNDA:0,ProofParsing.getValidatorFields
DA:151,0
DA:152,0
DA:153,0
DA:154,0
DA:156,0
FN:159,ProofParsing.getValidatorBalanceProof
FNDA:0,ProofParsing.getValidatorBalanceProof
DA:160,0
DA:161,0
DA:162,0
DA:163,0
DA:165,0
FN:168,ProofParsing.getBalanceUpdateSlotProof
FNDA:0,ProofParsing.getBalanceUpdateSlotProof
DA:169,0
DA:170,0
DA:171,0
DA:172,0
DA:174,0
FN:177,ProofParsing.getWithdrawalCredentialProof
FNDA:0,ProofParsing.getWithdrawalCredentialProof
DA:178,0
DA:179,0
DA:180,0
DA:181,0
DA:183,0
FN:186,ProofParsing.getValidatorFieldsProof
FNDA:0,ProofParsing.getValidatorFieldsProof
DA:187,0
DA:188,0
DA:189,0
DA:190,0
DA:192,0
FNF:27
FNH:0
LF:73
LH:0
BRF:0
BRH:0
end_of_record
TN:
SF:src/test/utils/SignatureCompaction.sol
FN:10,SignatureCompaction.ecrecoverPacked
FNDA:0,SignatureCompaction.ecrecoverPacked
DA:11,0
DA:12,0
BRDA:12,0,0,-
BRDA:12,0,1,-
DA:13,0
FN:16,SignatureCompaction.packSignature
FNDA:0,SignatureCompaction.packSignature
DA:17,0
BRDA:17,1,0,-
BRDA:17,1,1,-
DA:19,0
DA:20,0
FN:24,SignatureCompaction.packVS
FNDA:0,SignatureCompaction.packVS
DA:25,0
BRDA:25,2,0,-
BRDA:25,2,1,-
DA:27,0
FNF:3
FNH:0
LF:8
LH:0
BRF:6
BRH:0
end_of_record
