TN:
SF:script/admin/mainnet/Mainnet_Unpause_Deposits.s.sol
FN:14,Mainnet_Unpause_Deposits.run
FNDA:0,Mainnet_Unpause_Deposits.run
DA:15,0
DA:17,0
DA:30,0
DA:41,0
DA:47,0
DA:49,0
DA:50,0
DA:51,0
BRDA:51,0,0,-
BRDA:51,0,1,-
DA:53,0
BRDA:53,1,0,-
BRDA:53,1,1,-
DA:56,0
DA:57,0
DA:58,0
DA:59,0
BRDA:59,2,0,-
BRDA:59,2,1,-
DA:62,0
BRDA:62,3,0,-
BRDA:62,3,1,-
FN:65,Mainnet_Unpause_Deposits.getTxHash
FNDA:0,Mainnet_Unpause_Deposits.getTxHash
DA:67,0
DA:68,0
DA:69,0
FNF:2
FNH:0
LF:17
LH:0
BRF:8
BRH:0
end_of_record
TN:
SF:script/deploy/devnet/Upgrade.s.sol
FN:14,Upgrade.run
FNDA:0,Upgrade.run
DA:16,0
DA:18,0
DA:19,0
DA:20,0
DA:21,0
FNF:1
FNH:0
LF:5
LH:0
BRF:0
BRH:0
end_of_record
TN:
SF:script/deploy/devnet/deploy_from_scratch.s.sol
FN:111,DeployFromScratch.run
FNDA:0,DeployFromScratch.run
DA:113,0
DA:114,0
DA:117,0
DA:118,0
DA:121,0
DA:122,0
DA:123,0
DA:124,0
DA:125,0
DA:129,0
DA:132,0
DA:133,0
DA:134,0
DA:135,0
DA:136,0
DA:137,0
DA:138,0
DA:141,0
DA:144,0
DA:147,0
DA:151,0
DA:155,0
DA:158,0
DA:161,0
DA:165,0
DA:166,0
DA:167,0
DA:169,0
BRDA:169,0,0,-
BRDA:169,0,1,-
DA:170,0
BRDA:170,1,0,-
BRDA:170,1,1,-
DA:173,0
DA:176,0
DA:180,0
DA:181,0
DA:182,0
DA:183,0
DA:184,0
DA:191,0
DA:192,0
DA:195,0
DA:198,0
DA:201,0
DA:204,0
DA:207,0
DA:210,0
DA:215,0
BRDA:215,2,0,-
BRDA:215,2,1,-
DA:216,0
DA:219,0
DA:221,0
DA:227,0
DA:231,0
DA:232,0
DA:233,0
DA:234,0
DA:241,0
DA:251,0
DA:252,0
DA:256,0
DA:266,0
DA:276,0
DA:281,0
DA:290,0
DA:303,0
DA:315,0
DA:318,0
DA:321,0
DA:333,0
DA:336,0
DA:339,0
DA:342,0
DA:349,0
DA:356,0
DA:357,0
DA:358,0
DA:359,0
DA:367,0
BRDA:367,3,0,-
BRDA:367,3,1,-
DA:370,0
BRDA:370,4,0,-
BRDA:370,4,1,-
DA:375,0
DA:377,0
DA:379,0
DA:380,0
DA:381,0
DA:382,0
DA:383,0
DA:384,0
DA:385,0
DA:386,0
DA:387,0
DA:388,0
DA:389,0
DA:390,0
DA:395,0
DA:398,0
DA:401,0
DA:402,0
DA:403,0
DA:404,0
DA:409,0
DA:410,0
DA:415,0
DA:416,0
DA:417,0
DA:419,0
DA:427,0
DA:428,0
DA:431,0
DA:432,0
DA:433,0
DA:434,0
DA:435,0
DA:436,0
DA:438,0
DA:439,0
DA:440,0
DA:443,0
DA:444,0
DA:445,0
DA:448,0
FN:451,DeployFromScratch._verifyContractsPointAtOneAnother
FNDA:0,DeployFromScratch._verifyContractsPointAtOneAnother
DA:458,0
BRDA:458,5,0,-
BRDA:458,5,1,-
DA:463,0
BRDA:463,6,0,-
BRDA:463,6,1,-
DA:467,0
BRDA:467,7,0,-
BRDA:467,7,1,-
DA:471,0
BRDA:471,8,0,-
BRDA:471,8,1,-
DA:475,0
BRDA:475,9,0,-
BRDA:475,9,1,-
DA:480,0
BRDA:480,10,0,-
BRDA:480,10,1,-
DA:484,0
BRDA:484,11,0,-
BRDA:484,11,1,-
DA:488,0
BRDA:488,12,0,-
BRDA:488,12,1,-
DA:492,0
BRDA:492,13,0,-
BRDA:492,13,1,-
FN:498,DeployFromScratch._verifyImplementationsSetCorrectly
FNDA:0,DeployFromScratch._verifyImplementationsSetCorrectly
DA:499,0
BRDA:499,14,0,-
BRDA:499,14,1,-
DA:504,0
BRDA:504,15,0,-
BRDA:504,15,1,-
DA:510,0
BRDA:510,16,0,-
BRDA:510,16,1,-
DA:516,0
BRDA:516,17,0,-
BRDA:516,17,1,-
DA:523,0
BRDA:523,18,0,-
BRDA:523,18,1,-
DA:530,0
BRDA:530,19,0,-
BRDA:530,19,1,-
DA:537,0
BRDA:537,20,0,-
BRDA:537,20,1,-
DA:542,0
BRDA:542,21,0,-
BRDA:542,21,1,-
FN:548,DeployFromScratch._verifyInitialOwners
FNDA:0,DeployFromScratch._verifyInitialOwners
DA:549,0
BRDA:549,22,0,-
BRDA:549,22,1,-
DA:550,0
BRDA:550,23,0,-
BRDA:550,23,1,-
DA:551,0
BRDA:551,24,0,-
BRDA:551,24,1,-
DA:552,0
BRDA:552,25,0,-
BRDA:552,25,1,-
DA:553,0
BRDA:553,26,0,-
BRDA:553,26,1,-
DA:554,0
BRDA:554,27,0,-
BRDA:554,27,1,-
DA:555,0
BRDA:555,28,0,-
BRDA:555,28,1,-
FN:558,DeployFromScratch._checkPauserInitializations
FNDA:0,DeployFromScratch._checkPauserInitializations
DA:559,0
BRDA:559,29,0,-
BRDA:559,29,1,-
DA:560,0
BRDA:560,30,0,-
BRDA:560,30,1,-
DA:564,0
BRDA:564,31,0,-
BRDA:564,31,1,-
DA:568,0
BRDA:568,32,0,-
BRDA:568,32,1,-
DA:572,0
BRDA:572,33,0,-
BRDA:572,33,1,-
DA:577,0
BRDA:577,34,0,-
BRDA:577,34,1,-
DA:578,0
BRDA:578,35,0,-
BRDA:578,35,1,-
DA:579,0
BRDA:579,36,0,-
BRDA:579,36,1,-
DA:580,0
BRDA:580,37,0,-
BRDA:580,37,1,-
DA:582,0
DA:583,0
BRDA:583,38,0,-
BRDA:583,38,1,-
DA:587,0
BRDA:587,39,0,-
BRDA:587,39,1,-
FN:606,DeployFromScratch._verifyInitializationParams
FNDA:0,DeployFromScratch._verifyInitializationParams
DA:613,0
BRDA:613,40,0,-
BRDA:613,40,1,-
DA:618,0
BRDA:618,41,0,-
BRDA:618,41,1,-
DA:623,0
BRDA:623,42,0,-
BRDA:623,42,1,-
DA:627,0
BRDA:627,43,0,-
BRDA:627,43,1,-
FNF:6
FNH:0
LF:157
LH:0
BRF:88
BRH:0
end_of_record
TN:
SF:script/deploy/holesky/Deploy_Preprod_RewardsCoordinator.s.sol
FN:19,Deploy_Preprod_RewardsCoordinator.run
FNDA:0,Deploy_Preprod_RewardsCoordinator.run
DA:20,0
DA:21,0
DA:24,0
DA:25,0
DA:26,0
DA:27,0
DA:28,0
DA:29,0
DA:32,0
DA:34,0
DA:36,0
BRDA:36,0,0,-
BRDA:36,0,1,-
DA:37,0
DA:38,0
BRDA:38,1,0,-
DA:39,0
DA:43,0
DA:46,0
DA:47,0
DA:48,0
DA:49,0
DA:51,0
FNF:1
FNH:0
LF:20
LH:0
BRF:3
BRH:0
end_of_record
TN:
SF:script/deploy/holesky/Deploy_Test_RewardsCoordinator.s.sol
FN:18,Deploy_Test_RewardsCoordinator.run
FNDA:0,Deploy_Test_RewardsCoordinator.run
DA:19,0
DA:20,0
DA:23,0
DA:25,0
DA:27,0
DA:30,0
DA:33,0
DA:34,0
DA:35,0
DA:36,0
DA:38,0
FN:44,Deploy_Test_RewardsCoordinator._deployRewardsCoordinator
FNDA:0,Deploy_Test_RewardsCoordinator._deployRewardsCoordinator
DA:46,0
DA:56,0
FN:77,Deploy_Test_RewardsCoordinator._upgradeRewardsCoordinator
FNDA:0,Deploy_Test_RewardsCoordinator._upgradeRewardsCoordinator
DA:79,0
DA:90,0
FN:96,Deploy_Test_RewardsCoordinator._deployImplementation
FNDA:0,Deploy_Test_RewardsCoordinator._deployImplementation
DA:98,0
BRDA:98,0,0,-
BRDA:98,0,1,-
DA:102,0
BRDA:102,1,0,-
BRDA:102,1,1,-
DA:106,0
BRDA:106,2,0,-
BRDA:106,2,1,-
DA:110,0
BRDA:110,3,0,-
BRDA:110,3,1,-
DA:114,0
BRDA:114,4,0,-
BRDA:114,4,1,-
DA:120,0
FNF:4
FNH:0
LF:21
LH:0
BRF:10
BRH:0
end_of_record
TN:
SF:script/deploy/holesky/Eigen_Strategy_Deploy.s.sol
FN:13,Eigen_Strategy_Deploy.run
FNDA:0,Eigen_Strategy_Deploy.run
DA:14,0
DA:16,0
DA:18,0
DA:20,0
DA:22,0
DA:24,0
DA:26,0
DA:28,0
DA:29,0
FN:32,Eigen_Strategy_Deploy._deployStrategy
FNDA:0,Eigen_Strategy_Deploy._deployStrategy
DA:33,0
DA:35,0
FN:50,Eigen_Strategy_Deploy._setTransferRestrictions
FNDA:0,Eigen_Strategy_Deploy._setTransferRestrictions
DA:51,0
DA:52,0
DA:53,0
DA:54,0
FN:57,Eigen_Strategy_Deploy._verifyDeployment
FNDA:0,Eigen_Strategy_Deploy._verifyDeployment
DA:58,0
DA:59,0
DA:61,0
DA:62,0
DA:64,0
DA:65,0
DA:66,0
FNF:4
FNH:0
LF:22
LH:0
BRF:0
BRH:0
end_of_record
TN:
SF:script/deploy/holesky/Eigen_Token_Deploy.s.sol
FN:30,Eigen_Token_Deploy.run
FNDA:0,Eigen_Token_Deploy.run
DA:31,0
DA:33,0
DA:35,0
DA:37,0
DA:39,0
DA:41,0
DA:42,0
DA:43,0
DA:44,0
DA:45,0
FN:48,Eigen_Token_Deploy._deployToken
FNDA:0,Eigen_Token_Deploy._deployToken
DA:50,0
DA:52,0
DA:56,0
DA:61,0
DA:62,0
DA:64,0
DA:65,0
DA:67,0
DA:68,0
DA:70,0
DA:73,0
DA:85,0
DA:87,0
DA:96,0
FN:99,Eigen_Token_Deploy._verifyDeployment
FNDA:0,Eigen_Token_Deploy._verifyDeployment
DA:100,0
BRDA:100,0,0,-
BRDA:100,0,1,-
DA:101,0
BRDA:101,1,0,-
BRDA:101,1,1,-
DA:103,0
BRDA:103,2,0,-
BRDA:103,2,1,-
DA:104,0
BRDA:104,3,0,-
BRDA:104,3,1,-
DA:106,0
BRDA:106,4,0,-
BRDA:106,4,1,-
DA:107,0
BRDA:107,5,0,-
BRDA:107,5,1,-
DA:109,0
BRDA:109,6,0,-
BRDA:109,6,1,-
DA:110,0
BRDA:110,7,0,-
BRDA:110,7,1,-
DA:112,0
BRDA:112,8,0,-
BRDA:112,8,1,-
FNF:3
FNH:0
LF:33
LH:0
BRF:18
BRH:0
end_of_record
TN:
SF:script/deploy/holesky/M2_Deploy_From_Scratch.s.sol
FN:13,M2_Deploy_Holesky_From_Scratch.run
FNDA:0,M2_Deploy_Holesky_From_Scratch.run
DA:14,0
DA:17,0
DA:19,0
DA:21,0
DA:24,0
DA:27,0
DA:28,0
DA:29,0
DA:30,0
DA:32,0
FN:38,M2_Deploy_Holesky_From_Scratch._deployFromScratch
FNDA:0,M2_Deploy_Holesky_From_Scratch._deployFromScratch
DA:40,0
DA:43,0
DA:44,0
DA:45,0
DA:46,0
DA:47,0
DA:48,0
DA:54,0
DA:55,0
DA:58,0
DA:61,0
DA:64,0
DA:67,0
DA:72,0
DA:78,0
DA:79,0
DA:80,0
DA:81,0
DA:82,0
DA:89,0
DA:92,0
DA:93,0
DA:95,0
DA:106,0
DA:120,0
DA:132,0
DA:143,0
DA:155,0
DA:156,0
DA:158,0
DA:160,0
DA:161,0
DA:164,0
DA:167,0
DA:178,0
DA:180,0
DA:184,0
DA:185,0
DA:188,0
DA:189,0
DA:190,0
DA:191,0
FNF:2
FNH:0
LF:52
LH:0
BRF:0
BRH:0
end_of_record
TN:
SF:script/deploy/holesky/M2_Deploy_Preprod.s.sol
FN:21,M2_Deploy_Holesky_Preprod.run
FNDA:0,M2_Deploy_Holesky_Preprod.run
DA:22,0
DA:25,0
DA:26,0
DA:27,0
DA:28,0
DA:29,0
DA:30,0
DA:33,0
DA:35,0
DA:37,0
DA:40,0
DA:43,0
DA:44,0
DA:45,0
DA:46,0
DA:48,0
FNF:1
FNH:0
LF:16
LH:0
BRF:0
BRH:0
end_of_record
TN:
SF:script/deploy/holesky/Preprod_Upgrade_bEIGEN_and_EIGEN.s.sol
FN:28,Preprod_Upgrade_bEIGEN_and_EIGEN.run
FNDA:0,Preprod_Upgrade_bEIGEN_and_EIGEN.run
DA:30,0
DA:31,0
DA:33,0
BRDA:33,0,0,-
DA:34,0
DA:37,0
DA:38,0
BRDA:38,1,0,-
BRDA:38,1,1,-
DA:41,0
DA:42,0
BRDA:42,2,0,-
BRDA:42,2,1,-
DA:46,0
DA:49,0
DA:52,0
DA:56,0
DA:58,0
DA:59,0
DA:62,0
DA:63,0
DA:67,0
DA:71,0
DA:74,0
DA:75,0
FN:78,Preprod_Upgrade_bEIGEN_and_EIGEN.checkUpgradeCorrectness
FNDA:0,Preprod_Upgrade_bEIGEN_and_EIGEN.checkUpgradeCorrectness
DA:79,0
DA:80,0
BRDA:80,3,0,-
BRDA:80,3,1,-
DA:82,0
BRDA:82,4,0,-
BRDA:82,4,1,-
DA:84,0
BRDA:84,5,0,-
BRDA:84,5,1,-
DA:86,0
BRDA:86,6,0,-
BRDA:86,6,1,-
DA:88,0
FN:91,Preprod_Upgrade_bEIGEN_and_EIGEN.simulateWrapAndUnwrap
FNDA:0,Preprod_Upgrade_bEIGEN_and_EIGEN.simulateWrapAndUnwrap
DA:92,0
DA:93,0
DA:94,0
DA:96,0
DA:97,0
DA:98,0
DA:99,0
DA:100,0
DA:101,0
DA:102,0
DA:103,0
DA:104,0
DA:106,0
BRDA:106,7,0,-
BRDA:106,7,1,-
DA:107,0
BRDA:107,8,0,-
BRDA:107,8,1,-
DA:109,0
BRDA:109,9,0,-
BRDA:109,9,1,-
DA:110,0
BRDA:110,10,0,-
BRDA:110,10,1,-
FNF:3
FNH:0
LF:42
LH:0
BRF:21
BRH:0
end_of_record
TN:
SF:script/deploy/holesky/bEIGEN_and_EIGEN_upgrade.s.sol
FN:32,bEIGEN_and_EIGEN_upgrade.run
FNDA:0,bEIGEN_and_EIGEN_upgrade.run
DA:34,0
DA:35,0
DA:37,0
BRDA:37,0,0,-
DA:38,0
DA:41,0
DA:42,0
DA:44,0
BRDA:44,1,0,-
BRDA:44,1,1,-
DA:46,0
BRDA:46,2,0,-
BRDA:46,2,1,-
DA:50,0
DA:53,0
DA:56,0
DA:59,0
DA:61,0
DA:62,0
DA:65,0
DA:66,0
DA:67,0
FN:70,bEIGEN_and_EIGEN_upgrade.simulatePerformingUpgrade
FNDA:0,bEIGEN_and_EIGEN_upgrade.simulatePerformingUpgrade
DA:71,0
DA:73,0
DA:74,0
DA:75,0
FN:78,bEIGEN_and_EIGEN_upgrade.checkUpgradeCorrectness
FNDA:0,bEIGEN_and_EIGEN_upgrade.checkUpgradeCorrectness
DA:79,0
DA:80,0
BRDA:80,3,0,-
BRDA:80,3,1,-
DA:82,0
BRDA:82,4,0,-
BRDA:82,4,1,-
DA:84,0
BRDA:84,5,0,-
BRDA:84,5,1,-
DA:86,0
BRDA:86,6,0,-
BRDA:86,6,1,-
DA:88,0
FN:91,bEIGEN_and_EIGEN_upgrade.simulateWrapAndUnwrap
FNDA:0,bEIGEN_and_EIGEN_upgrade.simulateWrapAndUnwrap
DA:92,0
DA:93,0
DA:94,0
DA:96,0
DA:97,0
DA:98,0
DA:99,0
DA:100,0
DA:101,0
DA:102,0
DA:103,0
DA:104,0
DA:106,0
BRDA:106,7,0,-
BRDA:106,7,1,-
DA:107,0
BRDA:107,8,0,-
BRDA:107,8,1,-
DA:109,0
BRDA:109,9,0,-
BRDA:109,9,1,-
DA:110,0
BRDA:110,10,0,-
BRDA:110,10,1,-
FNF:4
FNH:0
LF:43
LH:0
BRF:21
BRH:0
end_of_record
TN:
SF:script/deploy/holesky/longtail-preprod-upgrade.s.sol
FN:16,Longtail_Upgrade_Preprod.run
FNDA:0,Longtail_Upgrade_Preprod.run
DA:17,0
DA:20,0
DA:24,0
DA:27,0
DA:29,0
DA:30,0
DA:33,0
DA:35,0
DA:37,0
FN:40,Longtail_Upgrade_Preprod._deployLongtail
FNDA:0,Longtail_Upgrade_Preprod._deployLongtail
DA:42,0
DA:43,0
DA:46,0
DA:47,0
FN:60,Longtail_Upgrade_Preprod._tokensToBlacklist
FNDA:0,Longtail_Upgrade_Preprod._tokensToBlacklist
DA:64,0
DA:65,0
DA:66,0
DA:67,0
DA:68,0
DA:69,0
DA:70,0
DA:71,0
DA:72,0
DA:73,0
DA:74,0
DA:75,0
DA:76,0
DA:78,0
FN:81,Longtail_Upgrade_Preprod._upgradeLongtail
FNDA:0,Longtail_Upgrade_Preprod._upgradeLongtail
DA:82,0
DA:84,0
DA:85,0
FN:88,Longtail_Upgrade_Preprod._sanityChecks
FNDA:0,Longtail_Upgrade_Preprod._sanityChecks
DA:91,0
BRDA:91,0,0,-
BRDA:91,0,1,-
DA:92,0
BRDA:92,1,0,-
BRDA:92,1,1,-
DA:94,0
BRDA:94,2,0,-
BRDA:94,2,1,-
DA:95,0
BRDA:95,3,0,-
BRDA:95,3,1,-
DA:96,0
BRDA:96,4,0,-
BRDA:96,4,1,-
DA:97,0
BRDA:97,5,0,-
BRDA:97,5,1,-
DA:99,0
BRDA:99,6,0,-
BRDA:99,6,1,-
DA:101,0
DA:102,0
DA:103,0
BRDA:103,7,0,-
BRDA:103,7,1,-
DA:107,0
DA:108,0
DA:110,0
BRDA:110,8,0,-
BRDA:110,8,1,-
DA:111,0
BRDA:111,9,0,-
BRDA:111,9,1,-
FNF:5
FNH:0
LF:44
LH:0
BRF:20
BRH:0
end_of_record
TN:
SF:script/deploy/holesky/upgrade_preprod_rewardsCoordinator.s.sol
FN:15,Upgrade_Preprod_RewardsCoordinator.run
FNDA:0,Upgrade_Preprod_RewardsCoordinator.run
DA:16,0
DA:17,0
DA:20,0
DA:21,0
DA:22,0
DA:23,0
DA:24,0
DA:25,0
DA:28,0
DA:30,0
DA:32,0
DA:35,0
DA:38,0
DA:39,0
DA:40,0
DA:41,0
FNF:1
FNH:0
LF:16
LH:0
BRF:0
BRH:0
end_of_record
TN:
SF:script/deploy/holesky/v0.4.3-upgrade_testnet_rewardsCoordinator.s.sol
FN:16,Upgrade_Testnet_RewardsCoordinator.run
FNDA:0,Upgrade_Testnet_RewardsCoordinator.run
DA:17,0
DA:18,0
DA:20,0
DA:23,0
DA:24,0
DA:34,0
DA:36,0
DA:38,0
DA:41,0
DA:47,0
DA:56,0
DA:57,0
DA:58,0
BRDA:58,0,0,-
BRDA:58,0,1,-
DA:61,0
DA:62,0
DA:63,0
DA:64,0
FN:67,Upgrade_Testnet_RewardsCoordinator._sanityCheckImplementations
FNDA:0,Upgrade_Testnet_RewardsCoordinator._sanityCheckImplementations
DA:69,0
DA:74,0
DA:79,0
DA:84,0
DA:89,0
DA:94,0
DA:99,0
FN:106,Upgrade_Testnet_RewardsCoordinator.setRewardForAllSubmitter
FNDA:0,Upgrade_Testnet_RewardsCoordinator.setRewardForAllSubmitter
DA:107,0
DA:109,0
BRDA:109,1,0,-
BRDA:109,1,1,-
DA:112,0
DA:113,0
DA:114,0
DA:116,0
BRDA:116,2,0,-
BRDA:116,2,1,-
FNF:3
FNH:0
LF:30
LH:0
BRF:6
BRH:0
end_of_record
TN:
SF:script/deploy/holesky/v040-holesky-pepe.s.sol
FN:17,PEPE_Deploy_Preprod.run
FNDA:0,PEPE_Deploy_Preprod.run
DA:18,0
DA:21,0
DA:25,0
DA:27,0
DA:28,0
DA:29,0
DA:30,0
DA:31,0
DA:32,0
DA:33,0
DA:34,0
DA:35,0
DA:36,0
DA:39,0
DA:41,0
DA:44,0
DA:46,0
FN:49,PEPE_Deploy_Preprod._deployPEPE
FNDA:0,PEPE_Deploy_Preprod._deployPEPE
DA:51,0
DA:58,0
FN:67,PEPE_Deploy_Preprod._upgradePEPE
FNDA:0,PEPE_Deploy_Preprod._upgradePEPE
DA:69,0
DA:72,0
FNF:3
FNH:0
LF:21
LH:0
BRF:0
BRH:0
end_of_record
TN:
SF:script/deploy/local/Deploy_From_Scratch.s.sol
FN:114,DeployFromScratch.run
FNDA:0,DeployFromScratch.run
DA:116,0
DA:117,0
DA:120,0
DA:121,0
DA:124,0
DA:125,0
DA:126,0
DA:127,0
DA:128,0
DA:132,0
DA:135,0
DA:136,0
DA:137,0
DA:138,0
DA:139,0
DA:140,0
DA:141,0
DA:144,0
DA:147,0
DA:150,0
DA:154,0
DA:158,0
DA:161,0
DA:164,0
DA:169,0
DA:171,0
DA:172,0
DA:173,0
DA:175,0
DA:176,0
DA:178,0
BRDA:178,0,0,-
BRDA:178,0,1,-
DA:179,0
BRDA:179,1,0,-
BRDA:179,1,1,-
DA:182,0
DA:185,0
DA:189,0
DA:190,0
DA:191,0
DA:192,0
DA:193,0
DA:200,0
DA:201,0
DA:204,0
DA:207,0
DA:210,0
DA:213,0
DA:216,0
DA:221,0
BRDA:221,2,0,-
BRDA:221,2,1,-
DA:222,0
DA:225,0
DA:227,0
DA:233,0
DA:237,0
DA:238,0
DA:239,0
DA:240,0
DA:247,0
DA:257,0
DA:261,0
DA:262,0
DA:263,0
DA:276,0
DA:286,0
DA:291,0
DA:300,0
DA:313,0
DA:324,0
DA:326,0
DA:327,0
BRDA:327,3,0,-
DA:328,0
DA:330,0
DA:349,0
DA:352,0
DA:358,0
DA:364,0
DA:365,0
DA:366,0
DA:367,0
DA:370,0
DA:372,0
DA:373,0
DA:374,0
DA:376,0
DA:384,0
DA:385,0
DA:386,0
DA:387,0
DA:388,0
DA:389,0
DA:390,0
DA:391,0
DA:392,0
DA:393,0
DA:394,0
DA:395,0
DA:400,0
DA:401,0
DA:406,0
DA:407,0
DA:412,0
DA:413,0
DA:414,0
DA:415,0
DA:417,0
DA:425,0
DA:426,0
DA:429,0
DA:430,0
DA:431,0
DA:432,0
DA:433,0
DA:434,0
DA:436,0
DA:437,0
DA:438,0
DA:441,0
DA:442,0
DA:443,0
DA:446,0
FN:449,DeployFromScratch._verifyContractsPointAtOneAnother
FNDA:0,DeployFromScratch._verifyContractsPointAtOneAnother
DA:455,0
BRDA:455,4,0,-
BRDA:455,4,1,-
DA:460,0
BRDA:460,5,0,-
BRDA:460,5,1,-
DA:464,0
BRDA:464,6,0,-
BRDA:464,6,1,-
DA:468,0
BRDA:468,7,0,-
BRDA:468,7,1,-
DA:472,0
BRDA:472,8,0,-
BRDA:472,8,1,-
DA:477,0
BRDA:477,9,0,-
BRDA:477,9,1,-
DA:482,0
BRDA:482,10,0,-
BRDA:482,10,1,-
FN:488,DeployFromScratch._verifyImplementationsSetCorrectly
FNDA:0,DeployFromScratch._verifyImplementationsSetCorrectly
DA:489,0
BRDA:489,11,0,-
BRDA:489,11,1,-
DA:494,0
BRDA:494,12,0,-
BRDA:494,12,1,-
DA:500,0
BRDA:500,13,0,-
BRDA:500,13,1,-
DA:506,0
BRDA:506,14,0,-
BRDA:506,14,1,-
DA:513,0
BRDA:513,15,0,-
BRDA:513,15,1,-
DA:520,0
DA:521,0
BRDA:521,16,0,-
BRDA:521,16,1,-
DA:529,0
BRDA:529,17,0,-
BRDA:529,17,1,-
FN:535,DeployFromScratch._verifyInitialOwners
FNDA:0,DeployFromScratch._verifyInitialOwners
DA:536,0
BRDA:536,18,0,-
BRDA:536,18,1,-
DA:537,0
BRDA:537,19,0,-
BRDA:537,19,1,-
DA:538,0
BRDA:538,20,0,-
BRDA:538,20,1,-
DA:540,0
BRDA:540,21,0,-
BRDA:540,21,1,-
DA:541,0
BRDA:541,22,0,-
BRDA:541,22,1,-
FN:544,DeployFromScratch._checkPauserInitializations
FNDA:0,DeployFromScratch._checkPauserInitializations
DA:545,0
BRDA:545,23,0,-
BRDA:545,23,1,-
DA:546,0
BRDA:546,24,0,-
BRDA:546,24,1,-
DA:550,0
BRDA:550,25,0,-
BRDA:550,25,1,-
DA:554,0
BRDA:554,26,0,-
BRDA:554,26,1,-
DA:559,0
BRDA:559,27,0,-
BRDA:559,27,1,-
DA:560,0
BRDA:560,28,0,-
BRDA:560,28,1,-
DA:561,0
BRDA:561,29,0,-
BRDA:561,29,1,-
DA:562,0
BRDA:562,30,0,-
BRDA:562,30,1,-
DA:564,0
DA:565,0
BRDA:565,31,0,-
BRDA:565,31,1,-
DA:569,0
BRDA:569,32,0,-
BRDA:569,32,1,-
FN:588,DeployFromScratch._verifyInitializationParams
FNDA:0,DeployFromScratch._verifyInitializationParams
DA:595,0
BRDA:595,33,0,-
BRDA:595,33,1,-
DA:600,0
BRDA:600,34,0,-
BRDA:600,34,1,-
DA:605,0
BRDA:605,35,0,-
BRDA:605,35,1,-
DA:609,0
BRDA:609,36,0,-
BRDA:609,36,1,-
DA:614,0
DA:615,0
DA:616,0
DA:620,0
DA:624,0
DA:625,0
BRDA:625,37,0,-
BRDA:625,37,1,-
DA:626,0
BRDA:626,38,0,-
BRDA:626,38,1,-
FNF:6
FNH:0
LF:160
LH:0
BRF:77
BRH:0
end_of_record
TN:
SF:script/deploy/local/deploy_from_scratch.slashing.s.sol
FN:114,DeployFromScratch.run
FNDA:0,DeployFromScratch.run
DA:116,0
DA:117,0
DA:120,0
DA:121,0
DA:124,0
DA:125,0
DA:126,0
DA:127,0
DA:128,0
DA:129,0
DA:133,0
DA:136,0
DA:137,0
DA:138,0
DA:139,0
DA:140,0
DA:141,0
DA:142,0
DA:145,0
DA:148,0
DA:151,0
DA:155,0
DA:159,0
DA:162,0
DA:165,0
DA:170,0
DA:172,0
DA:173,0
DA:174,0
DA:176,0
DA:177,0
DA:179,0
BRDA:179,0,0,-
BRDA:179,0,1,-
DA:180,0
BRDA:180,1,0,-
BRDA:180,1,1,-
DA:183,0
DA:186,0
DA:190,0
DA:191,0
DA:192,0
DA:193,0
DA:194,0
DA:201,0
DA:202,0
DA:205,0
DA:208,0
DA:211,0
DA:214,0
DA:217,0
DA:222,0
BRDA:222,2,0,-
BRDA:222,2,1,-
DA:223,0
DA:226,0
DA:228,0
DA:234,0
DA:238,0
DA:239,0
DA:240,0
DA:241,0
DA:248,0
DA:258,0
DA:262,0
DA:263,0
DA:264,0
DA:277,0
DA:287,0
DA:292,0
DA:301,0
DA:314,0
DA:325,0
DA:327,0
DA:328,0
BRDA:328,3,0,-
DA:329,0
DA:331,0
DA:351,0
DA:352,0
DA:353,0
DA:355,0
DA:359,0
DA:362,0
DA:368,0
DA:374,0
DA:375,0
DA:376,0
DA:377,0
DA:380,0
DA:382,0
DA:383,0
DA:384,0
DA:386,0
DA:394,0
DA:395,0
DA:396,0
DA:397,0
DA:398,0
DA:399,0
DA:400,0
DA:401,0
DA:402,0
DA:403,0
DA:404,0
DA:405,0
DA:410,0
DA:411,0
DA:416,0
DA:417,0
DA:422,0
DA:423,0
DA:424,0
DA:425,0
DA:427,0
DA:428,0
DA:430,0
DA:438,0
DA:439,0
DA:442,0
DA:443,0
DA:444,0
DA:445,0
DA:446,0
DA:447,0
DA:449,0
DA:450,0
DA:451,0
DA:454,0
DA:455,0
DA:456,0
DA:459,0
FN:462,DeployFromScratch._verifyContractsPointAtOneAnother
FNDA:0,DeployFromScratch._verifyContractsPointAtOneAnother
DA:468,0
BRDA:468,4,0,-
BRDA:468,4,1,-
DA:473,0
BRDA:473,5,0,-
BRDA:473,5,1,-
DA:477,0
BRDA:477,6,0,-
BRDA:477,6,1,-
DA:481,0
BRDA:481,7,0,-
BRDA:481,7,1,-
DA:485,0
BRDA:485,8,0,-
BRDA:485,8,1,-
DA:490,0
BRDA:490,9,0,-
BRDA:490,9,1,-
DA:495,0
BRDA:495,10,0,-
BRDA:495,10,1,-
FN:501,DeployFromScratch._verifyImplementationsSetCorrectly
FNDA:0,DeployFromScratch._verifyImplementationsSetCorrectly
DA:502,0
BRDA:502,11,0,-
BRDA:502,11,1,-
DA:507,0
BRDA:507,12,0,-
BRDA:507,12,1,-
DA:513,0
BRDA:513,13,0,-
BRDA:513,13,1,-
DA:519,0
BRDA:519,14,0,-
BRDA:519,14,1,-
DA:526,0
BRDA:526,15,0,-
BRDA:526,15,1,-
DA:533,0
DA:534,0
BRDA:534,16,0,-
BRDA:534,16,1,-
DA:542,0
BRDA:542,17,0,-
BRDA:542,17,1,-
FN:548,DeployFromScratch._verifyInitialOwners
FNDA:0,DeployFromScratch._verifyInitialOwners
DA:549,0
BRDA:549,18,0,-
BRDA:549,18,1,-
DA:550,0
BRDA:550,19,0,-
BRDA:550,19,1,-
DA:551,0
BRDA:551,20,0,-
BRDA:551,20,1,-
DA:553,0
BRDA:553,21,0,-
BRDA:553,21,1,-
DA:554,0
BRDA:554,22,0,-
BRDA:554,22,1,-
FN:557,DeployFromScratch._checkPauserInitializations
FNDA:0,DeployFromScratch._checkPauserInitializations
DA:558,0
BRDA:558,23,0,-
BRDA:558,23,1,-
DA:559,0
BRDA:559,24,0,-
BRDA:559,24,1,-
DA:563,0
BRDA:563,25,0,-
BRDA:563,25,1,-
DA:567,0
BRDA:567,26,0,-
BRDA:567,26,1,-
DA:572,0
BRDA:572,27,0,-
BRDA:572,27,1,-
DA:573,0
BRDA:573,28,0,-
BRDA:573,28,1,-
DA:574,0
BRDA:574,29,0,-
BRDA:574,29,1,-
DA:575,0
BRDA:575,30,0,-
BRDA:575,30,1,-
DA:577,0
DA:578,0
BRDA:578,31,0,-
BRDA:578,31,1,-
DA:582,0
BRDA:582,32,0,-
BRDA:582,32,1,-
FN:601,DeployFromScratch._verifyInitializationParams
FNDA:0,DeployFromScratch._verifyInitializationParams
DA:608,0
BRDA:608,33,0,-
BRDA:608,33,1,-
DA:613,0
BRDA:613,34,0,-
BRDA:613,34,1,-
DA:618,0
BRDA:618,35,0,-
BRDA:618,35,1,-
DA:622,0
BRDA:622,36,0,-
BRDA:622,36,1,-
DA:627,0
DA:628,0
DA:629,0
DA:633,0
DA:637,0
DA:638,0
BRDA:638,37,0,-
BRDA:638,37,1,-
DA:639,0
BRDA:639,38,0,-
BRDA:639,38,1,-
FNF:6
FNH:0
LF:167
LH:0
BRF:77
BRH:0
end_of_record
TN:
SF:script/deploy/local/operatorSets/DeployStrategies.s.sol
FN:13,DeployStrategies.run
FNDA:0,DeployStrategies.run
DA:14,0
DA:16,0
DA:17,0
DA:21,0
DA:22,0
DA:24,0
DA:26,0
DA:27,0
DA:28,0
DA:29,0
DA:31,0
DA:34,0
DA:36,0
DA:38,0
DA:40,0
DA:42,0
FN:51,StrategyDeployer.
FNDA:0,StrategyDeployer.
DA:52,0
DA:53,0
FN:56,StrategyDeployer.createManyStrategies
FNDA:0,StrategyDeployer.createManyStrategies
DA:57,0
DA:58,0
DA:60,0
DA:77,0
FNF:3
FNH:0
LF:22
LH:0
BRF:0
BRH:0
end_of_record
TN:
SF:script/deploy/mainnet/Deploy_Strategy_Factory.s.sol
FN:21,MainnetStrategyFactoryDeploy.run
FNDA:0,MainnetStrategyFactoryDeploy.run
DA:23,0
DA:26,0
DA:31,0
DA:33,0
DA:35,0
DA:38,0
DA:41,0
DA:42,0
DA:43,0
DA:44,0
DA:46,0
FN:53,MainnetStrategyFactoryDeploy._deployStrategyFactory
FNDA:0,MainnetStrategyFactoryDeploy._deployStrategyFactory
DA:54,0
FNF:2
FNH:0
LF:12
LH:0
BRF:0
BRH:0
end_of_record
TN:
SF:script/deploy/mainnet/EIGEN_timelock_reduction.s.sol
FN:22,EIGEN_timelock_reduction.run
FNDA:0,EIGEN_timelock_reduction.run
DA:24,0
DA:25,0
DA:27,0
BRDA:27,0,0,-
BRDA:27,0,1,-
DA:30,0
DA:33,0
DA:35,0
BRDA:35,1,0,-
BRDA:35,1,1,-
DA:38,0
DA:42,0
DA:45,0
DA:46,0
DA:56,0
DA:57,0
DA:65,0
DA:67,0
DA:69,0
BRDA:69,2,0,-
BRDA:69,2,1,-
FNF:1
FNH:0
LF:15
LH:0
BRF:6
BRH:0
end_of_record
TN:
SF:script/deploy/mainnet/EIGEN_upgrade.s.sol
FN:32,EIGEN_upgrade.run
FNDA:0,EIGEN_upgrade.run
DA:34,0
DA:35,0
DA:37,0
BRDA:37,0,0,-
BRDA:37,0,1,-
DA:40,0
DA:43,0
DA:45,0
BRDA:45,1,0,-
BRDA:45,1,1,-
DA:49,0
DA:52,0
DA:56,0
DA:58,0
DA:61,0
DA:62,0
DA:63,0
FN:66,EIGEN_upgrade.simulatePerformingUpgrade
FNDA:0,EIGEN_upgrade.simulatePerformingUpgrade
DA:68,0
DA:69,0
DA:74,0
DA:76,0
DA:77,0
DA:86,0
DA:87,0
DA:95,0
FN:98,EIGEN_upgrade.checkUpgradeCorrectness
FNDA:0,EIGEN_upgrade.checkUpgradeCorrectness
DA:99,0
DA:100,0
BRDA:100,2,0,-
BRDA:100,2,1,-
DA:102,0
BRDA:102,3,0,-
BRDA:102,3,1,-
FN:106,EIGEN_upgrade.simulateWrapAndUnwrap
FNDA:0,EIGEN_upgrade.simulateWrapAndUnwrap
DA:107,0
DA:108,0
DA:109,0
DA:111,0
DA:112,0
DA:113,0
DA:114,0
DA:115,0
DA:116,0
DA:117,0
DA:118,0
DA:119,0
DA:121,0
BRDA:121,4,0,-
BRDA:121,4,1,-
DA:122,0
BRDA:122,5,0,-
BRDA:122,5,1,-
DA:124,0
BRDA:124,6,0,-
BRDA:124,6,1,-
DA:125,0
BRDA:125,7,0,-
BRDA:125,7,1,-
FNF:4
FNH:0
LF:40
LH:0
BRF:16
BRH:0
end_of_record
TN:
SF:script/deploy/mainnet/EigenPod_Minor_Upgrade_Deploy.s.sol
FN:55,EigenPod_Minor_Upgrade_Deploy.run
FNDA:0,EigenPod_Minor_Upgrade_Deploy.run
DA:57,0
DA:58,0
DA:61,0
BRDA:61,0,0,-
BRDA:61,0,1,-
DA:62,0
DA:63,0
DA:64,0
DA:66,0
DA:70,0
DA:71,0
DA:72,0
DA:73,0
DA:74,0
DA:75,0
DA:77,0
DA:79,0
DA:83,0
DA:86,0
DA:93,0
DA:96,0
DA:97,0
DA:100,0
DA:101,0
DA:102,0
DA:105,0
DA:112,0
DA:113,0
DA:116,0
DA:119,0
DA:120,0
FN:123,EigenPod_Minor_Upgrade_Deploy.simulatePerformingUpgrade
FNDA:0,EigenPod_Minor_Upgrade_Deploy.simulatePerformingUpgrade
DA:125,0
DA:126,0
FN:129,EigenPod_Minor_Upgrade_Deploy.checkUpgradeCorrectness
FNDA:0,EigenPod_Minor_Upgrade_Deploy.checkUpgradeCorrectness
DA:130,0
FN:133,EigenPod_Minor_Upgrade_Deploy._verifyEigenPodCorrectness
FNDA:0,EigenPod_Minor_Upgrade_Deploy._verifyEigenPodCorrectness
DA:135,0
BRDA:135,1,0,-
BRDA:135,1,1,-
DA:137,0
BRDA:137,2,0,-
BRDA:137,2,1,-
DA:139,0
BRDA:139,3,0,-
BRDA:139,3,1,-
DA:144,0
BRDA:144,4,0,-
BRDA:144,4,1,-
DA:149,0
BRDA:149,5,0,-
BRDA:149,5,1,-
DA:153,0
BRDA:153,6,0,-
BRDA:153,6,1,-
DA:154,0
BRDA:154,7,0,-
BRDA:154,7,1,-
FNF:4
FNH:0
LF:39
LH:0
BRF:16
BRH:0
end_of_record
TN:
SF:script/deploy/mainnet/bEIGEN_timelock_reduction.s.sol
FN:22,bEIGEN_timelock_reduction.run
FNDA:0,bEIGEN_timelock_reduction.run
DA:24,0
DA:25,0
DA:27,0
BRDA:27,0,0,-
BRDA:27,0,1,-
DA:30,0
DA:33,0
DA:35,0
BRDA:35,1,0,-
BRDA:35,1,1,-
DA:38,0
DA:42,0
DA:45,0
DA:46,0
DA:56,0
DA:57,0
DA:65,0
DA:67,0
DA:69,0
BRDA:69,2,0,-
BRDA:69,2,1,-
FNF:1
FNH:0
LF:15
LH:0
BRF:6
BRH:0
end_of_record
TN:
SF:script/deploy/mainnet/bEIGEN_upgrade.s.sol
FN:32,bEIGEN_upgrade.run
FNDA:0,bEIGEN_upgrade.run
DA:34,0
DA:35,0
DA:37,0
BRDA:37,0,0,-
BRDA:37,0,1,-
DA:40,0
DA:43,0
DA:45,0
BRDA:45,1,0,-
BRDA:45,1,1,-
DA:49,0
DA:52,0
DA:56,0
DA:58,0
DA:61,0
DA:62,0
FN:65,bEIGEN_upgrade.simulatePerformingUpgrade
FNDA:0,bEIGEN_upgrade.simulatePerformingUpgrade
DA:67,0
DA:68,0
DA:73,0
DA:75,0
DA:76,0
DA:85,0
DA:86,0
DA:94,0
FN:97,bEIGEN_upgrade.checkUpgradeCorrectness
FNDA:0,bEIGEN_upgrade.checkUpgradeCorrectness
DA:98,0
DA:99,0
BRDA:99,2,0,-
BRDA:99,2,1,-
DA:101,0
BRDA:101,3,0,-
BRDA:101,3,1,-
FNF:3
FNH:0
LF:23
LH:0
BRF:8
BRH:0
end_of_record
TN:
SF:script/deploy/mainnet/v0.3.0-mainnet-rewards.s.sol
FN:18,MainnetRewardsCoordinatorDeploy.run
FNDA:0,MainnetRewardsCoordinatorDeploy.run
DA:19,0
DA:22,0
DA:27,0
DA:29,0
DA:31,0
DA:34,0
DA:37,0
DA:38,0
DA:39,0
DA:40,0
DA:42,0
FN:48,MainnetRewardsCoordinatorDeploy._deployRewardsCoordinator
FNDA:0,MainnetRewardsCoordinatorDeploy._deployRewardsCoordinator
DA:52,0
DA:62,0
FN:83,MainnetRewardsCoordinatorDeploy._upgradeRewardsCoordinator
FNDA:0,MainnetRewardsCoordinatorDeploy._upgradeRewardsCoordinator
DA:85,0
DA:96,0
FNF:3
FNH:0
LF:15
LH:0
BRF:0
BRH:0
end_of_record
TN:
SF:script/deploy/mainnet/v0.4.2-mainnet-pepe.s.sol
FN:17,MainnetPEPEDeploy.run
FNDA:0,MainnetPEPEDeploy.run
DA:18,0
DA:21,0
DA:26,0
DA:28,0
DA:30,0
DA:33,0
DA:35,0
DA:37,0
DA:40,0
DA:41,0
DA:42,0
DA:43,0
DA:45,0
FN:48,MainnetPEPEDeploy._deployPEPE
FNDA:0,MainnetPEPEDeploy._deployPEPE
DA:50,0
DA:57,0
FN:66,MainnetPEPEDeploy._upgradePEPE
FNDA:0,MainnetPEPEDeploy._upgradePEPE
DA:67,0
DA:70,0
DA:73,0
DA:78,0
FN:81,MainnetPEPEDeploy._testDeploy
FNDA:0,MainnetPEPEDeploy._testDeploy
DA:82,0
BRDA:82,0,0,-
BRDA:82,0,1,-
FNF:4
FNH:0
LF:20
LH:0
BRF:2
BRH:0
end_of_record
TN:
SF:script/deploy/mainnet/v0.4.3-upgrade_rewardsCoordinator.s.sol
FN:31,Upgrade_Mainnet_RewardsCoordinator.parseState
FNDA:0,Upgrade_Mainnet_RewardsCoordinator.parseState
DA:32,0
DA:33,0
FN:37,Upgrade_Mainnet_RewardsCoordinator.run
FNDA:0,Upgrade_Mainnet_RewardsCoordinator.run
DA:38,0
DA:39,0
DA:41,0
BRDA:41,0,0,-
DA:42,0
DA:45,0
DA:48,0
DA:49,0
DA:59,0
DA:61,0
DA:63,0
DA:68,0
DA:69,0
DA:72,0
DA:83,0
DA:92,0
DA:93,0
DA:95,0
DA:103,0
DA:111,0
DA:113,0
DA:121,0
FN:124,Upgrade_Mainnet_RewardsCoordinator.run_mainnet_rc_upgrade
FNDA:0,Upgrade_Mainnet_RewardsCoordinator.run_mainnet_rc_upgrade
DA:125,0
DA:127,0
DA:130,0
DA:131,0
DA:132,0
BRDA:132,1,0,-
BRDA:132,1,1,-
DA:135,0
DA:136,0
DA:137,0
DA:138,0
BRDA:138,2,0,-
BRDA:138,2,1,-
DA:141,0
DA:144,0
DA:145,0
DA:146,0
DA:147,0
FN:150,Upgrade_Mainnet_RewardsCoordinator._sanityCheckImplementations
FNDA:0,Upgrade_Mainnet_RewardsCoordinator._sanityCheckImplementations
DA:152,0
DA:157,0
DA:162,0
DA:167,0
DA:172,0
DA:177,0
DA:182,0
FN:189,Upgrade_Mainnet_RewardsCoordinator.run_set_reward_for_all_submitter
FNDA:0,Upgrade_Mainnet_RewardsCoordinator.run_set_reward_for_all_submitter
DA:190,0
DA:193,0
DA:194,0
DA:196,0
FNF:5
FNH:0
LF:48
LH:0
BRF:5
BRH:0
end_of_record
TN:
SF:script/tasks/allocate_operatorSet.s.sol
FN:16,AllocateOperatorSet.run
FNDA:0,AllocateOperatorSet.run
DA:18,0
DA:19,0
DA:22,0
DA:25,0
DA:28,0
DA:31,0
DA:32,0
DA:35,0
DA:36,0
DA:42,0
DA:43,0
DA:46,0
DA:47,0
DA:54,0
DA:57,0
FNF:1
FNH:0
LF:15
LH:0
BRF:0
BRH:0
end_of_record
TN:
SF:script/tasks/complete_withdrawal_from_strategy.s.sol
FN:20,CompleteWithdrawFromStrategy.run
FNDA:0,CompleteWithdrawFromStrategy.run
DA:22,0
DA:23,0
DA:26,0
DA:27,0
DA:30,0
DA:33,0
DA:34,0
DA:37,0
DA:38,0
DA:41,0
DA:44,0
DA:47,0
FN:50,CompleteWithdrawFromStrategy.getWithdrawalStruct
FNDA:0,CompleteWithdrawFromStrategy.getWithdrawalStruct
DA:52,0
DA:53,0
DA:55,0
DA:56,0
DA:59,0
DA:61,0
DA:68,0
DA:70,0
DA:71,0
DA:74,0
DA:75,0
DA:76,0
DA:79,0
DA:90,0
FNF:2
FNH:0
LF:26
LH:0
BRF:0
BRH:0
end_of_record
TN:
SF:script/tasks/deposit_into_strategy.s.sol
FN:28,DepositIntoStrategy.run
FNDA:0,DepositIntoStrategy.run
DA:30,0
DA:31,0
DA:34,0
DA:37,0
DA:39,0
DA:40,0
DA:43,0
DA:46,0
DA:48,0
FNF:1
FNH:0
LF:9
LH:0
BRF:0
BRH:0
end_of_record
TN:
SF:script/tasks/register_as_operator.s.sol
FN:22,RegisterAsOperator.run
FNDA:0,RegisterAsOperator.run
DA:24,0
DA:25,0
DA:28,0
DA:31,0
DA:34,0
DA:37,0
DA:44,0
DA:47,0
FNF:1
FNH:0
LF:8
LH:0
BRF:0
BRH:0
end_of_record
TN:
SF:script/tasks/register_operator_to_operatorSet.s.sol
FN:14,AVSRegistrar.registerOperator
FNDA:0,AVSRegistrar.registerOperator
FN:15,AVSRegistrar.deregisterOperator
FNDA:0,AVSRegistrar.deregisterOperator
FN:16,AVSRegistrar.
FNDA:0,AVSRegistrar.
FN:25,RegisterOperatorToOperatorSets.run
FNDA:0,RegisterOperatorToOperatorSets.run
DA:27,0
DA:28,0
DA:31,0
DA:32,0
DA:33,0
DA:36,0
DA:39,0
DA:40,0
DA:43,0
DA:44,0
DA:45,0
DA:46,0
DA:49,0
DA:54,0
DA:55,0
DA:58,0
DA:59,0
DA:63,0
DA:66,0
DA:71,0
DA:74,0
DA:79,0
DA:82,0
FNF:4
FNH:0
LF:23
LH:0
BRF:0
BRH:0
end_of_record
TN:
SF:script/tasks/slash_operatorSet.s.sol
FN:15,SlashOperatorSet.run
FNDA:0,SlashOperatorSet.run
DA:17,0
DA:18,0
DA:21,0
DA:24,0
DA:27,0
DA:30,0
DA:38,0
DA:41,0
FNF:1
FNH:0
LF:8
LH:0
BRF:0
BRH:0
end_of_record
TN:
SF:script/tasks/unpause_avsDirectory.s.sol
FN:28,UnpauseAVSDirectory.run
FNDA:0,UnpauseAVSDirectory.run
DA:30,0
DA:31,0
DA:34,0
DA:37,0
DA:40,0
DA:43,0
DA:46,0
FNF:1
FNH:0
LF:7
LH:0
BRF:0
BRH:0
end_of_record
TN:
SF:script/tasks/withdraw_from_strategy.s.sol
FN:17,WithdrawFromStrategy.run
FNDA:0,WithdrawFromStrategy.run
DA:19,0
DA:20,0
DA:24,0
DA:27,0
DA:31,0
DA:34,0
DA:35,0
DA:37,0
DA:38,0
DA:40,0
DA:41,0
DA:44,0
DA:47,0
DA:48,0
DA:55,0
DA:58,0
DA:59,0
DA:62,0
DA:65,0
DA:68,0
FNF:1
FNH:0
LF:20
LH:0
BRF:0
BRH:0
end_of_record
TN:
SF:script/utils/ExistingDeploymentParser.sol
FN:137,ExistingDeploymentParser._parseDeployedContracts
FNDA:0,ExistingDeploymentParser._parseDeployedContracts
DA:139,0
DA:140,0
DA:143,0
DA:146,0
DA:147,0
BRDA:147,0,0,-
BRDA:147,0,1,-
DA:149,0
DA:150,0
DA:153,0
DA:154,0
DA:155,0
DA:156,0
DA:157,0
DA:159,0
DA:162,0
DA:165,0
DA:168,0
DA:171,0
DA:172,0
DA:175,0
DA:178,0
DA:181,0
DA:182,0
DA:185,0
DA:186,0
DA:189,0
DA:190,0
DA:193,0
DA:194,0
DA:197,0
DA:200,0
DA:203,0
DA:204,0
DA:206,0
DA:209,0
DA:210,0
DA:214,0
DA:215,0
DA:216,0
DA:217,0
DA:218,0
DA:219,0
DA:220,0
FN:223,ExistingDeploymentParser._parseDeployedEigenPods
FNDA:0,ExistingDeploymentParser._parseDeployedEigenPods
DA:224,0
DA:227,0
DA:230,0
DA:231,0
BRDA:231,1,0,-
BRDA:231,1,1,-
DA:233,0
DA:234,0
DA:235,0
DA:236,0
DA:237,0
FN:246,ExistingDeploymentParser._parseInitialDeploymentParams
FNDA:0,ExistingDeploymentParser._parseInitialDeploymentParams
DA:248,0
DA:249,0
DA:252,0
DA:255,0
DA:256,0
BRDA:256,2,0,-
BRDA:256,2,1,-
DA:258,0
DA:259,0
DA:262,0
DA:263,0
DA:264,0
DA:265,0
DA:268,0
DA:269,0
DA:270,0
DA:271,0
DA:273,0
DA:276,0
DA:279,0
DA:284,0
DA:288,0
DA:292,0
DA:297,0
DA:301,0
DA:306,0
DA:310,0
DA:311,0
DA:312,0
DA:313,0
DA:314,0
DA:315,0
DA:316,0
DA:317,0
DA:320,0
DA:323,0
DA:327,0
DA:329,0
DA:334,0
DA:339,0
DA:340,0
DA:342,0
FN:346,ExistingDeploymentParser._verifyContractPointers
FNDA:0,ExistingDeploymentParser._verifyContractPointers
DA:348,0
BRDA:348,3,0,-
BRDA:348,3,1,-
DA:353,0
BRDA:353,4,0,-
BRDA:353,4,1,-
DA:357,0
BRDA:357,5,0,-
BRDA:357,5,1,-
DA:362,0
BRDA:362,6,0,-
BRDA:362,6,1,-
DA:366,0
BRDA:366,7,0,-
BRDA:366,7,1,-
DA:371,0
BRDA:371,8,0,-
BRDA:371,8,1,-
DA:376,0
BRDA:376,9,0,-
BRDA:376,9,1,-
DA:380,0
BRDA:380,10,0,-
BRDA:380,10,1,-
DA:384,0
BRDA:384,11,0,-
BRDA:384,11,1,-
DA:388,0
BRDA:388,12,0,-
BRDA:388,12,1,-
FN:395,ExistingDeploymentParser._verifyImplementations
FNDA:0,ExistingDeploymentParser._verifyImplementations
DA:396,0
BRDA:396,13,0,-
BRDA:396,13,1,-
DA:401,0
BRDA:401,14,0,-
BRDA:401,14,1,-
DA:407,0
BRDA:407,15,0,-
BRDA:407,15,1,-
DA:413,0
BRDA:413,16,0,-
BRDA:413,16,1,-
DA:419,0
BRDA:419,17,0,-
BRDA:419,17,1,-
DA:426,0
DA:427,0
BRDA:427,18,0,-
BRDA:427,18,1,-
DA:435,0
BRDA:435,19,0,-
BRDA:435,19,1,-
FN:446,ExistingDeploymentParser._verifyContractsInitialized
FNDA:0,ExistingDeploymentParser._verifyContractsInitialized
DA:448,0
DA:449,0
DA:451,0
DA:452,0
DA:460,0
DA:461,0
DA:466,0
DA:467,0
DA:469,0
DA:470,0
DA:475,0
DA:476,0
DA:477,0
FN:486,ExistingDeploymentParser._verifyInitializationParams
FNDA:0,ExistingDeploymentParser._verifyInitializationParams
DA:488,0
BRDA:488,20,0,-
BRDA:488,20,1,-
DA:492,0
BRDA:492,21,0,-
BRDA:492,21,1,-
DA:493,0
BRDA:493,22,0,-
BRDA:493,22,1,-
DA:498,0
BRDA:498,23,0,-
BRDA:498,23,1,-
DA:510,0
BRDA:510,24,0,-
BRDA:510,24,1,-
DA:514,0
BRDA:514,25,0,-
BRDA:514,25,1,-
DA:518,0
BRDA:518,26,0,-
BRDA:518,26,1,-
DA:522,0
BRDA:522,27,0,-
BRDA:522,27,1,-
DA:530,0
BRDA:530,28,0,-
BRDA:530,28,1,-
DA:534,0
BRDA:534,29,0,-
BRDA:534,29,1,-
DA:538,0
BRDA:538,30,0,-
BRDA:538,30,1,-
DA:543,0
BRDA:543,31,0,-
BRDA:543,31,1,-
DA:547,0
BRDA:547,32,0,-
BRDA:547,32,1,-
DA:548,0
BRDA:548,33,0,-
BRDA:548,33,1,-
DA:553,0
BRDA:553,34,0,-
BRDA:553,34,1,-
DA:557,0
BRDA:557,35,0,-
BRDA:557,35,1,-
DA:558,0
BRDA:558,36,0,-
BRDA:558,36,1,-
DA:562,0
BRDA:562,37,0,-
BRDA:562,37,1,-
DA:563,0
BRDA:563,38,0,-
BRDA:563,38,1,-
DA:567,0
DA:575,0
BRDA:575,40,0,-
BRDA:575,40,1,-
DA:579,0
BRDA:579,41,0,-
BRDA:579,41,1,-
DA:580,0
BRDA:580,42,0,-
BRDA:580,42,1,-
DA:584,0
BRDA:584,43,0,-
BRDA:584,43,1,-
DA:589,0
BRDA:589,44,0,-
BRDA:589,44,1,-
DA:591,0
BRDA:591,45,0,-
BRDA:591,45,1,-
DA:595,0
BRDA:595,46,0,-
BRDA:595,46,1,-
DA:600,0
DA:601,0
BRDA:601,47,0,-
BRDA:601,47,1,-
DA:605,0
BRDA:605,48,0,-
BRDA:605,48,1,-
DA:609,0
BRDA:609,49,0,-
BRDA:609,49,1,-
DA:616,0
BRDA:616,50,0,-
BRDA:616,50,1,-
DA:617,0
BRDA:617,51,0,-
BRDA:617,51,1,-
DA:618,0
BRDA:618,52,0,-
BRDA:618,52,1,-
DA:619,0
BRDA:619,53,0,-
BRDA:619,53,1,-
FN:622,ExistingDeploymentParser.logInitialDeploymentParams
FNDA:0,ExistingDeploymentParser.logInitialDeploymentParams
DA:623,0
DA:625,0
DA:626,0
DA:627,0
DA:628,0
DA:630,0
DA:631,0
DA:632,0
DA:636,0
DA:637,0
DA:638,0
DA:640,0
DA:641,0
DA:642,0
DA:644,0
DA:645,0
DA:647,0
DA:649,0
DA:650,0
DA:651,0
DA:652,0
FN:659,ExistingDeploymentParser.logAndOutputContractAddresses
FNDA:0,ExistingDeploymentParser.logAndOutputContractAddresses
DA:661,0
DA:663,0
DA:664,0
DA:665,0
DA:671,0
DA:679,0
DA:680,0
DA:681,0
DA:682,0
DA:683,0
DA:684,0
DA:685,0
DA:690,0
DA:691,0
DA:696,0
DA:697,0
DA:702,0
DA:703,0
DA:708,0
DA:709,0
DA:710,0
DA:711,0
DA:712,0
DA:718,0
DA:719,0
DA:720,0
DA:721,0
DA:722,0
DA:723,0
DA:724,0
DA:726,0
DA:727,0
DA:728,0
DA:731,0
DA:732,0
DA:733,0
DA:735,0
FNF:9
FNH:0
LF:215
LH:0
BRF:106
BRH:0
end_of_record
TN:
SF:script/utils/Multisend.sol
FN:21,MultiSendCallOnly.multiSend
FNDA:0,MultiSendCallOnly.multiSend
DA:24,0
DA:25,0
DA:28,0
DA:30,0
DA:34,0
DA:37,0
DA:39,0
DA:41,0
DA:43,0
DA:44,0
DA:46,0
DA:47,0
DA:50,0
DA:51,0
DA:53,0
BRDA:53,0,0,-
DA:54,0
DA:57,0
FNF:1
FNH:0
LF:17
LH:0
BRF:1
BRH:0
end_of_record
TN:
SF:script/utils/TimelockEncoding.sol
FN:25,TimelockEncoding.encodeForTimelock
FNDA:0,TimelockEncoding.encodeForTimelock
DA:31,0
DA:39,0
DA:41,0
DA:49,0
DA:51,0
FN:54,TimelockEncoding.encodeForExecutor
FNDA:0,TimelockEncoding.encodeForExecutor
DA:62,0
DA:63,0
DA:64,0
DA:65,0
DA:66,0
DA:68,0
DA:81,0
DA:83,0
FN:92,TimelockEncoding.encodeMultisendTxs
FNDA:0,TimelockEncoding.encodeMultisendTxs
DA:93,0
DA:94,0
DA:95,0
DA:106,0
FNF:3
FNH:0
LF:17
LH:0
BRF:0
BRH:0
end_of_record
TN:
SF:script/whitelist/ERC20PresetMinterPauser.sol
FN:37,ERC20PresetMinterPauser.
FNDA:0,ERC20PresetMinterPauser.
DA:38,0
DA:40,0
DA:41,0
FN:53,ERC20PresetMinterPauser.mint
FNDA:0,ERC20PresetMinterPauser.mint
DA:54,0
BRDA:54,0,0,-
BRDA:54,0,1,-
DA:55,0
FN:67,ERC20PresetMinterPauser.pause
FNDA:0,ERC20PresetMinterPauser.pause
DA:68,0
BRDA:68,1,0,-
BRDA:68,1,1,-
FN:81,ERC20PresetMinterPauser.unpause
FNDA:0,ERC20PresetMinterPauser.unpause
DA:82,0
BRDA:82,2,0,-
BRDA:82,2,1,-
FN:85,ERC20PresetMinterPauser._beforeTokenTransfer
FNDA:0,ERC20PresetMinterPauser._beforeTokenTransfer
DA:90,0
FNF:5
FNH:0
LF:8
LH:0
BRF:6
BRH:0
end_of_record
TN:
SF:script/whitelist/Staker.sol
FN:15,Staker.
FNDA:0,Staker.
DA:23,0
DA:24,0
DA:25,0
DA:26,0
FN:29,Staker.callAddress
FNDA:0,Staker.callAddress
DA:30,0
DA:31,0
DA:33,0
DA:42,0
DA:43,0
DA:47,0
FNF:2
FNH:0
LF:10
LH:0
BRF:0
BRH:0
end_of_record
TN:
SF:src/contracts/core/AVSDirectory.sol
FN:30,AVSDirectory.
FNDA:39,AVSDirectory.
DA:34,39
FN:38,AVSDirectory.initialize
FNDA:40,AVSDirectory.initialize
DA:39,39
DA:40,39
FN:50,AVSDirectory.updateAVSMetadataURI
FNDA:1,AVSDirectory.updateAVSMetadataURI
DA:53,1
FN:57,AVSDirectory.cancelSalt
FNDA:2,AVSDirectory.cancelSalt
DA:61,2
FN:71,AVSDirectory.registerOperatorToAVS
FNDA:8,AVSDirectory.registerOperatorToAVS
DA:76,7
BRDA:76,0,0,1
BRDA:76,0,1,6
DA:82,6
BRDA:82,1,0,1
BRDA:82,1,1,5
DA:85,5
BRDA:85,2,0,1
BRDA:85,2,1,4
DA:88,4
DA:101,3
DA:104,3
DA:106,3
FN:110,AVSDirectory.deregisterOperatorFromAVS
FNDA:3,AVSDirectory.deregisterOperatorFromAVS
DA:114,2
BRDA:114,3,0,1
BRDA:114,3,1,1
DA:120,1
DA:122,1
FN:132,AVSDirectory.calculateOperatorAVSRegistrationDigestHash
FNDA:12,AVSDirectory.calculateOperatorAVSRegistrationDigestHash
DA:138,16
FNF:7
FNH:7
LF:16
LH:16
BRF:8
BRH:8
end_of_record
TN:
SF:src/contracts/core/AVSDirectoryStorage.sol
FN:47,AVSDirectoryStorage.
FNDA:39,AVSDirectoryStorage.
DA:50,39
FNF:1
FNH:1
LF:1
LH:1
BRF:0
BRH:0
end_of_record
TN:
SF:src/contracts/core/AllocationManager.sol
FN:36,AllocationManager.
FNDA:361,AllocationManager.
DA:45,361
FN:49,AllocationManager.initialize
FNDA:625,AllocationManager.initialize
DA:50,361
DA:51,361
FN:55,AllocationManager.slashOperator
FNDA:544,AllocationManager.slashOperator
DA:58,543
BRDA:58,0,0,2
BRDA:58,0,1,541
DA:61,541
DA:62,541
DA:63,541
BRDA:63,1,0,-
BRDA:63,1,1,541
DA:64,541
BRDA:64,2,0,1
BRDA:64,2,1,540
DA:66,540
DA:67,540
DA:68,540
DA:71,540
DA:73,541
DA:74,541
DA:75,541
DA:76,541
DA:81,541
BRDA:81,3,0,1
DA:82,1
DA:88,540
DA:89,540
DA:90,540
DA:92,540
DA:93,540
DA:94,540
DA:98,540
BRDA:98,4,0,2
DA:99,2
DA:101,2
DA:103,2
DA:113,540
DA:114,540
DA:117,540
DA:124,540
FN:128,AllocationManager.modifyAllocations
FNDA:6905,AllocationManager.modifyAllocations
DA:132,6904
DA:133,6904
BRDA:133,5,0,2
BRDA:133,5,1,6902
DA:135,6902
DA:136,13033
BRDA:136,6,0,1
BRDA:136,6,1,13032
DA:143,13032
DA:144,13032
DA:145,13032
BRDA:145,7,0,1
BRDA:145,7,1,13031
DA:147,13031
DA:148,22201
DA:153,22201
DA:155,22201
DA:156,22201
DA:157,22201
BRDA:157,8,0,4
BRDA:157,8,1,22197
DA:161,22197
DA:164,22197
DA:165,22197
BRDA:165,9,0,2
BRDA:165,9,1,22195
DA:168,22195
BRDA:168,10,0,8393
BRDA:168,10,1,13537
DA:169,2826
BRDA:169,11,0,2826
BRDA:169,11,1,5567
DA:172,2826
DA:174,2826
DA:177,5567
DA:179,5567
DA:180,5567
DA:182,13802
BRDA:182,12,0,13802
DA:185,13802
DA:186,13802
BRDA:186,13,0,265
BRDA:186,13,1,13537
DA:188,13537
DA:192,21930
FN:198,AllocationManager.clearDeallocationQueue
FNDA:1855,AllocationManager.clearDeallocationQueue
DA:203,1854
BRDA:203,14,0,1
BRDA:203,14,1,1853
DA:205,1853
DA:206,1853
FN:211,AllocationManager.registerForOperatorSets
FNDA:5227,AllocationManager.registerForOperatorSets
DA:215,5226
BRDA:215,15,0,264
BRDA:215,15,1,4962
DA:217,4962
DA:219,6492
DA:220,6492
BRDA:220,16,0,264
BRDA:220,16,1,6228
DA:221,6228
BRDA:221,17,0,264
BRDA:221,17,1,5964
DA:224,5964
DA:225,5964
DA:226,5964
DA:229,5964
DA:233,4434
FN:237,AllocationManager.deregisterFromOperatorSets
FNDA:1057,AllocationManager.deregisterFromOperatorSets
DA:240,1056
BRDA:240,18,0,264
BRDA:240,18,1,792
DA:242,792
DA:244,1568
DA:245,1568
BRDA:245,19,0,264
BRDA:245,19,1,1304
DA:246,1304
BRDA:246,20,0,264
BRDA:246,20,1,1040
DA:249,1040
DA:250,1040
DA:251,1040
DA:255,1040
DA:263,264
FN:267,AllocationManager.setAllocationDelay
FNDA:264,AllocationManager.setAllocationDelay
DA:268,264
BRDA:268,21,0,-
BRDA:268,21,1,264
DA:269,264
FN:273,AllocationManager.setAllocationDelay
FNDA:1921,AllocationManager.setAllocationDelay
DA:276,1921
BRDA:276,22,0,1
BRDA:276,22,1,1920
DA:277,1920
FN:281,AllocationManager.setAVSRegistrar
FNDA:264,AllocationManager.setAVSRegistrar
DA:284,264
DA:285,264
FN:289,AllocationManager.updateAVSMetadataURI
FNDA:0,AllocationManager.updateAVSMetadataURI
DA:292,0
FN:296,AllocationManager.createOperatorSets
FNDA:3773,AllocationManager.createOperatorSets
DA:299,3773
DA:300,10088
DA:303,10088
BRDA:303,23,0,1
BRDA:303,23,1,10087
DA:304,10087
DA:307,10087
DA:308,10087
DA:309,18193
DA:310,18193
FN:316,AllocationManager.addStrategiesToOperatorSet
FNDA:530,AllocationManager.addStrategiesToOperatorSet
DA:317,530
DA:318,530
BRDA:318,24,0,1
BRDA:318,24,1,529
DA:320,529
DA:321,529
DA:322,2017
BRDA:322,25,0,1
BRDA:322,25,1,2016
DA:323,2016
FN:328,AllocationManager.removeStrategiesFromOperatorSet
FNDA:266,AllocationManager.removeStrategiesFromOperatorSet
DA:329,266
DA:330,266
BRDA:330,26,0,1
BRDA:330,26,1,265
DA:332,265
DA:333,265
DA:334,1029
BRDA:334,27,0,1
BRDA:334,27,1,1028
DA:335,1028
FN:351,AllocationManager._clearDeallocationQueue
FNDA:24054,AllocationManager._clearDeallocationQueue
DA:352,24054
DA:353,24054
DA:355,26876
DA:356,4588
DA:357,4588
DA:358,4588
DA:362,4588
BRDA:362,28,0,1766
DA:363,1766
DA:368,2822
DA:371,2822
DA:372,2822
DA:373,2822
FN:383,AllocationManager._setAllocationDelay
FNDA:2184,AllocationManager._setAllocationDelay
DA:384,2184
DA:387,2184
BRDA:387,29,0,529
DA:388,529
DA:389,529
DA:392,2184
DA:393,2184
DA:395,2184
DA:396,2184
FN:399,AllocationManager._isRegistered
FNDA:19801,AllocationManager._isRegistered
DA:400,19801
DA:402,19801
FN:405,AllocationManager._isAllocationSlashable
FNDA:22197,AllocationManager._isAllocationSlashable
DA:412,22197
BRDA:412,30,0,-
DA:413,0
DA:417,22197
BRDA:417,31,0,12229
DA:418,12229
DA:422,9968
BRDA:422,32,0,6612
DA:423,6612
DA:426,3356
FN:437,AllocationManager._getUpdatedAllocation
FNDA:51492,AllocationManager._getUpdatedAllocation
DA:442,51492
DA:447,51492
DA:450,51492
BRDA:450,33,0,10432
DA:451,10432
DA:455,41060
DA:458,41060
BRDA:458,34,0,4099
DA:459,4099
DA:462,41060
DA:463,41060
DA:465,41060
FN:468,AllocationManager._updateAllocationInfo
FNDA:25292,AllocationManager._updateAllocationInfo
DA:476,25292
DA:477,25292
DA:480,25292
DA:481,25292
DA:486,25292
BRDA:486,35,0,16365
BRDA:486,35,1,1282
DA:489,16365
DA:490,16365
DA:491,8927
BRDA:491,36,0,1282
DA:494,1282
DA:496,1282
BRDA:496,37,0,1282
DA:497,1282
FN:502,AllocationManager._updateMaxMagnitude
FNDA:540,AllocationManager._updateMaxMagnitude
DA:503,540
DA:504,540
FN:507,AllocationManager._calcDelta
FNDA:22197,AllocationManager._calcDelta
DA:508,22197
FN:511,AllocationManager._addInt128
FNDA:65544,AllocationManager._addInt128
DA:512,65544
FN:522,AllocationManager.getAllocatedSets
FNDA:1584,AllocationManager.getAllocatedSets
DA:525,1584
DA:527,1584
DA:528,1584
DA:529,1541
DA:532,1584
FN:536,AllocationManager.getAllocatedStrategies
FNDA:2333,AllocationManager.getAllocatedStrategies
DA:540,2333
DA:541,2333
DA:544,2333
DA:547,2333
FN:551,AllocationManager.getAllocation
FNDA:24162,AllocationManager.getAllocation
DA:556,24162
DA:558,24162
FN:562,AllocationManager.getAllocations
FNDA:0,AllocationManager.getAllocations
DA:567,0
DA:569,0
DA:570,0
DA:573,0
FN:577,AllocationManager.getStrategyAllocations
FNDA:0,AllocationManager.getStrategyAllocations
DA:581,0
DA:583,0
DA:584,0
DA:586,0
DA:587,0
DA:589,0
DA:590,0
DA:593,0
FN:597,AllocationManager.getAllocatableMagnitude
FNDA:2648,AllocationManager.getAllocatableMagnitude
DA:602,2648
DA:604,2648
DA:605,2648
DA:606,1543
DA:607,1543
DA:611,1543
BRDA:611,38,0,529
DA:612,529
DA:618,1014
DA:623,2648
FN:627,AllocationManager.getMaxMagnitudes
FNDA:6082,AllocationManager.getMaxMagnitudes
DA:631,6082
DA:633,6082
DA:634,6082
DA:637,6082
FN:641,AllocationManager.getMaxMagnitudes
FNDA:0,AllocationManager.getMaxMagnitudes
DA:642,0
DA:644,0
DA:645,0
DA:648,0
FN:652,AllocationManager.getMaxMagnitudesAtBlock
FNDA:0,AllocationManager.getMaxMagnitudesAtBlock
DA:657,0
DA:659,0
DA:660,0
DA:663,0
FN:667,AllocationManager.getAllocationDelay
FNDA:1849,AllocationManager.getAllocationDelay
DA:670,8753
DA:672,8753
DA:673,8753
DA:676,8753
BRDA:676,39,0,7431
DA:677,7431
DA:678,7431
DA:681,8753
FN:685,AllocationManager.getRegisteredSets
FNDA:528,AllocationManager.getRegisteredSets
DA:688,528
DA:689,528
DA:691,528
DA:692,1018
DA:695,528
FN:699,AllocationManager.isOperatorSet
FNDA:984,AllocationManager.isOperatorSet
DA:702,984
FN:706,AllocationManager.getMembers
FNDA:1018,AllocationManager.getMembers
DA:709,1018
FN:713,AllocationManager.getMemberCount
FNDA:1040,AllocationManager.getMemberCount
DA:716,1040
FN:720,AllocationManager.getAVSRegistrar
FNDA:264,AllocationManager.getAVSRegistrar
DA:723,5226
DA:725,5226
FN:729,AllocationManager.getStrategiesInOperatorSet
FNDA:9768,AllocationManager.getStrategiesInOperatorSet
DA:732,9768
DA:733,9768
DA:736,9768
DA:739,9768
FNF:39
FNH:34
LF:229
LH:207
BRF:66
BRH:63
end_of_record
TN:
SF:src/contracts/core/AllocationManagerStorage.sol
FN:94,AllocationManagerStorage.
FNDA:361,AllocationManagerStorage.
DA:95,361
DA:96,361
DA:97,361
FNF:1
FNH:1
LF:3
LH:3
BRF:0
BRH:0
end_of_record
TN:
SF:src/contracts/core/DelegationManager.sol
FN:35,DelegationManager.onlyStrategyManagerOrEigenPodManager
FNDA:15306,DelegationManager.onlyStrategyManagerOrEigenPodManager
DA:36,15306
BRDA:36,0,0,264
BRDA:36,0,1,15042
FN:43,DelegationManager.onlyEigenPodManager
FNDA:2376,DelegationManager.onlyEigenPodManager
DA:44,2376
BRDA:44,1,0,-
BRDA:44,1,1,2376
FN:48,DelegationManager.onlyAllocationManager
FNDA:3811,DelegationManager.onlyAllocationManager
DA:49,3811
BRDA:49,2,0,264
BRDA:49,2,1,3547
FN:62,DelegationManager.
FNDA:105,DelegationManager.
DA:79,105
FN:82,DelegationManager.initialize
FNDA:106,DelegationManager.initialize
DA:83,105
DA:84,105
FN:94,DelegationManager.registerAsOperator
FNDA:15553,DelegationManager.registerAsOperator
DA:99,15553
BRDA:99,3,0,528
BRDA:99,3,1,15025
DA:101,15025
DA:102,15025
DA:105,15025
DA:106,15025
DA:108,15024
DA:109,15024
FN:113,DelegationManager.modifyOperatorDetails
FNDA:528,DelegationManager.modifyOperatorDetails
DA:116,528
BRDA:116,4,0,264
BRDA:116,4,1,264
DA:117,264
FN:121,DelegationManager.updateOperatorMetadataURI
FNDA:265,DelegationManager.updateOperatorMetadataURI
DA:124,265
BRDA:124,5,0,1
BRDA:124,5,1,264
DA:125,264
FN:129,DelegationManager.delegateTo
FNDA:13826,DelegationManager.delegateTo
DA:134,13826
BRDA:134,6,0,264
BRDA:134,6,1,13562
DA:135,13562
BRDA:135,7,0,264
BRDA:135,7,1,13298
DA:138,13298
FN:142,DelegationManager.undelegate
FNDA:3691,DelegationManager.undelegate
DA:145,3427
BRDA:145,8,0,264
BRDA:145,8,1,3163
DA:146,3163
BRDA:146,9,0,528
BRDA:146,9,1,2635
DA:147,2635
BRDA:147,10,0,1
BRDA:147,10,1,2634
DA:148,2634
DA:149,2634
BRDA:149,11,0,264
BRDA:149,11,1,2370
DA:157,2370
DA:160,2370
DA:161,2370
DA:163,2370
BRDA:163,12,0,264
DA:164,264
DA:168,2370
BRDA:168,13,0,1056
DA:169,1056
DA:172,1314
DA:173,1314
DA:175,1314
DA:176,1314
DA:183,1314
BRDA:183,14,0,1050
BRDA:183,14,1,264
DA:184,1050
DA:185,1050
DA:186,1050
DA:187,1050
DA:188,1050
DA:189,1050
DA:191,1050
DA:199,264
DA:204,264
DA:211,1314
DA:212,1314
DA:215,1314
FN:219,DelegationManager.queueWithdrawals
FNDA:3686,DelegationManager.queueWithdrawals
DA:222,3685
DA:223,3685
DA:225,3685
DA:226,3685
BRDA:226,15,0,1
BRDA:226,15,1,3684
DA:227,3684
BRDA:227,16,0,264
BRDA:227,16,1,3420
DA:229,3420
DA:235,3420
DA:244,3155
FN:248,DelegationManager.completeQueuedWithdrawal
FNDA:2372,DelegationManager.completeQueuedWithdrawal
DA:253,2371
FN:257,DelegationManager.completeQueuedWithdrawals
FNDA:0,DelegationManager.completeQueuedWithdrawals
DA:262,0
DA:263,0
DA:264,0
FN:269,DelegationManager.completeQueuedWithdrawals
FNDA:258,DelegationManager.completeQueuedWithdrawals
DA:274,257
DA:275,257
DA:276,257
DA:277,257
DA:278,257
FN:283,DelegationManager.increaseDelegatedShares
FNDA:15306,DelegationManager.increaseDelegatedShares
DA:290,15042
BRDA:290,17,0,4064
DA:291,4064
DA:292,4064
DA:293,4064
DA:294,4064
DA:297,4064
FN:309,DelegationManager.decreaseBeaconChainScalingFactor
FNDA:2376,DelegationManager.decreaseBeaconChainScalingFactor
DA:315,2376
DA:316,2376
DA:317,2376
DA:318,2376
DA:320,2376
DA:321,2376
DA:322,2376
DA:323,2376
DA:324,2376
DA:327,2376
BRDA:327,18,0,528
DA:329,528
FN:339,DelegationManager.decreaseOperatorShares
FNDA:3811,DelegationManager.decreaseOperatorShares
DA:345,3547
DA:350,3547
FN:366,DelegationManager.completeQueuedWithdrawal
FNDA:0,DelegationManager.completeQueuedWithdrawal
DA:372,0
FN:376,DelegationManager.completeQueuedWithdrawals
FNDA:0,DelegationManager.completeQueuedWithdrawals
DA:382,0
DA:383,0
FN:398,DelegationManager._setOperatorDetails
FNDA:15289,DelegationManager._setOperatorDetails
DA:399,15289
DA:400,15289
FN:416,DelegationManager._delegate
FNDA:28323,DelegationManager._delegate
DA:423,28321
DA:429,28321
BRDA:429,19,0,4224
DA:431,4224
BRDA:431,20,0,528
BRDA:431,20,1,3696
DA:433,3696
DA:442,2376
DA:446,26473
DA:447,26473
DA:451,26473
DA:452,26473
DA:454,26473
DA:456,13486
FN:476,DelegationManager._completeQueuedWithdrawal
FNDA:2628,DelegationManager._completeQueuedWithdrawal
DA:481,2628
BRDA:481,21,0,2
BRDA:481,21,1,2626
DA:482,2626
BRDA:482,22,0,264
BRDA:482,22,1,2362
DA:483,2362
DA:484,2362
BRDA:484,23,0,1
BRDA:484,23,1,2361
DA:486,2361
DA:487,2361
BRDA:487,24,0,512
BRDA:487,24,1,1849
DA:491,1849
DA:497,1849
DA:498,1849
DA:499,1849
DA:503,1057
BRDA:503,25,0,1057
BRDA:503,25,1,792
DA:507,1057
DA:515,792
DA:524,1849
DA:526,1849
DA:528,1849
DA:530,1849
FN:543,DelegationManager._increaseDelegation
FNDA:17550,DelegationManager._increaseDelegation
DA:551,17550
DA:555,17550
BRDA:555,26,0,1048
BRDA:555,26,1,16502
DA:558,16502
DA:559,16502
DA:562,16502
DA:563,16502
FN:573,DelegationManager._decreaseDelegation
FNDA:10814,DelegationManager._decreaseDelegation
DA:580,10814
DA:581,10814
FN:606,DelegationManager._removeSharesAndQueueWithdrawal
FNDA:4470,DelegationManager._removeSharesAndQueueWithdrawal
DA:613,4470
BRDA:613,27,0,-
BRDA:613,27,1,4470
DA:614,4470
BRDA:614,28,0,1
BRDA:614,28,1,4469
DA:616,4469
DA:617,4469
DA:621,4469
DA:622,11786
DA:623,11786
DA:627,11786
BRDA:627,29,0,264
BRDA:627,29,1,11522
DA:629,11522
BRDA:629,30,0,-
BRDA:629,30,1,11522
DA:635,11522
DA:638,11522
BRDA:638,31,0,6739
DA:640,6739
DA:648,11522
DA:651,11522
DA:655,4205
DA:656,4205
DA:658,4205
DA:668,4205
DA:670,4205
DA:672,4205
DA:674,4205
DA:676,4205
DA:677,4205
FN:687,DelegationManager._getShareManager
FNDA:25237,DelegationManager._getShareManager
DA:690,25237
FN:702,DelegationManager.isDelegated
FNDA:4214,DelegationManager.isDelegated
DA:705,54438
FN:709,DelegationManager.isOperator
FNDA:6861,DelegationManager.isOperator
DA:712,24379
FN:716,DelegationManager.operatorDetails
FNDA:0,DelegationManager.operatorDetails
DA:719,0
FN:723,DelegationManager.delegationApprover
FNDA:11872,DelegationManager.delegationApprover
DA:726,11872
FN:730,DelegationManager.getOperatorShares
FNDA:0,DelegationManager.getOperatorShares
DA:734,0
DA:735,0
DA:736,0
DA:738,0
FN:742,DelegationManager.getOperatorsShares
FNDA:0,DelegationManager.getOperatorsShares
DA:746,0
DA:747,0
DA:748,0
DA:750,0
FN:754,DelegationManager.getWithdrawableShares
FNDA:7114,DelegationManager.getWithdrawableShares
DA:758,7114
DA:759,7114
DA:760,7114
DA:761,7114
DA:763,7114
DA:764,11338
DA:768,11338
DA:771,11338
DA:774,7114
FN:778,DelegationManager.getDepositedShares
FNDA:0,DelegationManager.getDepositedShares
DA:782,28843
DA:785,28843
DA:786,28843
BRDA:786,32,0,26971
DA:787,26971
DA:791,1872
DA:792,1872
DA:794,1872
DA:795,1872
DA:798,1872
DA:799,552
DA:800,552
DA:803,1872
FN:807,DelegationManager.getQueuedWithdrawals
FNDA:0,DelegationManager.getQueuedWithdrawals
DA:810,0
DA:811,0
DA:813,0
DA:814,0
DA:816,0
DA:818,0
DA:819,0
DA:821,0
DA:823,0
DA:824,0
DA:826,0
FN:833,DelegationManager.calculateWithdrawalRoot
FNDA:4206,DelegationManager.calculateWithdrawalRoot
DA:836,10773
FN:840,DelegationManager.calculateDelegationApprovalDigestHash
FNDA:3168,DelegationManager.calculateDelegationApprovalDigestHash
DA:848,6864
FNF:37
FNH:29
LF:196
LH:170
BRF:59
BRH:56
end_of_record
TN:
SF:src/contracts/core/DelegationManagerStorage.sol
FN:117,DelegationManagerStorage.
FNDA:105,DelegationManagerStorage.
DA:124,105
DA:125,105
DA:126,105
DA:127,105
DA:128,105
FNF:1
FNH:1
LF:5
LH:5
BRF:0
BRH:0
end_of_record
TN:
SF:src/contracts/core/RewardsCoordinator.sol
FN:32,RewardsCoordinator.onlyRewardsUpdater
FNDA:18852,RewardsCoordinator.onlyRewardsUpdater
DA:33,18852
BRDA:33,0,0,-
BRDA:33,0,1,264
FN:37,RewardsCoordinator.onlyRewardsForAllSubmitter
FNDA:1048,RewardsCoordinator.onlyRewardsForAllSubmitter
DA:38,1048
BRDA:38,1,0,264
BRDA:38,1,1,784
FN:43,RewardsCoordinator.
FNDA:48,RewardsCoordinator.
DA:64,48
FN:71,RewardsCoordinator.initialize
FNDA:48,RewardsCoordinator.initialize
DA:78,48
DA:79,48
DA:80,48
DA:81,48
DA:82,48
FN:92,RewardsCoordinator.createAVSRewardsSubmission
FNDA:2897,RewardsCoordinator.createAVSRewardsSubmission
DA:95,2896
DA:96,3406
DA:97,3406
DA:98,3406
DA:100,3406
DA:102,1030
DA:103,1030
DA:105,1030
DA:106,1030
FN:111,RewardsCoordinator.createRewardsForAllSubmission
FNDA:1049,RewardsCoordinator.createRewardsForAllSubmission
DA:114,784
DA:115,1272
DA:116,1272
DA:117,1272
DA:119,1272
DA:121,1008
DA:122,1008
DA:124,1008
DA:125,1008
FN:130,RewardsCoordinator.createRewardsForAllEarners
FNDA:1049,RewardsCoordinator.createRewardsForAllEarners
DA:133,784
DA:134,1272
DA:135,1272
DA:136,1272
DA:138,1272
DA:140,1008
DA:141,1008
DA:143,1008
DA:146,1008
FN:151,RewardsCoordinator.processClaim
FNDA:4214,RewardsCoordinator.processClaim
DA:155,4214
DA:156,4214
DA:158,2904
DA:159,2904
DA:160,2904
BRDA:160,2,0,1496
DA:161,1496
DA:163,2904
BRDA:163,3,0,-
BRDA:163,3,1,2904
DA:164,2904
DA:165,11352
DA:167,11352
DA:168,11352
BRDA:168,4,0,528
BRDA:168,4,1,10824
DA:171,10824
DA:172,10824
DA:174,10824
DA:175,10824
FN:180,RewardsCoordinator.submitRoot
FNDA:18853,RewardsCoordinator.submitRoot
DA:184,18588
BRDA:184,5,0,-
BRDA:184,5,1,18588
DA:187,18588
BRDA:187,6,0,-
BRDA:187,6,1,18588
DA:188,18588
DA:189,18588
DA:190,18588
DA:198,18588
DA:199,18588
FN:203,RewardsCoordinator.disableRoot
FNDA:264,RewardsCoordinator.disableRoot
DA:206,264
BRDA:206,7,0,-
BRDA:206,7,1,264
DA:207,264
DA:208,264
BRDA:208,8,0,-
BRDA:208,8,1,264
DA:209,264
BRDA:209,9,0,-
BRDA:209,9,1,264
DA:210,264
DA:211,264
FN:215,RewardsCoordinator.setClaimerFor
FNDA:1925,RewardsCoordinator.setClaimerFor
DA:218,1925
DA:219,1925
DA:220,1925
DA:221,1925
FN:225,RewardsCoordinator.setActivationDelay
FNDA:528,RewardsCoordinator.setActivationDelay
DA:228,264
FN:232,RewardsCoordinator.setGlobalOperatorCommission
FNDA:528,RewardsCoordinator.setGlobalOperatorCommission
DA:235,264
FN:239,RewardsCoordinator.setRewardsUpdater
FNDA:576,RewardsCoordinator.setRewardsUpdater
DA:242,312
FN:246,RewardsCoordinator.setRewardsForAllSubmitter
FNDA:576,RewardsCoordinator.setRewardsForAllSubmitter
DA:247,312
DA:248,312
DA:249,312
FN:261,RewardsCoordinator._validateRewardsSubmission
FNDA:5950,RewardsCoordinator._validateRewardsSubmission
DA:264,5950
BRDA:264,10,0,264
BRDA:264,10,1,5686
DA:265,5686
BRDA:265,11,0,8
BRDA:265,11,1,5678
DA:266,5678
BRDA:266,12,0,438
BRDA:266,12,1,5240
DA:267,5240
BRDA:267,13,0,264
BRDA:267,13,1,4976
DA:268,4976
BRDA:268,14,0,264
BRDA:268,14,1,4712
DA:269,4712
BRDA:269,15,0,610
BRDA:269,15,1,4102
DA:270,4102
BRDA:270,16,0,264
BRDA:270,16,1,3838
DA:275,3838
BRDA:275,17,0,264
BRDA:275,17,1,3574
DA:278,3574
DA:279,3574
DA:280,9930
DA:281,9930
BRDA:281,18,0,264
BRDA:281,18,1,9666
DA:285,9666
BRDA:285,19,0,264
BRDA:285,19,1,9402
DA:286,9402
FN:290,RewardsCoordinator._checkClaim
FNDA:8164,RewardsCoordinator._checkClaim
DA:291,8164
BRDA:291,20,0,264
BRDA:291,20,1,7900
DA:292,7900
BRDA:292,21,0,-
BRDA:292,21,1,7900
DA:293,7900
BRDA:293,22,0,-
BRDA:293,22,1,7900
DA:294,7900
BRDA:294,23,0,-
BRDA:294,23,1,7900
DA:297,7900
DA:304,7113
DA:305,31879
FN:322,RewardsCoordinator._verifyTokenClaimProof
FNDA:31879,RewardsCoordinator._verifyTokenClaimProof
DA:330,31879
BRDA:330,24,0,259
BRDA:330,24,1,31620
DA:333,31620
DA:334,31620
BRDA:334,25,0,528
BRDA:334,25,1,31092
FN:354,RewardsCoordinator._verifyEarnerClaimProof
FNDA:7900,RewardsCoordinator._verifyEarnerClaimProof
DA:362,7900
BRDA:362,26,0,259
BRDA:362,26,1,7641
DA:364,7641
DA:366,7641
BRDA:366,27,0,528
BRDA:366,27,1,7113
FN:377,RewardsCoordinator._setActivationDelay
FNDA:312,RewardsCoordinator._setActivationDelay
DA:380,312
DA:381,312
FN:384,RewardsCoordinator._setGlobalOperatorCommission
FNDA:312,RewardsCoordinator._setGlobalOperatorCommission
DA:387,312
DA:388,312
FN:391,RewardsCoordinator._setRewardsUpdater
FNDA:360,RewardsCoordinator._setRewardsUpdater
DA:394,360
DA:395,360
FN:405,RewardsCoordinator.calculateEarnerLeafHash
FNDA:0,RewardsCoordinator.calculateEarnerLeafHash
DA:408,7641
FN:412,RewardsCoordinator.calculateTokenLeafHash
FNDA:0,RewardsCoordinator.calculateTokenLeafHash
DA:415,31620
FN:419,RewardsCoordinator.checkClaim
FNDA:3950,RewardsCoordinator.checkClaim
DA:422,3950
DA:423,3422
FN:427,RewardsCoordinator.operatorCommissionBips
FNDA:0,RewardsCoordinator.operatorCommissionBips
DA:431,0
FN:435,RewardsCoordinator.getDistributionRootsLength
FNDA:8418,RewardsCoordinator.getDistributionRootsLength
DA:436,8418
FN:440,RewardsCoordinator.getDistributionRootAtIndex
FNDA:4742,RewardsCoordinator.getDistributionRootAtIndex
DA:443,4742
FN:447,RewardsCoordinator.getCurrentDistributionRoot
FNDA:264,RewardsCoordinator.getCurrentDistributionRoot
DA:448,264
FN:452,RewardsCoordinator.getCurrentClaimableDistributionRoot
FNDA:0,RewardsCoordinator.getCurrentClaimableDistributionRoot
DA:453,0
DA:454,0
DA:455,0
BRDA:455,28,0,-
DA:456,0
DA:460,0
FN:464,RewardsCoordinator.getRootIndexFromHash
FNDA:264,RewardsCoordinator.getRootIndexFromHash
DA:467,264
DA:468,5308
BRDA:468,29,0,264
DA:469,264
DA:472,0
FNF:31
FNH:27
LF:123
LH:116
BRF:57
BRH:46
end_of_record
TN:
SF:src/contracts/core/RewardsCoordinatorStorage.sol
FN:106,RewardsCoordinatorStorage.
FNDA:48,RewardsCoordinatorStorage.
DA:115,48
BRDA:115,0,0,-
BRDA:115,0,1,48
DA:118,48
BRDA:118,1,0,-
BRDA:118,1,1,48
DA:119,48
DA:120,48
DA:121,48
DA:122,48
DA:123,48
DA:124,48
DA:125,48
FNF:1
FNH:1
LF:9
LH:9
BRF:4
BRH:2
end_of_record
TN:
SF:src/contracts/core/StrategyManager.sol
FN:34,StrategyManager.onlyStrategyWhitelister
FNDA:1378,StrategyManager.onlyStrategyWhitelister
DA:35,1378
BRDA:35,0,0,264
BRDA:35,0,1,259
FN:39,StrategyManager.onlyStrategiesWhitelistedForDeposit
FNDA:4453,StrategyManager.onlyStrategiesWhitelistedForDeposit
DA:42,4453
BRDA:42,1,0,2
BRDA:42,1,1,4451
FN:46,StrategyManager.onlyDelegationManager
FNDA:515,StrategyManager.onlyDelegationManager
DA:47,515
BRDA:47,2,0,1
BRDA:47,2,1,1052
FN:54,StrategyManager.
FNDA:76,StrategyManager.
DA:58,76
FN:69,StrategyManager.initialize
FNDA:77,StrategyManager.initialize
DA:74,76
DA:75,76
DA:76,76
FN:80,StrategyManager.depositIntoStrategy
FNDA:3680,StrategyManager.depositIntoStrategy
DA:85,3677
FN:89,StrategyManager.depositIntoStrategyWithSignature
FNDA:1560,StrategyManager.depositIntoStrategyWithSignature
DA:98,1559
DA:100,1559
DA:108,776
DA:111,776
FN:115,StrategyManager.removeDepositShares
FNDA:2084,StrategyManager.removeDepositShares
DA:120,2082
FN:124,StrategyManager.addShares
FNDA:1053,StrategyManager.addShares
DA:130,1052
FN:134,StrategyManager.withdrawSharesAsTokens
FNDA:515,StrategyManager.withdrawSharesAsTokens
DA:140,515
FN:144,StrategyManager.setStrategyWhitelister
FNDA:555,StrategyManager.setStrategyWhitelister
DA:147,291
FN:151,StrategyManager.addStrategiesToDepositWhitelist
FNDA:1378,StrategyManager.addStrategiesToDepositWhitelist
DA:154,1114
DA:155,1114
DA:157,2898
BRDA:157,3,0,2816
DA:158,2816
DA:159,2816
FN:165,StrategyManager.removeStrategiesFromDepositWhitelist
FNDA:523,StrategyManager.removeStrategiesFromDepositWhitelist
DA:168,259
DA:169,259
DA:171,280
BRDA:171,4,0,280
DA:172,280
DA:173,280
FN:190,StrategyManager._addShares
FNDA:5498,StrategyManager._addShares
DA:192,5498
BRDA:192,5,0,264
BRDA:192,5,1,5234
DA:193,5234
BRDA:193,6,0,265
BRDA:193,6,1,4969
DA:195,4969
DA:198,4969
BRDA:198,7,0,4709
DA:199,4709
BRDA:199,8,0,2
BRDA:199,8,1,4707
DA:200,4707
DA:204,4967
DA:207,4967
DA:214,4967
FN:226,StrategyManager._depositIntoStrategy
FNDA:4453,StrategyManager._depositIntoStrategy
DA:233,4451
DA:236,4448
DA:239,4446
DA:241,0
FN:252,StrategyManager._removeDepositShares
FNDA:2082,StrategyManager._removeDepositShares
DA:258,2082
BRDA:258,9,0,259
BRDA:258,9,1,1823
DA:261,1823
DA:265,1823
BRDA:265,10,0,257
BRDA:265,10,1,1566
DA:266,1566
DA:269,1566
DA:272,1566
BRDA:272,11,0,538
DA:273,538
DA:276,538
DA:279,1028
FN:287,StrategyManager._removeStrategyFromStakerStrategyList
FNDA:538,StrategyManager._removeStrategyFromStakerStrategyList
DA:289,538
DA:290,538
DA:291,774
DA:292,774
BRDA:292,12,0,538
DA:294,538
DA:295,538
DA:299,538
BRDA:299,13,0,-
BRDA:299,13,1,538
DA:301,538
FN:308,StrategyManager._setStrategyWhitelister
FNDA:367,StrategyManager._setStrategyWhitelister
DA:311,367
DA:312,367
FN:318,StrategyManager.getDeposits
FNDA:0,StrategyManager.getDeposits
DA:321,0
DA:322,0
DA:324,0
DA:325,0
DA:327,0
FN:330,StrategyManager.getStakerStrategyList
FNDA:0,StrategyManager.getStakerStrategyList
DA:333,0
FN:337,StrategyManager.stakerStrategyListLength
FNDA:14324,StrategyManager.stakerStrategyListLength
DA:340,14324
FN:344,StrategyManager.calculateStrategyDepositDigestHash
FNDA:0,StrategyManager.calculateStrategyDepositDigestHash
DA:353,1559
FNF:22
FNH:19
LF:66
LH:59
BRF:23
BRH:22
end_of_record
TN:
SF:src/contracts/core/StrategyManagerStorage.sol
FN:74,StrategyManagerStorage.
FNDA:76,StrategyManagerStorage.
DA:77,76
FNF:1
FNH:1
LF:1
LH:1
BRF:0
BRH:0
end_of_record
TN:
SF:src/contracts/libraries/BeaconChainProofs.sol
FN:108,BeaconChainProofs.verifyStateRoot
FNDA:20060,BeaconChainProofs.verifyStateRoot
DA:109,20060
BRDA:109,0,0,528
BRDA:109,0,1,19532
DA:115,19532
BRDA:115,1,0,528
BRDA:115,1,1,19004
FN:136,BeaconChainProofs.verifyValidatorFields
FNDA:124002,BeaconChainProofs.verifyValidatorFields
DA:142,124002
BRDA:142,2,0,528
BRDA:142,2,1,123474
DA:146,123474
BRDA:146,3,0,528
BRDA:146,3,1,122946
DA:152,122946
DA:160,122946
DA:162,122946
BRDA:162,4,0,528
BRDA:162,4,1,122418
FN:188,BeaconChainProofs.verifyBalanceContainer
FNDA:11348,BeaconChainProofs.verifyBalanceContainer
DA:189,11348
BRDA:189,5,0,264
BRDA:189,5,1,11084
DA:200,11084
DA:202,11084
BRDA:202,6,0,264
BRDA:202,6,1,10820
FN:218,BeaconChainProofs.verifyValidatorBalance
FNDA:53274,BeaconChainProofs.verifyValidatorBalance
DA:225,53274
BRDA:225,7,0,264
BRDA:225,7,1,53010
DA:232,53010
DA:234,53010
BRDA:234,8,0,264
BRDA:234,8,1,52746
DA:245,52746
FN:257,BeaconChainProofs.getBalanceAtIndex
FNDA:706753,BeaconChainProofs.getBalanceAtIndex
DA:258,706753
DA:259,706753
FN:275,BeaconChainProofs.getPubkeyHash
FNDA:127698,BeaconChainProofs.getPubkeyHash
DA:278,127698
FN:282,BeaconChainProofs.getWithdrawalCredentials
FNDA:122154,BeaconChainProofs.getWithdrawalCredentials
DA:285,122154
FN:289,BeaconChainProofs.getEffectiveBalanceGwei
FNDA:121890,BeaconChainProofs.getEffectiveBalanceGwei
DA:292,121890
FN:296,BeaconChainProofs.getActivationEpoch
FNDA:123210,BeaconChainProofs.getActivationEpoch
DA:299,123210
FN:303,BeaconChainProofs.isValidatorSlashed
FNDA:2904,BeaconChainProofs.isValidatorSlashed
DA:306,2904
FN:310,BeaconChainProofs.getExitEpoch
FNDA:122946,BeaconChainProofs.getExitEpoch
DA:313,122946
FNF:11
FNH:11
LF:22
LH:22
BRF:18
BRH:18
end_of_record
TN:
SF:src/contracts/libraries/BytesLib.sol
FN:15,BytesLib.concat
FNDA:0,BytesLib.concat
DA:16,0
DA:21,0
DA:25,0
DA:26,0
DA:31,0
DA:34,0
DA:40,0
DA:42,0
DA:43,0
DA:44,0
DA:47,0
DA:53,0
DA:54,0
DA:58,0
DA:61,0
DA:63,0
DA:64,0
DA:65,0
DA:66,0
DA:73,0
DA:82,0
FN:85,BytesLib.concatStorage
FNDA:0,BytesLib.concatStorage
DA:90,0
DA:98,0
DA:99,0
DA:100,0
DA:105,0
DA:109,0
DA:136,0
DA:140,0
DA:141,0
DA:144,0
DA:155,0
DA:156,0
DA:157,0
DA:158,0
DA:160,0
DA:171,0
DA:172,0
DA:173,0
DA:174,0
DA:176,0
DA:178,0
DA:180,0
DA:182,0
DA:184,0
DA:187,0
DA:191,0
DA:193,0
DA:194,0
DA:195,0
DA:196,0
DA:197,0
DA:199,0
DA:204,0
DA:205,0
DA:206,0
DA:207,0
DA:209,0
DA:211,0
FN:216,BytesLib.slice
FNDA:0,BytesLib.slice
DA:217,0
BRDA:217,0,0,-
BRDA:217,0,1,-
DA:218,0
BRDA:218,1,0,-
BRDA:218,1,1,-
DA:220,0
DA:224,0
DA:227,0
DA:237,0
DA:243,0
DA:244,0
DA:250,0
DA:251,0
DA:252,0
DA:253,0
DA:255,0
DA:259,0
DA:262,0
DA:263,0
DA:266,0
DA:268,0
DA:272,0
FN:275,BytesLib.toAddress
FNDA:0,BytesLib.toAddress
DA:276,0
BRDA:276,2,0,-
BRDA:276,2,1,-
DA:277,0
DA:280,0
DA:283,0
FN:286,BytesLib.toUint8
FNDA:0,BytesLib.toUint8
DA:287,0
BRDA:287,3,0,-
BRDA:287,3,1,-
DA:288,0
DA:291,0
DA:294,0
FN:297,BytesLib.toUint16
FNDA:0,BytesLib.toUint16
DA:298,0
BRDA:298,4,0,-
BRDA:298,4,1,-
DA:299,0
DA:302,0
DA:305,0
FN:308,BytesLib.toUint32
FNDA:0,BytesLib.toUint32
DA:309,0
BRDA:309,5,0,-
BRDA:309,5,1,-
DA:310,0
DA:313,0
DA:316,0
FN:319,BytesLib.toUint64
FNDA:0,BytesLib.toUint64
DA:320,0
BRDA:320,6,0,-
BRDA:320,6,1,-
DA:321,0
DA:324,0
DA:327,0
FN:330,BytesLib.toUint96
FNDA:0,BytesLib.toUint96
DA:331,0
BRDA:331,7,0,-
BRDA:331,7,1,-
DA:332,0
DA:335,0
DA:338,0
FN:341,BytesLib.toUint128
FNDA:0,BytesLib.toUint128
DA:342,0
BRDA:342,8,0,-
BRDA:342,8,1,-
DA:343,0
DA:346,0
DA:349,0
FN:352,BytesLib.toUint256
FNDA:0,BytesLib.toUint256
DA:353,0
BRDA:353,9,0,-
BRDA:353,9,1,-
DA:354,0
DA:357,0
DA:360,0
FN:363,BytesLib.toBytes32
FNDA:0,BytesLib.toBytes32
DA:364,0
BRDA:364,10,0,-
BRDA:364,10,1,-
DA:365,0
DA:368,0
DA:371,0
FN:374,BytesLib.equal
FNDA:0,BytesLib.equal
DA:375,0
DA:378,0
DA:382,0
DA:387,0
DA:389,0
DA:390,0
DA:393,0
DA:394,0
DA:395,0
DA:396,0
DA:398,0
BRDA:398,11,0,-
DA:400,0
DA:401,0
DA:405,0
DA:407,0
DA:411,0
FN:414,BytesLib.equalStorage
FNDA:0,BytesLib.equalStorage
DA:415,0
DA:419,0
DA:421,0
DA:422,0
DA:426,0
DA:430,0
BRDA:430,12,0,-
DA:432,0
DA:434,0
DA:436,0
BRDA:436,13,0,-
DA:438,0
DA:441,0
DA:446,0
DA:449,0
DA:450,0
DA:452,0
DA:453,0
DA:458,0
DA:459,0
DA:460,0
DA:461,0
DA:462,0
BRDA:462,14,0,-
DA:464,0
DA:465,0
DA:471,0
DA:473,0
DA:477,0
FNF:14
FNH:0
LF:156
LH:0
BRF:26
BRH:0
end_of_record
TN:
SF:src/contracts/libraries/Endian.sol
FN:12,Endian.fromLittleEndianUint64
FNDA:1074799,Endian.fromLittleEndianUint64
DA:16,1074799
DA:18,1074799
FNF:1
FNH:1
LF:2
LH:2
BRF:0
BRH:0
end_of_record
TN:
SF:src/contracts/libraries/Merkle.sol
FN:31,Merkle.verifyInclusionKeccak
FNDA:39261,Merkle.verifyInclusionKeccak
DA:37,39261
FN:51,Merkle.processInclusionProofKeccak
FNDA:39261,Merkle.processInclusionProofKeccak
DA:56,39261
BRDA:56,0,0,-
BRDA:56,0,1,39261
DA:57,39261
DA:58,39261
DA:59,114615
BRDA:59,1,0,63499
BRDA:59,1,1,51116
DA:62,63499
DA:63,63499
DA:64,63499
DA:65,63499
DA:70,51116
DA:71,51116
DA:72,51116
DA:73,51116
DA:77,39261
FN:88,Merkle.verifyInclusionSha256
FNDA:206572,Merkle.verifyInclusionSha256
DA:94,206572
FN:107,Merkle.processInclusionProofSha256
FNDA:206572,Merkle.processInclusionProofSha256
DA:112,206572
BRDA:112,2,0,-
BRDA:112,2,1,206572
DA:113,206572
DA:114,206572
DA:115,7870174
BRDA:115,3,0,7094537
BRDA:115,3,1,775637
DA:118,7094537
DA:119,7094537
DA:120,7094537
BRDA:120,4,0,-
DA:121,7094537
DA:126,775637
DA:127,775637
DA:128,775637
BRDA:128,5,0,-
DA:129,775637
DA:133,206572
FN:142,Merkle.merkleizeSha256
FNDA:895025,Merkle.merkleizeSha256
DA:146,895025
DA:148,895025
DA:150,895025
DA:151,3580100
DA:154,895025
DA:156,2685075
DA:158,1790050
DA:159,2685075
DA:162,1790050
DA:165,895025
FNF:5
FNH:5
LF:38
LH:38
BRF:10
BRH:6
end_of_record
TN:
SF:src/contracts/libraries/OperatorSetLib.sol
FN:10,OperatorSetLib.key
FNDA:165717,OperatorSetLib.key
DA:13,165717
FN:16,OperatorSetLib.decode
FNDA:27851,OperatorSetLib.decode
DA:20,27851
FNF:2
FNH:2
LF:2
LH:2
BRF:0
BRH:0
end_of_record
TN:
SF:src/contracts/libraries/SlashingLib.sol
FN:42,SlashingLib.mulWad
FNDA:130929,SlashingLib.mulWad
DA:43,130929
FN:46,SlashingLib.divWad
FNDA:81477,SlashingLib.divWad
DA:47,81477
FN:55,SlashingLib.mulWadRoundUp
FNDA:806,SlashingLib.mulWadRoundUp
DA:56,806
FN:69,SlashingLib.isFullySlashed
FNDA:30650,SlashingLib.isFullySlashed
DA:73,30650
FN:76,SlashingLib.getDepositScalingFactor
FNDA:40436,SlashingLib.getDepositScalingFactor
DA:79,40436
FN:82,SlashingLib.getBeaconChainScalingFactor
FNDA:113685,SlashingLib.getBeaconChainScalingFactor
DA:85,113685
FN:88,SlashingLib.scaleSharesForQueuedWithdrawal
FNDA:23045,SlashingLib.scaleSharesForQueuedWithdrawal
DA:94,23045
FN:99,SlashingLib.scaleSharesForCompleteWithdrawal
FNDA:1849,SlashingLib.scaleSharesForCompleteWithdrawal
DA:105,1849
FN:110,SlashingLib.calcSlashedAmount
FNDA:3547,SlashingLib.calcSlashedAmount
DA:111,3547
FN:114,SlashingLib.decreaseBeaconChainScalingFactor
FNDA:2376,SlashingLib.decreaseBeaconChainScalingFactor
DA:118,2376
DA:119,2376
FN:122,SlashingLib.updateDepositScalingFactor
FNDA:16905,SlashingLib.updateDepositScalingFactor
DA:128,16905
BRDA:128,0,0,16132
DA:131,16132
DA:135,16132
DA:158,773
DA:161,773
DA:165,773
DA:171,773
FN:176,SlashingLib.toShares
FNDA:40436,SlashingLib.toShares
DA:182,40436
FNF:12
FNH:12
LF:19
LH:19
BRF:1
BRH:1
end_of_record
TN:
SF:src/contracts/libraries/Snapshots.sol
FN:39,Snapshots.push
FNDA:6330,Snapshots.push
DA:40,6330
FN:46,Snapshots.upperLookup
FNDA:1849,Snapshots.upperLookup
DA:47,1849
DA:48,1849
DA:49,1849
FN:55,Snapshots.latest
FNDA:109515,Snapshots.latest
DA:58,109515
DA:59,109515
FN:65,Snapshots.length
FNDA:0,Snapshots.length
DA:68,0
FN:75,Snapshots._insert
FNDA:6330,Snapshots._insert
DA:76,6330
DA:78,6330
BRDA:78,0,0,262
BRDA:78,0,1,-
DA:80,262
DA:83,262
BRDA:83,1,0,-
BRDA:83,1,1,262
DA:86,262
BRDA:86,2,0,262
BRDA:86,2,1,-
DA:87,262
DA:89,0
DA:91,262
DA:93,6068
DA:94,6068
FN:104,Snapshots._upperBinaryLookup
FNDA:1849,Snapshots._upperBinaryLookup
DA:110,2641
DA:111,792
DA:112,792
BRDA:112,3,0,-
BRDA:112,3,1,792
DA:113,0
DA:115,792
DA:118,1849
FN:124,Snapshots._unsafeAccess
FNDA:13426,Snapshots._unsafeAccess
DA:126,13426
DA:127,13426
FNF:7
FNH:6
LF:25
LH:22
BRF:8
BRH:4
end_of_record
TN:
SF:src/contracts/mixins/SignatureUtils.sol
FN:28,SignatureUtils.
FNDA:220,SignatureUtils.
DA:29,220
DA:30,220
FN:43,SignatureUtils.domainSeparator
FNDA:1042,SignatureUtils.domainSeparator
DA:44,1042
FN:50,SignatureUtils._calculateDomainSeparator
FNDA:9701,SignatureUtils._calculateDomainSeparator
DA:52,9701
FN:67,SignatureUtils._calculateSignableDigest
FNDA:8439,SignatureUtils._calculateSignableDigest
DA:70,8439
FN:74,SignatureUtils._checkIsValidSignatureNow
FNDA:5259,SignatureUtils._checkIsValidSignatureNow
DA:80,5259
BRDA:80,0,0,534
BRDA:80,0,1,4725
DA:81,4725
BRDA:81,1,0,1570
BRDA:81,1,1,3155
FNF:5
FNH:5
LF:7
LH:7
BRF:4
BRH:4
end_of_record
TN:
SF:src/contracts/permissions/Pausable.sol
FN:43,Pausable.onlyPauser
FNDA:4459,Pausable.onlyPauser
DA:44,4459
BRDA:44,0,0,264
BRDA:44,0,1,264
FN:49,Pausable.onlyUnpauser
FNDA:2851,Pausable.onlyUnpauser
DA:50,2851
BRDA:50,1,0,264
BRDA:50,1,1,520
FN:55,Pausable.whenNotPaused
FNDA:0,Pausable.whenNotPaused
DA:56,0
BRDA:56,2,0,-
BRDA:56,2,1,-
FN:61,Pausable.onlyWhenNotPaused
FNDA:35789,Pausable.onlyWhenNotPaused
DA:64,35789
BRDA:64,3,0,524
BRDA:64,3,1,42789
FN:70,Pausable.
FNDA:4320,Pausable.
DA:73,4320
BRDA:73,4,0,-
BRDA:73,4,1,4320
DA:74,4320
FN:78,Pausable.pause
FNDA:4459,Pausable.pause
DA:81,4195
DA:83,4195
BRDA:83,5,0,264
BRDA:83,5,1,3931
DA:84,3931
FN:88,Pausable.pauseAll
FNDA:528,Pausable.pauseAll
DA:89,264
FN:93,Pausable.unpause
FNDA:784,Pausable.unpause
DA:96,520
DA:98,520
BRDA:98,6,0,264
BRDA:98,6,1,256
DA:99,256
DA:100,256
FN:104,Pausable.paused
FNDA:2859,Pausable.paused
DA:105,2859
FN:109,Pausable.paused
FNDA:51464,Pausable.paused
DA:112,172583
DA:113,172583
FN:117,Pausable._setPausedStatus
FNDA:17620,Pausable._setPausedStatus
DA:120,17620
DA:121,17620
FNF:11
FNH:10
LF:19
LH:18
BRF:14
BRH:11
end_of_record
TN:
SF:src/contracts/permissions/PauserRegistry.sol
FN:18,PauserRegistry.onlyUnpauser
FNDA:530,PauserRegistry.onlyUnpauser
DA:19,530
BRDA:19,0,0,264
BRDA:19,0,1,265
FN:23,PauserRegistry.
FNDA:454,PauserRegistry.
DA:24,454
DA:25,805
DA:27,454
FN:33,PauserRegistry.setIsPauser
FNDA:530,PauserRegistry.setIsPauser
DA:34,266
FN:38,PauserRegistry.setUnpauser
FNDA:529,PauserRegistry.setUnpauser
DA:41,265
FN:44,PauserRegistry._setIsPauser
FNDA:1071,PauserRegistry._setIsPauser
DA:45,1071
BRDA:45,1,0,1
BRDA:45,1,1,1070
DA:46,1070
DA:47,1070
FN:50,PauserRegistry._setUnpauser
FNDA:719,PauserRegistry._setUnpauser
DA:53,719
BRDA:53,2,0,1
BRDA:53,2,1,718
DA:54,718
DA:55,718
FNF:6
FNH:6
LF:12
LH:12
BRF:6
BRH:6
end_of_record
TN:
SF:src/contracts/pods/EigenPod.sol
FN:63,EigenPod.onlyEigenPodManager
FNDA:529,EigenPod.onlyEigenPodManager
DA:64,529
BRDA:64,0,0,264
BRDA:64,0,1,787
FN:69,EigenPod.onlyEigenPodOwner
FNDA:586,EigenPod.onlyEigenPodOwner
DA:70,586
BRDA:70,1,0,264
BRDA:70,1,1,3
FN:75,EigenPod.onlyOwnerOrProofSubmitter
FNDA:18741,EigenPod.onlyOwnerOrProofSubmitter
DA:76,18741
BRDA:76,2,0,264
BRDA:76,2,1,12668
FN:85,EigenPod.onlyWhenNotPaused
FNDA:4224,EigenPod.onlyWhenNotPaused
DA:88,4224
BRDA:88,3,0,264
BRDA:88,3,1,11612
FN:97,EigenPod.
FNDA:87,EigenPod.
DA:98,87
DA:99,87
DA:100,87
DA:101,87
FN:105,EigenPod.initialize
FNDA:26199,EigenPod.initialize
DA:108,26198
BRDA:108,4,0,1
BRDA:108,4,1,26197
DA:109,26197
FN:135,EigenPod.startCheckpoint
FNDA:12932,EigenPod.startCheckpoint
DA:138,12404
FN:151,EigenPod.verifyCheckpointProofs
FNDA:11876,EigenPod.verifyCheckpointProofs
DA:155,11612
DA:156,11612
BRDA:156,5,0,264
BRDA:156,5,1,11348
DA:158,11348
DA:161,11348
DA:167,10820
DA:168,10820
DA:169,54594
DA:170,54594
DA:175,54594
BRDA:175,6,0,528
DA:176,528
DA:183,54066
BRDA:183,7,0,792
DA:184,792
DA:192,53274
DA:199,52746
DA:200,52746
DA:201,52746
DA:202,52746
DA:205,52746
DA:206,52746
DA:210,10292
DA:211,10292
FN:228,EigenPod.verifyWithdrawalCredentials
FNDA:18741,EigenPod.verifyWithdrawalCredentials
DA:235,18476
BRDA:235,8,0,792
BRDA:235,8,1,17684
DA:244,17684
BRDA:244,9,0,264
BRDA:244,9,1,17420
DA:248,17420
DA:253,16892
DA:254,16892
DA:256,124002
DA:264,13988
BRDA:264,10,0,264
DA:265,264
DA:269,13988
FN:302,EigenPod.verifyStaleBalance
FNDA:4224,EigenPod.verifyStaleBalance
DA:307,3696
DA:308,3696
DA:327,3696
BRDA:327,11,0,528
BRDA:327,11,1,3168
DA:330,3168
BRDA:330,12,0,264
BRDA:330,12,1,2904
DA:333,2904
BRDA:333,13,0,264
BRDA:333,13,1,2640
DA:337,2640
DA:343,2112
DA:351,1320
FN:355,EigenPod.recoverTokens
FNDA:267,EigenPod.recoverTokens
DA:360,2
BRDA:360,14,0,1
BRDA:360,14,1,1
DA:361,1
DA:362,1
FN:373,EigenPod.setProofSubmitter
FNDA:586,EigenPod.setProofSubmitter
DA:376,322
DA:377,322
FN:381,EigenPod.stake
FNDA:529,EigenPod.stake
DA:387,265
BRDA:387,15,0,264
BRDA:387,15,1,1
DA:388,1
DA:389,1
FN:399,EigenPod.withdrawRestakedBeaconChainETH
FNDA:1051,EigenPod.withdrawRestakedBeaconChainETH
DA:400,787
BRDA:400,16,0,264
BRDA:400,16,1,523
DA:401,523
DA:402,523
BRDA:402,17,0,262
BRDA:402,17,1,261
DA:403,261
DA:404,261
DA:406,261
FN:421,EigenPod._verifyWithdrawalCredentials
FNDA:124002,EigenPod._verifyWithdrawalCredentials
DA:427,124002
DA:428,124002
DA:431,124002
BRDA:431,18,0,792
BRDA:431,18,1,123210
DA:446,123210
BRDA:446,19,0,264
BRDA:446,19,1,122946
DA:472,122946
BRDA:472,20,0,792
BRDA:472,20,1,122154
DA:475,122154
BRDA:475,21,0,264
BRDA:475,21,1,121890
DA:483,121890
DA:486,121890
DA:497,121098
DA:498,121098
DA:499,121098
DA:502,121098
DA:509,121098
DA:510,121098
DA:511,121098
FN:514,EigenPod._verifyCheckpointProof
FNDA:53274,EigenPod._verifyCheckpointProof
DA:520,53274
DA:523,53274
DA:524,53274
DA:531,52746
BRDA:531,22,0,19580
DA:533,19580
DA:538,19580
DA:541,52746
DA:542,52746
DA:545,52746
BRDA:545,23,0,12092
DA:546,12092
DA:547,12092
DA:550,12092
DA:552,12092
DA:555,52746
FN:571,EigenPod._startCheckpoint
FNDA:13724,EigenPod._startCheckpoint
DA:574,13724
BRDA:574,24,0,528
BRDA:574,24,1,13196
DA:581,13196
BRDA:581,25,0,528
BRDA:581,25,1,12668
DA:592,12668
DA:595,12668
BRDA:595,26,0,264
DA:596,264
DA:602,12404
DA:612,12404
DA:613,12404
DA:615,12404
FN:626,EigenPod._updateCheckpoint
FNDA:22696,EigenPod._updateCheckpoint
DA:629,22696
BRDA:629,27,0,9764
BRDA:629,27,1,9764
DA:630,9764
DA:631,9764
DA:634,9764
DA:635,9764
BRDA:635,28,0,1848
DA:636,1848
DA:637,1848
DA:638,1848
DA:645,9764
DA:648,9764
DA:649,9764
DA:650,9764
DA:653,9764
DA:654,9764
DA:656,12932
FN:660,EigenPod._podWithdrawalCredentials
FNDA:122155,EigenPod._podWithdrawalCredentials
DA:661,122155
FN:665,EigenPod._calculateValidatorPubkeyHash
FNDA:7692,EigenPod._calculateValidatorPubkeyHash
DA:668,7692
BRDA:668,29,0,-
BRDA:668,29,1,7692
DA:669,7692
FN:673,EigenPod._calcBalanceDelta
FNDA:19580,EigenPod._calcBalanceDelta
DA:674,19580
FN:684,EigenPod.validatorPubkeyHashToInfo
FNDA:19372,EigenPod.validatorPubkeyHashToInfo
DA:687,19372
FN:691,EigenPod.validatorPubkeyToInfo
FNDA:3846,EigenPod.validatorPubkeyToInfo
DA:694,3846
FN:697,EigenPod.validatorStatus
FNDA:48696,EigenPod.validatorStatus
DA:700,48696
FN:704,EigenPod.validatorStatus
FNDA:3846,EigenPod.validatorStatus
DA:707,3846
DA:708,3846
FN:712,EigenPod.currentCheckpoint
FNDA:28507,EigenPod.currentCheckpoint
DA:713,28507
FN:720,EigenPod.getParentBlockRoot
FNDA:0,EigenPod.getParentBlockRoot
DA:723,32464
BRDA:723,30,0,-
BRDA:723,30,1,32464
DA:725,32464
DA:727,32464
BRDA:727,31,0,-
BRDA:727,31,1,32464
DA:728,32464
FNF:27
FNH:26
LF:130
LH:130
BRF:57
BRH:54
end_of_record
TN:
SF:src/contracts/pods/EigenPodManager.sol
FN:34,EigenPodManager.onlyEigenPod
FNDA:14256,EigenPodManager.onlyEigenPod
DA:37,14256
BRDA:37,0,0,264
BRDA:37,0,1,13992
FN:41,EigenPodManager.onlyDelegationManager
FNDA:263,EigenPodManager.onlyDelegationManager
DA:42,263
BRDA:42,1,0,264
BRDA:42,1,1,1487
FN:46,EigenPodManager.
FNDA:64,EigenPodManager.
DA:56,64
FN:59,EigenPodManager.initialize
FNDA:54,EigenPodManager.initialize
DA:60,53
DA:61,53
FN:69,EigenPodManager.createPod
FNDA:15573,EigenPodManager.createPod
DA:70,15573
BRDA:70,2,0,1
BRDA:70,2,1,15572
DA:72,15572
DA:74,15572
FN:84,EigenPodManager.stake
FNDA:2,EigenPodManager.stake
DA:89,2
DA:90,2
BRDA:90,3,0,1
DA:92,1
DA:94,2
FN:106,EigenPodManager.recordBeaconChainETHBalanceUpdate
FNDA:14256,EigenPodManager.recordBeaconChainETHBalanceUpdate
DA:111,13992
BRDA:111,4,0,1
BRDA:111,4,1,13991
DA:112,13991
BRDA:112,5,0,264
BRDA:112,5,1,13727
DA:117,13727
BRDA:117,6,0,344
BRDA:117,6,1,13383
DA:118,13383
BRDA:118,7,0,8326
BRDA:118,7,1,1886
DA:119,8326
DA:120,5057
BRDA:120,8,0,1886
DA:121,1886
FN:135,EigenPodManager.removeDepositShares
FNDA:1310,EigenPodManager.removeDepositShares
DA:140,1046
BRDA:140,9,0,-
BRDA:140,9,1,1046
DA:141,1046
DA:142,1046
BRDA:142,10,0,525
BRDA:142,10,1,521
DA:143,521
DA:145,521
FN:156,EigenPodManager.addShares
FNDA:1751,EigenPodManager.addShares
DA:157,1487
BRDA:157,11,0,-
BRDA:157,11,1,1487
DA:158,1487
FN:168,EigenPodManager.withdrawSharesAsTokens
FNDA:263,EigenPodManager.withdrawSharesAsTokens
DA:174,263
BRDA:174,12,0,1
BRDA:174,12,1,262
DA:175,262
BRDA:175,13,0,1
BRDA:175,13,1,261
DA:176,261
BRDA:176,14,0,258
BRDA:176,14,1,3
DA:178,3
DA:179,3
DA:182,3
BRDA:182,15,0,2
DA:183,2
DA:184,2
DA:185,2
BRDA:185,16,0,1
BRDA:185,16,1,1
DA:187,1
DA:188,1
DA:191,1
DA:192,1
DA:195,2
DA:196,2
DA:197,2
DA:198,2
DA:200,3
BRDA:200,17,0,1
DA:202,1
FN:209,EigenPodManager.stakerDepositShares
FNDA:3696,EigenPodManager.stakerDepositShares
DA:210,3696
BRDA:210,18,0,-
BRDA:210,18,1,3696
DA:211,3696
FN:216,EigenPodManager._deployPod
FNDA:15573,EigenPodManager._deployPod
DA:217,15573
DA:219,15573
DA:227,15573
DA:229,15573
DA:230,15573
DA:231,15573
FN:234,EigenPodManager._addShares
FNDA:9813,EigenPodManager._addShares
DA:235,9813
BRDA:235,19,0,1
BRDA:235,19,1,9812
DA:236,9812
BRDA:236,20,0,258
BRDA:236,20,1,9554
DA:238,9554
DA:239,9554
DA:240,9554
DA:241,9554
DA:243,9554
DA:244,9554
DA:246,9554
BRDA:246,21,0,9295
DA:247,9295
FN:259,EigenPodManager.getPod
FNDA:1868,EigenPodManager.getPod
DA:262,1868
DA:264,1868
BRDA:264,22,0,1868
DA:265,1868
DA:272,1868
FN:276,EigenPodManager.hasPod
FNDA:0,EigenPodManager.hasPod
DA:279,15573
FNF:15
FNH:14
LF:68
LH:68
BRF:40
BRH:37
end_of_record
TN:
SF:src/contracts/pods/EigenPodManagerStorage.sol
FN:80,EigenPodManagerStorage.
FNDA:64,EigenPodManagerStorage.
DA:86,64
DA:87,64
DA:88,64
DA:89,64
FNF:1
FNH:1
LF:4
LH:4
BRF:0
BRH:0
end_of_record
TN:
SF:src/contracts/strategies/EigenStrategy.sol
FN:38,EigenStrategy.
FNDA:0,EigenStrategy.
FN:43,EigenStrategy.initialize
FNDA:0,EigenStrategy.initialize
DA:44,0
DA:45,0
FN:56,EigenStrategy._beforeDeposit
FNDA:0,EigenStrategy._beforeDeposit
DA:57,0
BRDA:57,0,0,-
BRDA:57,0,1,-
DA:59,0
BRDA:59,1,0,-
DA:62,0
FN:72,EigenStrategy._beforeWithdrawal
FNDA:0,EigenStrategy._beforeWithdrawal
DA:77,0
BRDA:77,2,0,-
BRDA:77,2,1,-
FN:89,EigenStrategy._afterWithdrawal
FNDA:0,EigenStrategy._afterWithdrawal
DA:90,0
BRDA:90,3,0,-
DA:93,0
DA:94,0
DA:99,0
FNF:5
FNH:0
LF:10
LH:0
BRF:6
BRH:0
end_of_record
TN:
SF:src/contracts/strategies/StrategyBase.sol
FN:66,StrategyBase.onlyStrategyManager
FNDA:13018,StrategyBase.onlyStrategyManager
DA:67,13018
BRDA:67,0,0,528
BRDA:67,0,1,3634
FN:72,StrategyBase.
FNDA:3230,StrategyBase.
DA:73,3230
DA:74,3230
FN:77,StrategyBase.initialize
[...]
DA:216,264
FN:219,DelegationManagerUnitTests._registerOperatorWithBaseDetails
FNDA:10271,DelegationManagerUnitTests._registerOperatorWithBaseDetails
DA:220,10271
DA:225,10271
FN:228,DelegationManagerUnitTests._registerOperatorWithDelegationApprover
FNDA:2904,DelegationManagerUnitTests._registerOperatorWithDelegationApprover
DA:229,2904
DA:234,2904
FN:237,DelegationManagerUnitTests._registerOperatorWith1271DelegationApprover
FNDA:528,DelegationManagerUnitTests._registerOperatorWith1271DelegationApprover
DA:238,528
DA:243,528
DA:245,528
DA:250,528
DA:252,528
FN:255,DelegationManagerUnitTests._registerOperator
FNDA:14495,DelegationManagerUnitTests._registerOperator
DA:260,14495
DA:261,14495
FN:268,DelegationManagerUnitTests._fuzzWithdrawalAmounts
FNDA:512,DelegationManagerUnitTests._fuzzWithdrawalAmounts
DA:269,512
DA:270,512
DA:271,7829
DA:273,7829
DA:279,512
FN:282,DelegationManagerUnitTests._setUpQueueWithdrawalsSingleStrat
FNDA:3694,DelegationManagerUnitTests._setUpQueueWithdrawalsSingleStrat
DA:292,3694
DA:293,3694
DA:295,3694
DA:296,3694
DA:304,3694
DA:306,3694
DA:315,3694
DA:317,3694
FN:320,DelegationManagerUnitTests._setUpQueueWithdrawals
FNDA:512,DelegationManagerUnitTests._setUpQueueWithdrawals
DA:330,512
DA:332,512
DA:340,512
DA:341,512
DA:342,7829
DA:345,512
DA:354,512
DA:356,512
FN:359,DelegationManagerUnitTests._getScaledShares
FNDA:11523,DelegationManagerUnitTests._getScaledShares
DA:361,11523
DA:363,11523
DA:364,11523
DA:370,11523
DA:371,11523
DA:373,11523
DA:379,11523
FN:388,DelegationManagerUnitTests._setUpCompleteQueuedWithdrawalSingleStrat
FNDA:795,DelegationManagerUnitTests._setUpCompleteQueuedWithdrawalSingleStrat
DA:394,795
DA:395,795
DA:396,795
DA:400,795
DA:407,795
DA:408,795
DA:410,795
DA:411,795
DA:413,795
DA:414,795
DA:415,795
DA:418,795
FN:427,DelegationManagerUnitTests._setUpCompleteQueuedWithdrawal
FNDA:256,DelegationManagerUnitTests._setUpCompleteQueuedWithdrawal
DA:433,256
DA:435,256
DA:436,256
DA:437,3988
DA:440,256
DA:444,256
DA:451,256
DA:452,256
DA:454,256
FN:457,DelegationManagerUnitTests._setOperatorMagnitude
FNDA:5790,DelegationManagerUnitTests._setOperatorMagnitude
DA:458,5790
FNF:17
FNH:17
LF:94
LH:93
BRF:0
BRH:0
end_of_record
TN:
SF:src/test/unit/EigenPodManagerUnit.t.sol
FN:34,EigenPodManagerUnitTests.setUp
FNDA:26,EigenPodManagerUnitTests.setUp
DA:35,26
DA:38,26
DA:39,26
DA:40,26
DA:43,26
DA:50,26
DA:65,26
DA:68,26
DA:69,26
FN:76,EigenPodManagerUnitTests._initializePodWithShares
FNDA:1310,EigenPodManagerUnitTests._initializePodWithShares
DA:78,1310
DA:80,1310
BRDA:80,0,0,964
BRDA:80,0,1,346
DA:81,964
DA:82,964
DA:84,346
FN:89,EigenPodManagerUnitTests.deployPodForStaker
FNDA:266,EigenPodManagerUnitTests.deployPodForStaker
DA:90,266
FN:94,EigenPodManagerUnitTests._deployAndReturnEigenPodForStaker
FNDA:1841,EigenPodManagerUnitTests._deployAndReturnEigenPodForStaker
DA:95,1841
DA:96,1841
DA:97,1841
DA:98,0
FN:101,EigenPodManagerUnitTests._checkPodDeployed
FNDA:2,EigenPodManagerUnitTests._checkPodDeployed
DA:102,2
DA:103,2
FNF:5
FNH:5
LF:21
LH:20
BRF:2
BRH:2
end_of_record
TN:
SF:src/test/unit/EigenPodUnit.t.sol
FN:48,EigenPodUnitTests.setUp
FNDA:58,EigenPodUnitTests.setUp
DA:50,58
DA:54,58
DA:55,58
DA:56,58
DA:57,58
DA:60,58
DA:67,58
DA:70,58
DA:79,58
DA:82,58
DA:83,58
DA:86,58
DA:89,58
FN:96,EigenPodUnitTests.timewarp
FNDA:1848,EigenPodUnitTests.timewarp
DA:97,1848
DA:99,1848
FN:102,EigenPodUnitTests._seedPodWithETH
FNDA:0,EigenPodUnitTests._seedPodWithETH
DA:103,0
DA:104,0
DA:105,0
DA:106,0
FN:109,EigenPodUnitTests._newEigenPodStaker
FNDA:12409,EigenPodUnitTests._newEigenPodStaker
DA:110,12409
DA:112,12409
DA:114,12409
DA:115,12409
DA:117,12409
DA:118,12409
DA:120,12409
DA:121,12409
FN:125,EigenPodUnitTests._toLittleEndianUint64
FNDA:264,EigenPodUnitTests._toLittleEndianUint64
DA:126,264
DA:129,264
DA:130,264
DA:131,264
DA:132,264
DA:133,264
DA:134,264
DA:135,264
DA:136,264
DA:139,264
FN:146,EigenPodUnitTests.assert_Snap_Added_ActiveValidatorCount
FNDA:264,EigenPodUnitTests.assert_Snap_Added_ActiveValidatorCount
DA:151,264
DA:152,264
DA:154,264
FN:157,EigenPodUnitTests.assert_Snap_Removed_ActiveValidatorCount
FNDA:264,EigenPodUnitTests.assert_Snap_Removed_ActiveValidatorCount
DA:162,264
DA:163,264
DA:165,264
FN:168,EigenPodUnitTests.assert_Snap_Unchanged_ActiveValidatorCount
FNDA:528,EigenPodUnitTests.assert_Snap_Unchanged_ActiveValidatorCount
DA:172,528
DA:173,528
DA:175,528
FN:178,EigenPodUnitTests._getActiveValidatorCount
FNDA:2112,EigenPodUnitTests._getActiveValidatorCount
DA:179,2112
DA:180,2112
FN:183,EigenPodUnitTests._getPrevActiveValidatorCount
FNDA:1056,EigenPodUnitTests._getPrevActiveValidatorCount
DA:184,1056
FN:187,EigenPodUnitTests.assert_Snap_Added_ActiveValidators
FNDA:264,EigenPodUnitTests.assert_Snap_Added_ActiveValidators
DA:192,264
DA:194,264
DA:195,264
DA:197,264
DA:198,3846
DA:199,3846
FN:203,EigenPodUnitTests.assert_Snap_Removed_ActiveValidators
FNDA:264,EigenPodUnitTests.assert_Snap_Removed_ActiveValidators
DA:208,264
DA:210,264
DA:211,264
DA:213,264
DA:214,264
DA:215,264
FN:219,EigenPodUnitTests._getValidatorStatuses
FNDA:1056,EigenPodUnitTests._getValidatorStatuses
DA:220,1056
DA:221,1056
DA:223,1056
DA:224,8220
DA:227,1056
FN:230,EigenPodUnitTests._getPrevValidatorStatuses
FNDA:528,EigenPodUnitTests._getPrevValidatorStatuses
DA:231,528
FN:238,EigenPodUnitTests.check_StartCheckpoint_State
FNDA:792,EigenPodUnitTests.check_StartCheckpoint_State
DA:241,792
DA:242,792
FN:245,EigenPodUnitTests.assert_ProofsRemainingEqualsActive
FNDA:792,EigenPodUnitTests.assert_ProofsRemainingEqualsActive
DA:249,792
DA:250,792
FN:253,EigenPodUnitTests.assert_Snap_Created_Checkpoint
FNDA:792,EigenPodUnitTests.assert_Snap_Created_Checkpoint
DA:257,792
DA:258,792
DA:260,792
DA:261,792
FN:264,EigenPodUnitTests._getCheckpointTimestamp
FNDA:1584,EigenPodUnitTests._getCheckpointTimestamp
DA:265,1584
DA:266,1584
FN:269,EigenPodUnitTests._getPrevCheckpointTimestamp
FNDA:792,EigenPodUnitTests._getPrevCheckpointTimestamp
DA:270,792
FN:278,EigenPodUnitTests._expectEventsVerifyCheckpointProofs
FNDA:528,EigenPodUnitTests._expectEventsVerifyCheckpointProofs
DA:283,528
DA:284,528
DA:285,528
DA:286,528
DA:287,7598
DA:288,7598
DA:289,7598
DA:290,7598
DA:294,7598
BRDA:294,0,0,3953
DA:295,3953
DA:296,3953
DA:303,7598
BRDA:303,1,0,3832
DA:304,3832
DA:305,3832
DA:308,7598
DA:309,7598
DA:311,7598
DA:313,528
DA:314,528
DA:315,528
FN:319,EigenPodUnitTests._calcBalanceDelta
FNDA:7598,EigenPodUnitTests._calcBalanceDelta
DA:320,7598
DA:321,7598
FN:1706,EigenPodHarnessSetup.setUp
FNDA:0,EigenPodHarnessSetup.setUp
DA:1707,0
DA:1710,0
DA:1717,0
DA:1718,0
FN:1735,EigenPodUnitTests_proofParsingTests._assertWithdrawalCredentialsSet
FNDA:0,EigenPodUnitTests_proofParsingTests._assertWithdrawalCredentialsSet
DA:1736,0
DA:1737,0
DA:1738,0
DA:1739,0
DA:1740,0
FN:1743,EigenPodUnitTests_proofParsingTests._setWithdrawalCredentialParams
FNDA:0,EigenPodUnitTests_proofParsingTests._setWithdrawalCredentialParams
DA:1745,0
DA:1746,0
DA:1747,0
DA:1748,0
DA:1751,0
DA:1752,0
FN:1756,EigenPodUnitTests_proofParsingTests.setWithdrawalCredentialsExcess
FNDA:0,EigenPodUnitTests_proofParsingTests.setWithdrawalCredentialsExcess
DA:1758,0
DA:1760,0
DA:1761,0
DA:1762,0
DA:1763,0
DA:1766,0
DA:1767,0
DA:1769,0
FNF:25
FNH:20
LF:123
LH:96
BRF:2
BRH:2
end_of_record
TN:
SF:src/test/unit/RewardsCoordinatorUnit.t.sol
FN:87,RewardsCoordinatorUnitTests.setUp
FNDA:48,RewardsCoordinatorUnitTests.setUp
DA:89,48
DA:92,48
DA:102,48
DA:120,48
DA:121,48
DA:122,48
DA:124,48
DA:125,48
DA:134,48
DA:143,48
DA:152,48
DA:153,48
DA:154,48
DA:155,48
DA:156,48
DA:158,48
DA:159,48
DA:160,48
DA:162,48
DA:165,48
DA:168,48
DA:172,48
DA:173,48
DA:176,48
DA:177,48
DA:180,48
FN:184,RewardsCoordinatorUnitTests._deployMockRewardTokens
FNDA:1560,RewardsCoordinatorUnitTests._deployMockRewardTokens
DA:185,1560
DA:186,1560
DA:187,3046
DA:188,3046
DA:189,3046
DA:191,1560
FN:194,RewardsCoordinatorUnitTests._getBalanceForTokens
FNDA:1536,RewardsCoordinatorUnitTests._getBalanceForTokens
DA:195,1536
DA:196,1536
DA:197,4508
DA:199,1536
FN:202,RewardsCoordinatorUnitTests._maxTimestamp
FNDA:4894,RewardsCoordinatorUnitTests._maxTimestamp
DA:203,4894
FN:206,RewardsCoordinatorUnitTests._assertRewardsClaimedEvents
FNDA:2376,RewardsCoordinatorUnitTests._assertRewardsClaimedEvents
DA:207,2376
DA:208,2376
DA:209,2376
BRDA:209,0,0,1224
DA:210,1224
DA:212,2376
DA:213,2376
DA:214,2376
DA:215,10824
DA:216,10824
DA:218,10824
DA:219,10824
FN:231,RewardsCoordinatorUnitTests._getCumulativeClaimed
FNDA:2376,RewardsCoordinatorUnitTests._getCumulativeClaimed
DA:235,2376
DA:237,2376
DA:238,10824
DA:241,2376
FN:245,RewardsCoordinatorUnitTests._getCumulativeEarnings
FNDA:2376,RewardsCoordinatorUnitTests._getCumulativeEarnings
DA:248,2376
DA:250,2376
DA:251,10824
DA:254,2376
FN:257,RewardsCoordinatorUnitTests._getClaimTokenBalances
FNDA:4752,RewardsCoordinatorUnitTests._getClaimTokenBalances
DA:261,4752
DA:263,4752
DA:264,21648
DA:267,4752
FN:271,RewardsCoordinatorUnitTests._sortArrayAsc
FNDA:48,RewardsCoordinatorUnitTests._sortArrayAsc
DA:272,48
DA:273,48
DA:274,144
DA:275,144
BRDA:275,1,0,144
DA:276,144
DA:277,144
DA:278,144
DA:282,48
FNF:9
FNH:9
LF:68
LH:68
BRF:2
BRH:2
end_of_record
TN:
SF:src/test/unit/StrategyManagerUnit.t.sol
FN:37,StrategyManagerUnitTests.setUp
FNDA:49,StrategyManagerUnitTests.setUp
DA:38,49
DA:39,49
DA:42,49
DA:56,49
DA:57,49
DA:58,49
DA:59,49
DA:60,49
DA:61,49
DA:64,49
DA:65,49
DA:66,49
DA:67,49
DA:68,49
DA:69,49
DA:70,147
DA:71,147
DA:73,49
DA:75,49
FN:79,StrategyManagerUnitTests._deployNewStrategy
FNDA:0,StrategyManagerUnitTests._deployNewStrategy
DA:85,2916
DA:86,2916
DA:87,2916
DA:88,2916
FN:91,StrategyManagerUnitTests._depositIntoStrategySuccessfully
FNDA:3376,StrategyManagerUnitTests._depositIntoStrategySuccessfully
DA:96,3376
DA:99,3376
DA:101,3376
DA:103,3376
DA:105,3376
DA:106,3376
DA:109,3376
DA:111,3376
DA:112,3376
DA:113,3376
DA:114,3376
DA:116,3376
DA:117,3376
DA:119,3376
DA:120,3376
BRDA:120,0,0,3376
DA:121,3376
DA:126,3376
FN:135,StrategyManagerUnitTests._depositIntoStrategyWithSignature
FNDA:779,StrategyManagerUnitTests._depositIntoStrategyWithSignature
DA:142,779
DA:144,779
DA:146,779
DA:147,779
DA:150,779
DA:153,779
DA:155,779
DA:157,779
DA:160,779
DA:162,779
DA:163,779
BRDA:163,1,0,2
BRDA:163,1,1,773
DA:164,2
DA:165,777
BRDA:165,2,0,4
BRDA:165,2,1,773
DA:166,4
DA:169,773
DA:170,773
DA:171,773
DA:173,779
DA:182,779
DA:183,779
DA:185,779
BRDA:185,3,0,773
DA:186,773
DA:187,773
DA:189,779
FN:196,StrategyManagerUnitTests._isDepositedStrategy
FNDA:3923,StrategyManagerUnitTests._isDepositedStrategy
DA:197,3923
DA:198,3923
DA:199,5998
BRDA:199,4,0,3121
DA:200,3121
DA:203,802
FN:209,StrategyManagerUnitTests._addStrategiesToWhitelist
FNDA:779,StrategyManagerUnitTests._addStrategiesToWhitelist
DA:210,779
DA:212,779
DA:213,2465
DA:214,2465
DA:215,2465
DA:218,779
DA:219,779
DA:220,2465
DA:221,2465
DA:223,779
DA:225,779
DA:226,2465
DA:229,779
FNF:6
FNH:5
LF:82
LH:82
BRF:7
BRH:7
end_of_record
TN:
SF:src/test/utils/EigenLayerUnitTestSetup.sol
FN:46,EigenLayerUnitTestSetup.filterFuzzedAddressInputs
FNDA:7092,EigenLayerUnitTestSetup.filterFuzzedAddressInputs
DA:47,7092
FN:51,EigenLayerUnitTestSetup.rand
FNDA:4224,EigenLayerUnitTestSetup.rand
DA:52,4224
FN:56,EigenLayerUnitTestSetup.random
FNDA:7092,EigenLayerUnitTestSetup.random
DA:57,7092
FN:60,EigenLayerUnitTestSetup.setUp
FNDA:351,EigenLayerUnitTestSetup.setUp
DA:61,351
DA:62,351
DA:63,351
DA:65,351
DA:66,351
DA:68,351
DA:69,351
DA:70,351
DA:71,351
DA:72,351
DA:73,351
DA:75,351
DA:76,351
DA:77,351
DA:78,351
DA:79,351
DA:80,351
DA:81,351
DA:82,351
FNF:4
FNH:4
LF:22
LH:22
BRF:0
BRH:0
end_of_record
TN:
SF:src/test/utils/EigenPodUser.t.sol
FN:47,EigenPodUser.
FNDA:12409,EigenPodUser.
DA:48,12409
DA:50,12409
DA:51,12409
DA:52,12409
DA:53,12409
DA:60,12409
DA:62,12409
FN:65,EigenPodUser.createSnapshot
FNDA:1056,EigenPodUser.createSnapshot
DA:66,1056
FN:72,EigenPodUser.NAME
FNDA:0,EigenPodUser.NAME
DA:73,27966
FN:86,EigenPodUser.startValidators
FNDA:11348,EigenPodUser.startValidators
DA:87,11348
DA:89,11348
FN:92,EigenPodUser.exitValidators
FNDA:1056,EigenPodUser.exitValidators
DA:93,1056
DA:95,1056
FN:102,EigenPodUser.verifyWithdrawalCredentials
FNDA:8444,EigenPodUser.verifyWithdrawalCredentials
DA:105,8444
DA:107,8444
FN:110,EigenPodUser.startCheckpoint
FNDA:5539,EigenPodUser.startCheckpoint
DA:111,5539
DA:113,5539
FN:116,EigenPodUser.completeCheckpoint
FNDA:1579,EigenPodUser.completeCheckpoint
DA:117,1579
DA:119,1579
FN:132,EigenPodUser._startValidators
FNDA:11348,EigenPodUser._startValidators
DA:133,11348
DA:136,11348
DA:137,11348
DA:142,11348
DA:143,11348
DA:144,11348
BRDA:144,0,0,11134
DA:145,11134
DA:146,11134
DA:147,11134
DA:150,11348
BRDA:150,1,0,-
BRDA:150,1,1,11348
DA:151,11348
DA:152,11348
DA:154,11348
DA:155,11348
DA:158,11348
DA:159,148113
DA:163,148113
DA:164,148113
DA:168,11348
BRDA:168,2,0,11134
DA:169,11134
DA:173,11134
DA:174,11134
DA:178,11348
DA:180,11348
FN:183,EigenPodUser._exitValidators
FNDA:1056,EigenPodUser._exitValidators
DA:184,1056
DA:186,1056
DA:187,11788
DA:190,1056
DA:192,0
FN:195,EigenPodUser._startCheckpoint
FNDA:5539,EigenPodUser._startCheckpoint
DA:196,5539
FN:199,EigenPodUser._completeCheckpoint
FNDA:1579,EigenPodUser._completeCheckpoint
DA:200,1579
DA:201,1579
DA:203,1579
DA:204,1579
BRDA:204,3,0,-
DA:205,0
DA:208,1579
DA:209,1579
DA:211,1579
FN:217,EigenPodUser._verifyWithdrawalCredentials
FNDA:8444,EigenPodUser._verifyWithdrawalCredentials
DA:218,8444
DA:220,8444
FN:229,EigenPodUser._podWithdrawalCredentials
FNDA:159247,EigenPodUser._podWithdrawalCredentials
DA:230,159247
FN:233,EigenPodUser.getActiveValidators
FNDA:0,EigenPodUser.getActiveValidators
DA:234,0
DA:236,0
DA:237,0
DA:238,0
DA:239,0
BRDA:239,4,0,-
DA:240,0
DA:241,0
DA:242,0
DA:247,0
DA:249,0
FNF:15
FNH:13
LF:70
LH:58
BRF:6
BRH:3
end_of_record
TN:
SF:src/test/utils/ProofParsing.sol
FN:25,ProofParsing.setJSON
FNDA:0,ProofParsing.setJSON
DA:26,0
FN:29,ProofParsing.getSlot
FNDA:0,ProofParsing.getSlot
DA:30,0
FN:33,ProofParsing.getValidatorIndex
FNDA:0,ProofParsing.getValidatorIndex
DA:34,0
FN:37,ProofParsing.getValidatorPubkeyHash
FNDA:0,ProofParsing.getValidatorPubkeyHash
DA:38,0
FN:41,ProofParsing.getWithdrawalIndex
FNDA:0,ProofParsing.getWithdrawalIndex
DA:42,0
FN:45,ProofParsing.getBlockRootIndex
FNDA:0,ProofParsing.getBlockRootIndex
DA:46,0
FN:49,ProofParsing.getHistoricalSummaryIndex
FNDA:0,ProofParsing.getHistoricalSummaryIndex
DA:50,0
FN:53,ProofParsing.getBeaconStateRoot
FNDA:0,ProofParsing.getBeaconStateRoot
DA:54,0
FN:57,ProofParsing.getBlockRoot
FNDA:0,ProofParsing.getBlockRoot
DA:58,0
FN:61,ProofParsing.getSlotRoot
FNDA:0,ProofParsing.getSlotRoot
DA:62,0
FN:65,ProofParsing.getTimestampRoot
FNDA:0,ProofParsing.getTimestampRoot
DA:66,0
FN:69,ProofParsing.getExecutionPayloadRoot
FNDA:0,ProofParsing.getExecutionPayloadRoot
DA:70,0
FN:73,ProofParsing.getLatestBlockRoot
FNDA:0,ProofParsing.getLatestBlockRoot
DA:74,0
FN:76,ProofParsing.getExecutionPayloadProof
FNDA:0,ProofParsing.getExecutionPayloadProof
DA:77,0
DA:78,0
DA:79,0
DA:81,0
FN:84,ProofParsing.getTimestampProofDeneb
FNDA:0,ProofParsing.getTimestampProofDeneb
DA:85,0
DA:86,0
DA:87,0
DA:89,0
FN:92,ProofParsing.getTimestampProofCapella
FNDA:0,ProofParsing.getTimestampProofCapella
DA:93,0
DA:94,0
DA:95,0
DA:97,0
FN:102,ProofParsing.getBlockHeaderProof
FNDA:0,ProofParsing.getBlockHeaderProof
DA:103,0
DA:104,0
DA:105,0
DA:107,0
FN:110,ProofParsing.getSlotProof
FNDA:0,ProofParsing.getSlotProof
DA:111,0
DA:112,0
DA:113,0
DA:115,0
FN:118,ProofParsing.getStateRootProof
FNDA:0,ProofParsing.getStateRootProof
DA:119,0
DA:120,0
DA:121,0
DA:122,0
DA:124,0
FN:127,ProofParsing.getWithdrawalProofDeneb
FNDA:0,ProofParsing.getWithdrawalProofDeneb
DA:128,0
DA:129,0
DA:130,0
DA:132,0
FN:135,ProofParsing.getWithdrawalProofCapella
FNDA:0,ProofParsing.getWithdrawalProofCapella
DA:136,0
DA:137,0
DA:138,0
DA:140,0
FN:143,ProofParsing.getValidatorProof
FNDA:0,ProofParsing.getValidatorProof
DA:144,0
DA:145,0
DA:146,0
DA:148,0
FN:151,ProofParsing.getHistoricalSummaryProof
FNDA:0,ProofParsing.getHistoricalSummaryProof
DA:152,0
DA:153,0
DA:154,0
DA:156,0
FN:159,ProofParsing.getWithdrawalFields
FNDA:0,ProofParsing.getWithdrawalFields
DA:160,0
DA:161,0
DA:162,0
DA:163,0
DA:165,0
FN:168,ProofParsing.getValidatorFields
FNDA:0,ProofParsing.getValidatorFields
DA:169,0
DA:170,0
DA:171,0
DA:172,0
DA:174,0
FN:177,ProofParsing.getBalanceUpdateProof
FNDA:0,ProofParsing.getBalanceUpdateProof
DA:179,0
FN:182,ProofParsing.getWithdrawalCredentialProof
FNDA:0,ProofParsing.getWithdrawalCredentialProof
DA:183,0
DA:184,0
DA:185,0
DA:186,0
DA:188,0
FN:191,ProofParsing.getValidatorFieldsProof
FNDA:0,ProofParsing.getValidatorFieldsProof
DA:192,0
DA:193,0
DA:194,0
DA:195,0
DA:197,0
FNF:28
FNH:0
LF:75
LH:0
BRF:0
BRH:0
end_of_record
TN:
SF:src/test/utils/Random.sol
FN:27,Random.set
FNDA:74997,Random.set
DA:32,74997
DA:34,74997
FN:37,Random.shuffle
FNDA:63387,Random.shuffle
DA:42,63387
DA:43,63387
DA:44,63387
DA:46,63387
FN:53,Random.Uint256
FNDA:46192,Random.Uint256
DA:54,46192
FN:57,Random.Uint256
FNDA:56295,Random.Uint256
DA:60,56295
FN:63,Random.Uint128
FNDA:2112,Random.Uint128
DA:64,2112
FN:67,Random.Uint128
FNDA:2898,Random.Uint128
DA:70,2898
FN:73,Random.Uint64
FNDA:8164,Random.Uint64
DA:74,8164
FN:77,Random.Uint64
FNDA:0,Random.Uint64
DA:80,0
FN:83,Random.Uint32
FNDA:5154,Random.Uint32
DA:84,5154
FN:87,Random.Uint32
FNDA:6709,Random.Uint32
DA:90,6709
FN:93,Random.Bytes32
FNDA:0,Random.Bytes32
DA:96,0
FN:99,Random.Address
FNDA:20731,Random.Address
DA:102,20731
FN:105,Random.Boolean
FNDA:264,Random.Boolean
DA:108,264
FN:115,Random.StrategyArray
FNDA:3214,Random.StrategyArray
DA:116,3214
DA:117,3214
DA:118,16044
FN:122,Random.OperatorSetArray
FNDA:1056,Random.OperatorSetArray
DA:127,1056
DA:128,1056
DA:129,4212
FN:138,Random.CreateSetParams
FNDA:0,Random.CreateSetParams
DA:143,0
DA:144,0
DA:145,0
DA:146,0
FN:156,Random.CreateSetParams
FNDA:528,Random.CreateSetParams
DA:160,528
DA:161,528
DA:162,1437
FN:179,Random.AllocateParams
FNDA:528,Random.AllocateParams
DA:185,528
DA:188,528
DA:190,528
DA:191,1437
DA:192,1437
DA:193,1437
DA:195,1437
DA:196,5567
FN:216,Random.DeallocateParams
FNDA:528,Random.DeallocateParams
DA:220,528
DA:222,528
DA:224,528
DA:225,1437
DA:226,1437
DA:228,1437
DA:229,1437
DA:230,5567
FN:235,Random.RegisterParams
FNDA:0,Random.RegisterParams
DA:240,0
DA:241,0
DA:242,0
DA:243,0
DA:245,0
FN:248,Random.DeregisterParams
FNDA:0,Random.DeregisterParams
DA:253,0
DA:254,0
DA:255,0
FN:262,Random.wrap
FNDA:0,Random.wrap
DA:265,0
FN:268,Random.unwrap
FNDA:56295,Random.unwrap
DA:271,56295
FNF:23
FNH:17
LF:56
LH:41
BRF:0
BRH:0
end_of_record
TN:
SF:src/test/utils/SingleItemArrayLib.sol
FN:12,SingleItemArrayLib.toArrayU16
FNDA:529,SingleItemArrayLib.toArrayU16
DA:15,529
DA:16,529
FN:19,SingleItemArrayLib.toArrayU32
FNDA:4180,SingleItemArrayLib.toArrayU32
DA:22,4180
DA:23,4180
FN:26,SingleItemArrayLib.toArrayU64
FNDA:6553,SingleItemArrayLib.toArrayU64
DA:29,6553
DA:30,6553
FN:33,SingleItemArrayLib.toArrayU256
FNDA:15573,SingleItemArrayLib.toArrayU256
DA:36,15573
DA:37,15573
FN:41,SingleItemArrayLib.toArrayU16
FNDA:0,SingleItemArrayLib.toArrayU16
DA:45,0
DA:46,0
DA:47,0
FN:51,SingleItemArrayLib.toArrayU32
FNDA:0,SingleItemArrayLib.toArrayU32
DA:55,0
DA:56,0
DA:57,0
FN:61,SingleItemArrayLib.toArrayU64
FNDA:264,SingleItemArrayLib.toArrayU64
DA:65,264
DA:66,264
DA:67,1173
FN:71,SingleItemArrayLib.toArrayU256
FNDA:0,SingleItemArrayLib.toArrayU256
DA:75,0
DA:76,0
DA:77,0
FN:85,SingleItemArrayLib.toArray
FNDA:264,SingleItemArrayLib.toArray
DA:88,264
DA:89,264
FN:92,SingleItemArrayLib.toArray
FNDA:21351,SingleItemArrayLib.toArray
DA:95,21351
DA:96,21351
FN:99,SingleItemArrayLib.toArray
FNDA:1063,SingleItemArrayLib.toArray
DA:102,1063
DA:103,1063
FN:106,SingleItemArrayLib.toArray
FNDA:1397,SingleItemArrayLib.toArray
DA:109,1397
DA:110,1397
FN:113,SingleItemArrayLib.toArray
FNDA:4207,SingleItemArrayLib.toArray
DA:116,4207
DA:117,4207
FNF:13
FNH:10
LF:30
LH:21
BRF:0
BRH:0
end_of_record
